*** Life<FredkinCell> 9x9 ***

Generation = 0, Population = 3.
---------
---------
---------
---------
---000---
---------
---------
---------
---------

Generation = 1, Population = 10.
---------
---------
---------
---000---
--01-10--
---000---
---------
---------
---------

Generation = 2, Population = 12.
---------
---------
---000---
---------
-012-210-
---------
---000---
---------
---------

Generation = 3, Population = 30.
---------
---000---
--01-10--
-00-0-00-
01-3-3-10
-00-0-00-
--01-10--
---000---
---------

*** Life<FredkinCell> 10x10 ***

Generation = 0, Population = 4.
----------
----------
----------
----------
----00----
----00----
----------
----------
----------
----------

Generation = 1, Population = 8.
----------
----------
----------
----00----
---0--0---
---0--0---
----00----
----------
----------
----------

Generation = 2, Population = 16.
----------
----------
----00----
----11----
--01--10--
--01--10--
----11----
----00----
----------
----------

Generation = 3, Population = 16.
----------
----00----
---0--0---
--0----0--
-0------0-
-0------0-
--0----0--
---0--0---
----00----
----------

*** Life<FredkinCell> 100x100 ***

Generation = 0, Population = 397.
-----0----0--0--0---------0-----------------------------------------------------------0-------------
------------------------0-------------------------------------------------------0--------------0----
------------------------------------------------------------------0----------------0----0-----------
----------------------------------------------0----------------------------------------0--------00--
-------------------------0-0------------------0-----------------------------------------------------
---00-----------0-0-----0--------------------------------------------------0--0-----------------0--0
-------0------------------0----0---------0-------------0----0---------0-----------------------0-----
------------------------0-----0-------------------------0-------------------------------------------
-------------------------0--------------------------------------------------------------------------
-------0------0---------------------------------0-----------------------------------0---------------
------------0------------------------------00----------------------------------------------0-------0
---------------------0----0------------0------------------------------------------------------------
------------------------------------0-----------------------------------0-------------------0-------
----------0--------------------0---0-------------------------------------0--------0-----------------
---0--------------0-----------------------------0-0--------0---0---------00-------------------------
--------------------------------------0--------0-0----0--------------0---0-0------------------------
---0-----0----0------------------------------------------------------------0-----------------0------
00-----------------------------------------------------------------0----0--------------------------0
---------------------------0----------------------------------0-------------------------------------
--------0-------------0----------------------------------------------------------0------------------
-----------------0----------------------------------------------0-0-----------0---------0-----------
---------------------------------------0------------------------------------------------------------
----------------------------0----------------------------------------0--0---------------------------
----------------------------------------------------------0-----------0-----------------------------
---0-----------------------0------------------------------------------------------------0-----------
---0------------------------------------------------------------------------------------------------
------------------------------------------0----------------0----------------------------------------
--0-----0-----------------------------0---0-----0---------------------------------------------------
--0------0---------------------------0--------------------------------------------------------------
---------------------------------------------------------------0------------------------------------
--------0---------------------------------0-------------------------------------------------------0-
------0---------------------------------------0----------------------------------0------------------
------------------------------------------0----0----------0--------------------------0--------------
------------------------------------------------------------------------------------0---------------
---------------------------0-------------------------0----------------------------------------------
--------------------------------------0----------------------0---0------------------------0---------
------------0---------0--------0----------------0----------------00---------------------------------
-----------------0-----------------------------------------0------------------------------0---------
------------------------------0--------------------------------0----------0-------------------------
-------------0----------------------------0---------------------------0------------------------0----
-----------------------------0-----------0-----------0------------0-----------------0------------0--
-----00--------------0----------------------------------------------------------------0-----00----0-
-------------------------------0---------0-----------------0----------------------------------------
--0---------0-0-------0------------0-----------------------0--0----------------------------0--------
------------------0----------0---------------------------0------------------------------------------
---------------------------------0----------------------------------------------0-----0-------------
---------0--0--------0------------------0-----------------------------------------------------------
------0----0-0---------0---------------0------------------------------------------------------------
-----------------------------------------------------0-----------------0---------0---0---------0----
----------0---------------------------------------------------------------------------0-------------
------------0-------------------0---------------------------------------------0----------------0----
---------------------------------0----0-------------------0-----------------------------------------
-------0-------------------------------0------------------------------------------------------------
--------------------------------0----------------------------------0---------------0-----0----------
----------------------------0---0---------------0------------------------------------------0--------
-----0---0----------------------------------0--------------0----0----------------0------------------
-------0----------------0------------------------00--------0----------------------------------------
---------------0---------------------------0-------0--------------------0----------------0----------
-----------------------------------------------------------0-0----------------------0---------------
----00----------------------------------------------------------0-----------------------------0-0---
--------------------0--------------0---0----------------0-------------------------------------------
-----------------------------------------------------------------------------0----------------------
----------------------------0---0-------0---------------------------0------------0------------------
-----------------------------------0------------0--------------------------------0------------------
0-------0---0----------------------------------------0-----0-----------------0----------------------
-------------------------0-----------------------------0--------------------------------------------
----------------------------------------0-----------------0-----------------------------------------
----0----------0---------------------------------0---------------0----------------------------------
----------------------------------------------------0-------------------0---------------------------
---------0---------0------------------------------------------------0-------------------------------
------------------0-----------------0--------------------------0--0----0----------0-------------0---
-------------------------0--------------------------------------------0----------------------00-0---
------00--0-----------------0-----0-----------------------------------------------------------------
0----------------0-------------------------------------------0------------------0------0----0--0----
--------0------0-----0--------0-------------------0--0----0--------------------------00-------------
----0--------0-----------------------------------------------------0------------------0-------------
--------------------------------------------------------------------0-------------------------------
--0-0----------0-------0------0-------------0---------------------0---------------------------------
------------------------------------------------------------0------------------0--------------------
-----------------0----0-----------------------------------0--------0--------------------------0-----
------0------------------------------------------------0--------------------------0--0----0---------
------------------------0--0-------------0---0-----------0------0-------------------------------0---
------------------------------------0---------------------0-------------0-----------0---------------
-----0---------------------------------------------0------------------------------------------------
----------------0-------0-------------------------0--0------------------------0---------------------
----------------------------------------------------0------------0-------------------------0--------
-----------0-----------------------------------------------------------------0----------------------
-0----------0---0--0--------0-------------------------------------------0------0--------------------
-------------------------0------------------------------0---------------0---------------------------
--------------------------------------0-------------------------------------------------------------
-----------------------------------------------------0-----------------0---------------0------------
------------0-------------0-----------0-------------------------------------0-----------------------
------------------------------0--------------0--------------------------------------------0--0------
-----------------------0--------------0----------------0------------------------------------0-------
---------------------------0------0----0------0---0-----------------------------0-------------------
----0--------------------------0---0---------------------------0-0---------------------0------------
-------------------------------------------0-------0------------------0----------0------------------
---------------------0--------------------------------------------------------------0-------0-------
-----------0--------------------------------------0-------0--------------------------------------0--
----------------------------------------------------------------------------------------------------

Generation = 1, Population = 1386.
----0-0--0-00-00-0------00-0----------------------------------------------------0----0-0-------0----
-----0----0--0--0------0-00---------------------------------------0------------0-0-0--0-0-----0-0---
------------------------0---------------------0------------------0-0------------0-0-0----0-----000--
-------------------------0-0-----------------010------------------0----------------0--0--------0110-
---00-----------0-0---------0----------------010---------------------------0--0--------0---------0-0
--0110-0-------0---0---0--00---0---------0----0--------0----0---------0---0-00-0--------------00-00-
---00-0-0-------0-0------0-0----0-------0-0-----------0----0-0-------0-0---0--0--------------0-00--0
-------0---------------0--0--0-----------0---------------0--0---------0-----------------------0-----
-------0------0-----------0---0-----------------0-------0---------------------------0---------------
------0-0---00-0---------0-----------------00--0-0---------------------------------0-0-----0-------0
-------0---0-00------0----0------------0--0110--0-----------------------------------0-----0-0-----0-
------------0-------0-0--0-0--------0-0-0--00---------------------------0------------------00------0
----------0----------0----0----0-----0-0-------------------------------0----------0--------0-0------
---0-----0-0------0-----------0-0-0-------------0-0--------0---0---------1-------0-0--------0-------
--0-0-----0------0-0-----------0---0--0----------0-0--0---0-0-0-0----0--011-------0-----------------
---------0----0---0------------------0-0------0-0----0-0---0---0----0-0-01010----------------0------
000-0---0-0--0-0----------------------0--------0-0----0------------0-0--00010---------------0-0----0
1100-----0----0------------0----------------------------------0---0-0--0-0-0-----------------0----0-
00------0-------------0---0-0--------------------------------0-0---0----0--------0-----------------0
-------0-0-------0---0-0---0----------------------------------0-0-0-----------0-0-0-----0-----------
--------0-------0-0---0----------------0-----------------------0---0---------0-0-0-----0-0----------
-----------------0----------0---------0-0-----------------------0-0--0--0-----0---------0-----------
---------------------------0-0---------0------------------0---------0--0-0--------------------------
---0-----------------------00----------------------------0-0-----------00---------------0-----------
--010---------------------0-0-----------------------------0-----------0----------------0-0----------
--010----------------------0--------------0----------------0----------------------------0-----------
--00----0-----------------------------0--010----0---------0-0---------------------------------------
-010---0-------------------------------0-010---0-0---------0----------------------------------------
-010------0-------------------------0-----0-----0--------------0------------------------------------
--0-----00---------------------------0----0-------------------0-0---------------------------------0-
------00-0-------------------------------0-0--0----------------0-----------------0---------------0-0
-----0-00------------------------------------0------------0---------------------0-0--0------------0-
------0----------------------------------0-0----0--------0-0---------------------0----0-------------
---------------------------0--------------0----0-----0----0------------------------0----------------
--------------------------0-0---------0-------------0-0------0---0------------------0-----0---------
------------0---------0----0---0-----0-0--------0----0------0-0-01-----------------------0-0--------
-----------0-0---0---0-0------0-0-----0--------0-0---------0-0--0-10--------------------------------
------------0---0-0---0-------00----------------0---------0-0--0-00-------0--------------0-0--------
-------------0---0-----------0-0----------0----------------0--0-0-----0--0-0--------------0----0----
------------0-0--------------00------------0---------0---------0--0--0-0--0---------0---------0-00--
-----00------0-------0------0-0---------0-----------0-0----------0-0--0------------0-00-----00-00---
----0110------------0-0------0-0---------------------0-----0------0-----------------00-0---0110----0
--0--00-----0-0------00-------0-0--0----0-0---------------010-0-----------------------0----000----0-
-0-0-------0---0--0--0-0-----0-0--0-0----0---------------00100-0--------------------------0-0-------
--0---------0-0--0-0--0-----0-0--0-0--------------------0-00--0-----------------0-----0----0--------
---------0--0-----0--0-------0--0-0-----0----------------0---------------------0-0---0-0------------
------0-0-0---------0-00---------0-------0--------------------------------------0-----0-------------
-----0-0-00-0-0------00-0-------------0--------------0-----------------0---------0---0---------0----
------0---00-0---------0---------------0------------0-0---------------0-0-------0-0-0---------0-0---
---------0-00-------------------0--------------------0-----------------0------0--0-----0------------
----------00-0-----------------0------0-------------------0------------------0-0------0-------0-0---
-------0----0---------------------0--0-------------------0-0------------------0----------------0----
------0-0-----------------------00------0-----------------0--------0---------------0-----0----------
-------0--------------------0--010-----0--------0-----------------0-0-------------0-0---0-00--------
-----0---0-----------------0-0-010----------0--0-0---------0----0--0-------------0-0-----00-0-------
----0-000-0-------------0---0---0----------0-0--000-------010--0-0--------------0-0--------0--------
-----00-00-----0-------0-0-----------------00---011-------010---0-------0--------0-------0----------
-------0------0-0-------0-----------------0-0----0--0--------0---------0-0----------0---0-0---------
----00---------0---------------------------0-------0------0---0-0-------0----------0-0---0----0-0---
---0110-------------0--------------0---0----------------0--0-0-0-0------------------0--------0---0--
----00-------------0-0------------0-0-0-0--------------0-0------0------------0----------------0-0---
--------------------0-------0---0--0---00---------------0-----------0-------0-0--0------------------
---------------------------0-0-0-0-0---0-0------0------------------0-0-------0--010-----------------
0-------0---0---------------0---0-0-0---0------0-0---0-----0--------0--------0--010-----------------
-0-----0-0-0-0-----------0---------0------------0---0-00--0-0---------------0-0--0------------------
0-------0---0-----------0-0-------------0------------00-0-00-----------------0----------------------
----0----------0---------0-------------0-0-------0-----0-0-0-----0----------------------------------
---0-0--------0-0-----------------------0-------0-0-0-----0-----0-0-----0---------------------------
----0----0-----0---0-----------------------------0-0-0-----------0--0--0-0--------------------------
--------0-0---------0---------------0---------------0----------0--00-0-00---------0-------------0---
---------0-------0-------0---------0-0------------------------0-00-00---0--------0-0---------00010--
------00--0-------0-----0-0-0-----0-0--------------------------0--0--0------------0---------011-10--
0----01100-0-----0-------0-0-0---0-0-------------------------0--------0---------0------0----00000---
-0----000-0----00-0--0------0-0---0---------------0--0----0-0-0----------------0-0---0--0--0-00-0---
0---0--0-0---00-00--0-0------0-0-----------------0-00-0--0-0-0-----0------------0---01------0--0----
---0-0--0---0-00-----0--------0-------------------0--0----0-------0-------------------10------------
--0----------0-0-------0------0-------------0---------------------0--0----------------0-------------
-0---0--------0-0-----0-0----0-0-----------0-0--------------0----0-00----------0--------------------
--0-0----------0-0----00------0-------------0-------------00-0----00----------0-0-------------0-----
------0---------0-0--0-0-------------------------------0-0-00-----0-0----------0--0--0----0--0-0----
-----0-0---------0----0-0--0-------------0---0--------0-000-----0--0-------------0-00-0--0-0--0-0---
------0----------------0-00-0-------0---0-0-0-0--------00------0-0------0---------0-00----0----0-0--
-----0------------------0--0-------0-0---0---0-----0-------0----0------0-0---------0-0----------0---
----0-0---------0-------0-----------0---------------00----0-------------0-----0-----0---------------
-----0---------0-0-----0-0-----------------------0----0----------0-----------0-0-----------0--------
-----------0----0-------0-------------------------00------------0-0----------00-----------0-0-------
-0--------0-----0--0--------0-----------------------0------------0------0---0-00-----------0--------
0-0----------0-0-00-0----0-0-0--------------------------0--------------010---00-0-------------------
-0----------0---0--0----0-0-0---------0----------------0-0-------------010-----0--------------------
-------------------------0-----------0-0-------------0--0--------------00--------------0------------
------------0-------------0-------------------------0-0---------------0-0---0---------0-0-----------
-----------0-0-----------0-0--0------0-0-----0-------0-----------------0---0-0---------0--0--0------
------------0----------0--0--0-0------------0-0--------0--------------------0------------0-0--0-----
----------------------0-0--0--0---0--0-------00---0---0-0-----------------------0---------00--------
----0------------------0--0-0--0-0------0----0-0-0-0---0-------0-0-------------0-0-----0----0-------
---0-0---------------------0--0-0---0--0---0--0---00----------0---0---0---------00----0-0-----------
----0----------------0---------0---0------0-0-----0-0----------0-0---0-0--------0-0-0--0----0-------
-----------0--------0-0--------------------0------00------0-----------0----------0-0-0-----0-0---0--
----------0-0--------0---------------------------0-0-----0-0------------------------0-------0---0-0-
-----------0--------------------------------------0-------0--------------------------------------0--

Generation = 2, Population = 1385.
---0-0-00-0110110-0-----1-0-0-------------------------------------0----------------00-0-------------
----------------------0---1-------------------0-------------------------------0---0----0-----0--1---
-----0----0--0--0--------000------------------1-----------------0---0------------0---0----0---------
---00-----------0-0-------------------------0---0--------------------------0--0-0----0---0----0-2-1-
-------0---------------0-000-0-0---------0--0---0------0----0-----0---0------------0----0-----0-----
-01--10-------0-0-0-0-0-0-1---0---------------1---------0----------------0--11--0------0------1-0-10
-----0---0--------------0--100---0-----0---0--0------0---00---0-----0---0-------------------0---1---
---00--1------0-0-0---0-0-1-0---0---------------0-----0---0----------------0--0-----0-----------0--0
-------1----0----------0--10---0---------0-00----------0----0---------0--------------------0--0----0
-----0---0--1---0----0--0-0---0--------0------0---0-----0-------------------------0---0-------------
----------0---1----------0----------0----01--10-------------------------0----------------0--10---0-0
-------0--0---0----0---00---0--0---0-0---0------0------------------------0--------0-0---------------
---0--------0-----0---------------0---0----00---0-0--------0---0------0--0----------------01--0----0
--------0---0--------0----0--0-------000-------0-0----0--------------0-0-2------0---0---------------
-0-0-0---0----0-0---0---------------0---------0-0-0-0----0-------0-----0----0---------------00------
00--------0--------------------0---00---0----0-0-0-00---0---------------1--2-0----0----------------0
-1-0-0-0---00---0-0--------0--------------------0-0--------0--00----------1--0-------------0---0----
2-11----0-------------0---------------0--------0-0----0----------0----0--101-----0---------------0-0
---0-----0----0--0-------0---0------------------------------0-----0--------0--0---------0----0------
00----0---0---------0---0--------------0---------------------------0----0------0---0---------------0
---------------0---0-------00-----------------------------------0-0-00--0---0---0-----0---0---------
--------0-------------0--------------0---0----------------0-----------0----------0------------------
---0-------------0--------01--0---------------------------------0-00--01--0---0---------------------
---1-----------------------------------0----------------0---0-------0---1---------------------------
-0---0-------------------0--10------------0----------------0---------0--0-------------0---0---------
-01--0--0-----------------------------0---1-----0---------0-----------0-----------------------------
--11-----0-----------------0---------0--0---0------------0---0--------------------------0-----------
0--10-0---0-------------------------0-------0-0---0------------0------------------------------------
0---0--00--0-----------------------0---0-------------------0--------------------------------------0-
--1---0-1-----------------------------0---1---0-0------------0---0---------------0------------------
--0---1--10--------------------------0--0-0-0--0----------0--------------------------0----------0---
----0---1-----------------------------------0---0--------------0---------------0---00---------------
--------0------------------0------------0-0-00---0---0--0---0----------------------0---0----------0-
------0-------------------------------0-------0--------------0---0---------------00---0---0---------
------------0---------0--0---0-0----------0----00--0---0--0------10------------------0--------------
-----------------0------------------0---0--------------------------0----------------0---0-0-0-------
----------0---0-----0---0--0-01--0------------0---0--0----------1--10-----0-------------------------
-------------0-0---0------------------0---0--------------0-------1----0-----------------0-0-0--0----
------------0---------0-----01-10--------0------0----0-------0----------0---0-------0------------0--
-----00----0---0-0---0------------------0---0--------------0--------0---0-------------0---0-0----10-
---------------------------0--1--------0-0-0-------0---0---0---00---0-----0-------0---1--------1---0
--001--10---000----0--10-----------0------0----------------1--0-------0-------------1---0-0---1-0---
------------------0----------0---0-----0-0-0---------0-------0----0-----------------0------------0--
0---000---0-0-0-0---01--0------------0-------------------1--11--0---------------0--------0--1-----0-
---------0--1---0---00-----0------------00-------------0--------------------------------------------
--0---0----0100-------00-------0-------0-------------------0--0---------------0---0-0---0--0--------
-------0--10--0---00---1-----0--------0---0----------0---0-------------0---------0---0---------0----
----0---0110-0-0-----1---0-------0---0---0--------------------------------------0-------------------
---------0-----------0----------0-------0----------0---0-------------0---0----00-------0-----0-0-0--
------0-0--110---------0---------0----00------------------0-------------------------0---0-----------
-------0--1---0---------------0---0----0-------------0-----------------0----0---00---0-------0-0-0--
----------0--------------------00--00---0---------------0---0------0---------------0--0--0----------
-----0---0--0---------------0--------0---0------0-----------------------------0------------0---0----
-----0---0--------------------0--10---0-----0-------------00----00---0---------------0-0---1--------
------------------------0-0-------0----0------0--1---------1-----------------------------1---0------
---0-------0---0----------------1---------01--0----0-----0---00---00----0------0--------------------
-----1---1------------0---0-0---0--------------0---00----0-2------------------------0------0--------
----0----0---0---0-----------------------0--10---1---0-----0----------0---0------0-----0---0--0-0---
-------0------------0---0----------0---0---------00-----00---0-0------------------0---0-------------
--01--10-------0---------------------------0-------0----------0---0-----0----0-----------0--0-0-0-0-
------------------0---0-----0---00------10------------0---00-0------0------------0--0---------------
----00-----------------------------1------------0---------------0----------0---0-1------------0-0---
0-------0---0-------0-----0-------01--01--0----------0--0--0------0---0------1-0---0----------------
-------------------------0-------0---0--------0---0----0---------------------1-0---0----------------
0-0---0-------0-------------0---0------------------0---1-01--0------0------0---0-1------------------
----0----------0-------0---0-------0------------00---1---0-------0---------------0------------------
0-------0---0-------------------------0---0---------00--0--10-----------0----0----------------------
--0---0--0---0---0-0-----0---------------------0---0---0-------0---00-------------------------------
------------------0-----------------0---0---------0---0---0----0--0---01--0-------0-------------0---
----0--0---0---0-0---0---0-----------------------0---------------01--------------------------00-1---
------00--0-----0---0-------0---------0-------------0--------0--11--10--10------0---0---------1---0-
0--------0-------0-0---0---0---------------------------------0----------0-------0------0---0--2-2-0-
----01--11--0--0--0--0----0-----0-----------------0--0----0----0--0----0----------0--00---------1---
0-0-0--------0-1---0-----0---------------------------------0---0---0--0-------0---0--10--00-----10--
-------1-----1---1-0---0--------0-0-------------0--11--00---0-------0--------------01--00-----------
0---0-0----0-----0-----0------1-------------0----------------0---01--0----------0---0--10---0--0----
--------0------1-----0--------1-------------------0--0----0-0-----1---0--------0-----01-------------
0-0---0--------------01--0--0---0---------0---0-----------0-----0---1-----------------0-------0-----
------0------------------------------------------------0--1---0-----0--------0---00--0----0---------
--0-0--------------00--1---0--0----------0--00----------01--1---001--0----------------------0-------
----0---0---------------------------0----------------0---11-0-----------0------00--1---00---0-------
-----0-----------0-------11--0---------0-------0---0---1--00--0---00------------------------------0-
------0---------0-------1---------0---0-----------0--0-00---0---------0---0---0------10---0---------
---0---0----------------1--0-------------0---0---0--11---0------00-------------------------0----0---
-----------0--0---0---0---0---------0-----------0--00--0--0-------------0---01--0---0---------------
-0---0------0---1--0--------0---------------------11--0--------0---0----0------0---------0---0------
---------0---0--1-------00------------------------0--0--0---------------1--0--11--------------------
---0------0------11--0----0---0-------0-------------0------------0----0---0--1---0---------0--------
-----------0-----------0---0-------------------------00---0-----------01--0--0---------0------------
-0--------------0--0------0-0-------0-0-0-------------------------------1---0--0--------------------
-------------------------0----0--------------0-----0---00------------0--10-----------0---00--0------
----------0---0--------00---0-------0---0--------------0------------------0---0-------------0-------
---------------------------00---0-0----0---0--10--0--0-----------------0--------0------00--10--0----
----0-------0--------0---00----0---00-0-0------------0---0-----0-0----------0----------0--1---0-----
-------------------------0---00-0---00---0-001-----10-----------------0-------0--10-------0--0------
--0---0--------------0-0-----0-------00----------------0-----0-0-0-0----------------00---0----------
-----------0---------------0------0----0-0---00--0---0----0---------0---0------01--0-------------0--
----0--------------0---0-------0---0---------------------------0-0----------------0---00--0---0-----
---------0---0-----------------------------0----0--10---0---0---------0----------0-------------0---0
---------------------0--------------------------------------------------------------0-------0-------

Generation = 3, Population = 3605.
--0----11-1-----1--0--00--1--0----------------0------------------0-0----------0----11--------0--0---
---0---00--00-00--0--0-00---0----------------010----------------0-0-0--------0-0----00--0-0-0-00-0--
---0--0--0-00-00100---0-01110---------------00200--------------0-0-0-0-----0--------0100---0-00---0-
--011--0--0--0-01--0---0-----0-0---------0-0101010-----0----0---0-0-0-0---0-00-----0010------01----0
-00000--0-----0-----0---0111--0-0-------0-00101010----0----0-0---0-0-0-0-0-0000---0-00-------0-0---0
01211-1--0---0---------0102000---0-----0-0-000200----0----0-0-0---0-0-0---002200-0-0--0-----002-1-21
-000-1-00-0---------0--0-00211----0---0-0-0-00100---0----1-0-0-0---0-0-0---0000-0---0--0---0-000-00-
--011-0200--00-----0-0-01-2-1----------0-0--0-00-0--------100-0-----0-0-0-0-00-0---0-0-----00-001001
---0000200-0100---0--0--0021-----------00--1100-0-0-------00-0-------0-0---0--0---0-0-0---0-00-00-01
----0-000--02000-0--0-0--01--0------0-0-0-000-10-0-0-----0--0---------0-0--------0-0-0-0-0-0000--0--
-----0-0--1000200--0-0-00---0-00-------00-2112-00-0-----0--------------0------------0-0-0-00210-0---
---0--0-00100010----0-011--0-00-0---0---01-00000100--------0---0------0--10------0---0---000000--0--
--0-0--00-00100--0---0-00-0-00-0-0---01--00110--10-0--0---0-0-0-0-------0-0-----0-0------01200-0--0-
-0---0-0---0100-0-0---0--0-00-0---0--1110--00-----0-00-0-0-0---0-0--0-01-30-0--0-0-0-0----00000----0
-1----0-----00---0-0------0--0-0----1-000----------0100---0-----0-0--001-1------0-0-0------0110----0
110----0----0-0---0-0------0--0-0-01-0-0-0--0-0----1-0-0---0--00-0-------1--010--0-0-------000-0--0-
0201-------110-0---0--0---0-0--0---00-0-0----0-0----0-0-0-0-001100----0-0-21010--00-------0-0-0-00--
-12200-----00-0-000--0-0-0-0-0-------0-0------0-0----0-0---00-000----0-0021-000-0-0-----0--0-0-00---
-0-10-0------0-00-0-0-0---0-0-0-------00-------0-0----0----0-0--------0-00-100---0-0---0-0--0-0--0--
1100-0-0---0--00-0---0-0---000--------0-0-------------------0---0-0--0-010-00-----0-0-0-0-0--0----0-
00----0-0-0---0-0-0---0-0-0110-------0-0-0----------------0----0---011-010-0-0-----0-0-0-0-0-------0
---0---0-0-----0-0-0-0-0--0-0-0-----0-0-0-0--------------0-0-------00-1-0-0-0-0---0---0---0---------
--010---0-------0-0---0--01200-0-----0-0-0--------------0-0-0--0--11-0-2-0-0-0-0-0------------------
-00200-----------0-------000000-------0-0-0------------0-0---0--0-0---0-200---0-------0---0---------
01-1010-0---------------0-00210-------00-010----0-------0--------------010-----------0-0-0-0--------
0---0100-----------------0-000---------000200--0-0-----------0---------00-------------0-0-0---------
0----00-------------------0-0----------0-010100-0-0-----0---0-00------0----------------0-0----------
10------0------------------0-----------00--01--0-0-0-----0-0-00-0-----------------------0---------0-
101-1001-0--0---------------------0-----0-0-0---0-0-------0-00-0-0---------------0---------------0-0
002000102-00-----------------------0----002000-0-0--------000-0-0-0-------------0-0--0----------0-0-
-01000200210------------------------0--0--1-10--0--------0-0-0-0-0-------------0-0-0--0--------0-0--
--00-0002-0----------------0---------0-----0---------0--0-0-0-0-0-------------0-0-0-1--0--------0-0-
----0-0010----------------0-0---------00-----1----0-0-00-0-0---0-0-------------0-0-1----0-0------0-0
-----0-00---0---------0--0-0-0-0-----0-00---0---00-0-0-00-0---0-01--------------011------0-0------0-
------0----0-0---0---0-00-0-0---0---0-0-00-0---1100-0-0-00-0-0--0-1--------------00-----0---0-------
----------0-0-0-0-0-0-0-00-0--00-0-0-0-0-00---000-00-0-0--0-----01-1------0--------0---0-----0------
---------0-0-----0---0-0-00--1200-0-0-0-0-0--0-0-0-00-0--0-----0--1-100--0-0--------0----------0----
----------0---0-0-0---0-0--00-0000---0-0---0--0-0-0-----0-0--0----0000-00-0-0-------0--0-----00-00--
-----00----------0-0---0---012-210----0-----0--0-0--0-0--0-00-0--0--0-0010-0-0-----0-00-0------001--
----0110--0---0---0-0------000000--------0---0--0--0-0-0--0100-00--010-0100-0-----0-0010-0---0-00-1-
--0000000--00000-0-0-000--0-00-0---0--0-0-0-------0-0-0-0-0-0--110-0100-00-0-----0-000200---0----0--
-01-211210-01-10----00210--0-00--00-0----0-0-------0-0-0--020---0-0-00-0--0-------002000---0-1-0---0
0-00-0000-0--0--00--00000---0-0-0-00-00---0-0-------0-0--0-1-1--00-0--0---------0--010--000-0-0-----
-0-01-10----1---1000--00-0-0-0---0--0-000--0---------0-00-012-00-00------------0-0--0---0-00-0-----0
0-0-00--0------010-0---00-0-0--0-----0--110-----------0-00-0000-0-------------0-0-0-0---00-00-----0-
-0-0-0---0--2--00-000-1-0--0-00-0--------00----------0-0-00-00-0-------0-----0-0-------0-00-0--0----
--0-0------1-01--01100-200--0-00-0---------0--------0-0-0-00--0-------0-0-----0-------0-0--0--0-0---
---0-0--122---0-0-0002000-0--0----0-0--------------0-0-0-0-----------0-0-0----0------0-0-----0---0--
----0-0-01--0--0----0100-0-----0-0---00-----------0-0-0-0-0---------0-0-0-0--011----0-0-----0-----0-
-----0-0---2-1-------00-0-----0------01------------0-0-0-0-0---------0-0-0--0-0000-0-----0----------
---------02-0--0-------0-----0--0---0--1------------0-0-0-0-0------0--0-0--0-0-01100----00--0-----0-
-----0-0--100-0-------------0--110-11-----------0----0-0-0-0-0----0-0--0----0-0-000-0--00-00-0---0--
----010-01-0-0-------------0-0000000------0-0--0-0------0-000---00-0-0-------0-0---0-000-0010-0-0---
----010-010-0-----------0-0-00-012-0-----0-0-00-00-------01-0--0110-0-0-------0-----0---000200-0----
---0-0---0-0---0-------0---0--0-1-10----0-0000100-00-----0-2000-0000-0--0------0-----0-00-000-0-----
--0-00---00-0-0-0-----0-0---0--0200----0-012001--001----010-0110-0110--0-0----0-0---0----0-0-0------
---0--0-0200-0-0-0---0-0-0---0-010-------00000--011-1---01-3000---00--0-0-0----0-0-0-0-0--010-0-0---
---0---0010-0-0-0-0-0-0-0-0-0---0--0---00-00210002-0--0-0-0100-0-----0-0-0-0----0---0---0-0100---0--
--000--100---0-0-0-0-0-0-0--------0-0-0-00-000--0-1--0-011000-0-0-0---0-0-0--0-----0-0---0-00-----0-
-012112-0-----0-0-0-0-0-0---0---00-0---0000-0----0--0-0-0000-0---0-00--0-0--0-0--00-0-0-0-00-------0
--000000-------0-0-0-0-0---0-0-01100---02100----0--0-0-0-011----0-00-0--0--0-0-00100-0---0--0-----0-
0--0110-0---0-----0-0-0---0-0---00-20-00000----0-0---00-0-0--0-0-00-0-0---0-0001-2000--------0---0--
-0--00-0-0-0-0-----0-0-----0------1-0-1200-0--0-0-0-0-0--00-0---00-0-0-0---002--01010---------0-0---
--0---0-0---0-0-----0---0---0------00--0--0--0-0-0---001-000-0----0-0-0----002--01010---------------
---000-0-----0---------0-0---0-0---0-0--------0-00--0002--200-0--0-0-0----0-0001-200----------------
--00-00-0---0---0-----0-0-0-----0-0-0-0---0----01100-200-1-000--0-0-0---0--0-0-0010-----------------
-00-0-00---0---0-0-0---0-0-0-------0-0-0-0-0---000--1-0---0210-0-0-00--0-0--0-0--0------------------
00-0-0-0--0---0-0-0-0---0-0---------0-0-0-0---0-0----0----000-010--110000-0--0----0-------------0---
--0-0-00-0-0-0-0-0---0-------------0-0-0-0-----0-----0---0-0--010-1-001200-0-----0-0---------00010--
---0-0-10---0-0-0-----0-0-0-0-------0-0-0-------0---0-0---0--0-0---00000000-----0-0-0-------01--200-
0---001-0--------0-----0-0---0-------0-0---------0-0-0------01002--02100-10----010-0-0-0---0---0-010
-0--0000-1--0--0--0--00-0-------0-----0-----------0-00----0-0100000-00--1------0100-00--0-0-013-3-10
--00-2112-00--010--00-00-------0-0---------------0-00-0--0---00100------------0-00100----000--00--0-
----1--000---1-200-100-00---------0-------------0-0000-00-----010----0-------0-0-01------110---0-10-
--0-----0--0020002-10-0100----00---0--------0--0-002200110-----0-00---0-------0-0--1------0-0--000--
-0-0----0-0-00-00100-0010----0200-0--------0-0--0-0000-00-0-0-0-01-0-------------0--1----0-0-00-0---
--0-0--0-0-0--0-00--01-0-0--00200---------0-0-0--0-00-0--01-----0-200--0------0------1--0---0-00----
---0-0100------0----0-200-00-000-0-------0-0-0-0--0--0-0-0-00-00-000200------0-0-00--010--0--0-0----
0---0010-----------00000-0-00-0-0--------00-000-------0---2000-0-0001-------0-0-01100----0-00-0-----
-0--100-0---------01100-0-0-00-0----0---0-00110------0--1-0020001-20--0-0----0-00000-0-00-0010------
--001--0-0-------0-00--0-000-00----0-0-0-0--00-0---00-00---0100-00-0-0-0-0----01100-0-0110-010----0-
--------0---------0------2200-0---0-0---0-----0-0---0-02---100-0-0110-0-0-0---000--0-0000-0-0----0-0
---0-----------0-------02-00-0---0-0-0---0---0-0-----1--1-0--00-0000-0-0-0-0-0-0----0210-0------0-0-
--0-0---0--0--0-0-0---0020--0-----0-0-0-0-0-0-0-------0-----0--0110---0-0-0-000-0---000-----0--0-0--
-0-0-0-0--0--0-000---0-000--0------0-0---0---0-0--------0--0---000-0---010-0120--0-0-0---0-0-0--0---
0-0-0-0--0----0020--0-0-0000-0------0-----------00------0-0---0-0-0-0--0-0-000-1----0---0-0-0-0-----
-0-0-0--0-----002-00-0-011--0-0-------0----------01----0-0-----0-0-0--0020--0-2-00-------0-0-0------
--0-0--------0---2200-000----0-0-----0-0----------00-00-0-0-----0-0--01-101-02-00-0----0--0-0-------
-0-0--------0---0000-00-0-0---0-----0---0------------110-0-0-----0---0-2-010-100-0----0-0--0--------
0-0--------0---0-00-0--0---0-00----0-----0---0-----0-0000-0----------00-2-00--0-0----0-0-00--0------
-0--------0---0-0--0---0-----0-0------0-----0-0---0-0-0-10----------0-00-1--0-00----0-0-0110--0-----
---------0-0-0-0------011---100-0-00-0---0-0-000--00-001-------------0-00--0-0-00----0-0000-1--0----
----0-----0-0-0------0-000-1-0----------0-0-002100-00100-0-----0-0----0-0-0-0-00-0----0-10-2-0--0---
---0-0-----0-0------0-0-0-1-00--0--1-0-0----0000--00-10-0-0---0---0---00---0-00-000---01-02-0-------
--0-0-0-----0----------001--0-10-0----0----1-20---021--0-0---0-----0-0-0----00-0021000-0--100-------
-0-0-0-0---0--------0---00-001--0-0---1----00-0--0-0000-0-0-0---------0-0-----00000-110-0----0---0--
--0-0-0---0-0------0-0----0-00-0-0---0----0-01100-0-0-00-0-0-0-------0-0-0----0120---000-00---0-0-0-
---0-0---0-0-0----0-0-0-0--0--0-0---0--0-0-0-00-00-000--0-0-0-0---0-0-0-0------00----01100-0-0---0-0
----0---0-0-0-0----0-0-0-------0---0------0-0--0-00210-0-0-0-0-0-0---0-0--------0---0-00--0-0---0-0-
---------0---0------0-0--------------------0----0--00---0---0---------0----------0-0-0-----0-0-0---0

Generation = 4, Population = 1371.
-0----0-----1-1--0--0-1--0-0--0---------------1-------------------0---------------02----0-0---------
---10-----------0-1-0-------1----------------------------------------------00-0-0---1------0---11---
-----0-0--0--0--2--------------0---------0-------------0----0-0----------------0----1-11----0-1-----
------------------------0-----0-----------0-------0-----0--------------------------1-------001-----1
-----1----0--0--0----0-0-22--0-0----------1-------0-----------------------------------0-------------
1-------0---0---------0-2---1-------------------1----------------------0--1----10-0-0-------1----0--
---1-------00---------0----3--0----0-0-----011-----0----0--1----0---------0--------0----0-01------10
--------------------01------2-----0----1------1-----0-------1--------------------------0--------21--
---------------------1---1-2-0------0---------1-------------------------0-------------------1-------
----1------1----0-------0------0---0--------1-------0--------------------0-0--0-0-0-----0-------0--0
---0---10-------1-0-------0----1-------110-----1--1----0---00--0------0--00------------0------1--0--
-----------------0----1-20---------0--0----1---1-1----0-0------------0---2-0------------------------
---0-----0----1----------0------0-------0---------------------------0------00-----------0----1--0---
01----01-------------------1---0---0---2--------0------------------0-0--0----00-----0-0------------1
-------0----1-0-------0----0---------------0--0-----2-10---0--00---0-11------00------------1-------1
--------0------------00---0-------1----1--00-0----02-1----0------1---0-0-2---2-0-1------------------
-----0-0--0--1---00-----------------1---------------------------1-0----01-----10--------00--1----1--
-23-11----0--------------------0---0---1-----------------------1----0--1-3--1-----1------------1-0--
---2--------------1----0----1--0----------------0-0-------01---0--0--0--110-------------------------
----0-------0-----0-------0-----------1--------0-0----0---0----------10--1-1-0-------0--------------
---------0---01------0-----2--------------------------------0-0-----2-0---01------0-0---0---00------
00-1-------------------------------0-------0-----------------------1----1--------------------------0
------------------------0--3----0---------0----------------0--0--0--0----1--0-----------------------
--1-------------------0---------------1---1-----0-----0-------0---1-------1------0------------------
--0----0-0-------0-----0-------0-----0--------------------------0-0-----------0-----0---0---0-------
-------1-------------------------------1-----------------------0------------------------------------
--------0-------------------1---------0---2---1--------0-------1-----0--0-------------------------0-
2---0-------0---------------------0---0---1-2-------0-----0-----------0----------0------------------
2--0-11------0-------------0-----0-------01----0----------1--------------------------0--0-----------
---1-------------------------------------------------------1-------0----------------0---------------
----1-------0--------------0----------0---2---0------0-----1----------------------------------0---0-
--------3-1-------------------------------------0-0----------0---0-----------0-------0----0---------
--0------1--0---------0--------0-----01----0--0-0--0--1-------0--10--------------1-------0----------
-----------------0-----------------------------------------0---0----------------1-------0-0---------
--------0--------------1------00----------0------1-------1-----0----------0-----------------------0-
------0------0--------------------0-----------1----------0---0---2---00----------0----0-------00----
--------0-------0-0-------10-2-----0-----01-0--1----10----0--00---2--11-------------10-----------0--
-----00------0-----------------------------------------0-------0--------------------1-------011---0-
--------------------------01---3--0------0-----------0-------------0--1-------0---------------------
--0------0--0-1--0----0------------0----------0------------2-10--00-------1---------------0--------0
------------1-----0---1--0---1-1-0---0-------0--00------------0--10---1---------0-------1----0-----0
-12------10--------------0-------1-------------------------3--------------------0-1---1-00----1-000-
---------0--0--------1-----0--1----1-1--0----0---------0------------------0-------------------------
0-------0-00----2------1--0----0----------0------------1--1----1--1---0----------------0------------
--------------0-------0--0---0---0-------2-----------0-------1----0----0---------0--10---------0-0--
-----10---0----------0-------1-------0--------------------------------------0-----0-0-----1-10----0-
-----0--0---01--01-------1-----10---0----0--0--------------1------------------1----------------0----
-------0-33-0-10-0-1--1----0-----0----0----0--------------00--0----------------------------0--------
-------0----------0----------0---------0---------0-----------------0-------0-1---0---0---0-0-------0
------0-------0-----------------00---------------------------------0------------1-01--0--10---------
--------01--1---0----0----------1---1---0-------0-------------------------0-------1----------------0
-----10--0-1-0---------0-----0----0--0-0--0-0---------0----1--0-0----------------1------------------
---0---0---1------------0----------1-------0-----10--0-----1-----------0---------0---1---------0----
----------1----0------------1-------0------1-------0-----------1-------00------0-----000-1---1------
------------0-----------0---0-------0-------1-------0------3-1----------------0-----0--1------------
-0--1----1---0-------------------1----0-0-------0------0--1-1--10---1--------0-------0--------0-0---
---1---0---1----------------0------0---------10------0001------0------------------------------------
-----------0-------0------------1------1---------------0-----------00-------00-----0-0---0---1------
----------------------------------------1-------1------1-2-----0-0--0-----------00------0--1--------
01---2--1--------------------------1--------1---0----------10---0---1---------------------1-0-----0-
0------10---0---0--------------1---1---1---1-----00-01------0----------------1----------------------
---------------0---------0-----------------0-------0---0----------------00-------3-------0----------
------------------------0---0---0-------1---0-------------10-0--1-------0----3------10--------------
-----0---------0---------------0-------1----0----1--0-----------00-----------3-------0--------0-0---
--0-----0---0---0---0--------------1---0---------1--1--300-----0--------00-------3------------------
---------0---------0-0-------0---------------------1-------1--------1--------1----------------------
------------------0---------0---0-------0---0---------1-------01--0-1--1---------10-------------0---
1-------0--0-------0-----0---------0---------0--1----1-------0-------11----------0-----------00-1---
0-----110-0-0---------------0-----0-------------0----1--0--1--------1-------00----------------------
0----1-------0-0-0-----0-0-----------------------------0-----1--0-------1-------1------0----1--0----
--------1-----00-----00-------0-0-----------------0--1-----0--1-------1----0--0------1------0-------
-------------0-1-----1-------0-------------------0---------------110------0-----------0--01-1----02-
--11--2---11--1---------0-----0-0-----0-------------1---------------0---0---------------------------
---------1---2-3---2-1-1------0-------------0------------0-------00-0-------0------00---0-------1--0
----0------11----302-----10-------0-0---------0--1-------1--0-01--1----0-------0-0-------01-----1---
0-------10------------1--0--------------------------------1----0---1--00----------0-------0--1--1---
-------1--0-----------------1-----0--------------------0--------1-------0---------0--2----0---------
0-----2-1--0-----0------1-1-------0-----01---1--0--------1---01-0-----1---------0------1----0--10---
--------0------0-----1--------1-----0-------------0--0--0-------0-------0--0-------1100-------------
----21------------1--1----1------------------------0--0-------11---1---0--------------0---1-------0-
--1-------0-----0-------0-------------------------01-0-----1--------0------------1-------1----0-----
--0-0----------0----0-------1-10-----0---0--00---0--10------11---12-1----------------------01-------
-----------0--------------------0-------0-------------0-----0-1-----0-------01-10-------0-----------
---------0--0---10-0--1-----1------------------0-------0--0--------0----1------0--------------0-----
------0-----0------------1--1-----------------0--0----0010--------------2-0----------1----0---------
------------------------1--1----------0--0---0--1-------10---0--1----0-----------------0-------00---
-------0-------1--------------------0----------------0----0------------131-------1--0--0------------
-0------0------00---1--11-0-----0-----0------------1----------------0------0-------0----------------
----------------1----1--1----01--------------0----0-02------0-------0-------0-1-----------0--0------
-----------------------1----------0---0---0---------0--1---------0-------------------------00-------
-----------0---------------0------0----0------1--01------1---------0-------0-0--0--0-------1--------
-0--0---0---0------0--1-----2-10--11------0--------------------0-0-------------11------1------------
-------------------------10-------0------0-0-----1-1----0-------------1-1--------1----1--1----0--0--
-------------------0-0-----0------0---0---0--------1-------0------------------------0---0---1---0---
-----------0-----------1------21---0--1---02--1------00---0------------1----1-------1--1---------0--
0-------0---0-------------01---0---0--20-------------------0-0-----0-0------0------0-------0--------
------------------------------0--------0-----2---------1----------0-------0--0-------1----1--0------
-----------------0-----0-0------------0----------------0------------------------1-----------0---0---
-------0---0---0-----------0------0----0------------------0---0-----------------1------------0---0-0
----0----------------0---------0---0---------------------------0-0------------------0--0----0-------

Generation = 5, Population = 3553.
0-0000-1---1---1---01--01----0-0-------------0-0-----------------0-0-------00-0-0013---0-------00---
-0021-00--0-000010--100--0---000---------0----1--------0----0-0---0-------011--0-00-20000------220--
---0----00-00-00300-0---0---0---0-------0---------0---0----0---0-----------00-------2-220--010--0--0
-------0-------------0----0----0----------10-----010-----0--0-0----------------0--0----0--0112----1-
0---0-0-00-0--00-0--0-0--331--0-0--------020----1010----0--------------0--0----00-0000-0---0-0---0-0
-1-1-1-0-00-1---0-----10--2---00---0-0----0000-0-000----0--0----0-----0-0020--021--0-00-0-0--0--1--1
0-0-0---0-01-0------0-100-0-11-0------00--01-2--0-0----0-10----0-0-----0-010---00---------12----1021
---1-------00------01----0-0--0--0--000-0--00-20-----0--0----0--0-------0-0--------0--0---000--032-1
----0------0----0----20-----0-00--0--0-0----1020------------0----------0---0--0-0-0----00--0-0---0-1
-----0-00-0-2--0100--0-0--10-0010-0----000-0-010--00-0-0---00--0------0--10-00-----0-----0--0-00--0-
--0---0210-0---020-0--0----0--020------2-1211-020--00-----01100-0------00110--0-0-0---0------1-0--00
-------000----1------0--3------00-0-00---10-0-02-----0-0-0-00--0--------0301-----------00----00-00--
000-0-000-0--0-0-0----0--100-----0----1--0-1---010----0-0------------0--000-1-0-----0-00-0--0-00-0-0
1200-01-00--1---------0--0020-0---0-0-1----0--00-0--0-00---0--00--0101-1-3-0---0---0---00--0-0--0-02
01-----1---0---0------10---10--0--00-------10--00-0--0210---00110001-22-01--01---0--0-0---0-1-----02
-----0-0-00-000--00-01-0-0-------0-10-0-001------0130--0-0----00---001011-0-03-1--0-----00-00----0-0
-20--1---0111-0-0110-00---0----0--0--0----00-0----00-0----0------0-0000120--0-2-000----01100-0-0020-
23422-00-010-0---0-----0----0-010-0---0-0-------0-0-------00--02---0--02-4-1-000-0-0----00--0-0--10-
-0--00----0-0----020--0-0-00-0010--0--00---------0-0--0--0-20-0100-0-1--2-1-00----0--0---------0-0--
-----0---0-0--0--010-0-0-0--0--0-----0-0------0-0----0-0-01-0-00--0----0-2-2--0---0---0-0---00------
00-00---0-0--120--0-0-0-----1------0--0----0---0-0----0---00---0-----1101-1-00---0-----0-0-0110----0
11--0----0---00------0--0-------0-0-0-------0--------------00----00-0-10--000-----0-0---0---00----0-
0001------------------00-01-0--0-0-0--0--01-----0-----0---0-00100----0-----0-0---0-----------------0
-022---0-0-------0---0--0--0---00------0-020---0-0---0-0---0-0100-200------00-0-0-0-0---0---0-------
-111--01--0-----0-0-----0-----0-0---0--0--1-----0-----0-------0---10------0--0-0-0-0-0-0-0-0-0------
--1---02-0-------0-----0----0--0-----0--0-2---0--------0------01--0--0--0-----0-----0---0---0-----0-
0---0----0--0--------------0-0----0--01--03010-0----0-0-0-0---020---0--0-0-------0---------------0-0
30----0-0--0---------------00------0-010-----000---0-0-0-010---0-------00-------0-0--0--0---------0-
30111221------0-----------0-0---0-----0-01-00-0-0---0----02--------0--0----------0----00-0----------
0-22-01-----00-------------------0----0--0----00-----0-----20-----0-0--------------0----0-----0---0-
-----0--0-10-0------------0-0--------0-0-0-0-0-00-0-0-0---0200---0-0---------0------00----0--0-0-0-0
--0-0--0-0-0----------0----0---0-----0----00---01----00----00---01----------0-0--0--1-0----0--0---0-
-0-0-------0-0---0---0-0------0-0---0120--0-01--10--00-0---0----0-10---------0----0--0----0---------
--0-----00--0---0-0---00------0------00---00--0-00-0--0--00-0--1010-------0----0-------0-0-0------0-
------00-0---0---0----0-0----0110-0------0-0--0-1-0-----0200-00101---00--0-0----00----0-0-0---00-0-0
-----0-0----0-0-0-0----0--00-000-0-------0--00---0--00--01--01-00---0--0--0-----0-0-0--0-----011000-
-----0-0-0-----0---0-----021--2-----0---012--0--0--02100---00-1----11--0---------0-0-1------00-00---
----01100---0-0-0-0----------0-0--00------0-0--0----0-0-0-0--0--0-00-0--------0----02------01-20---0
--0--00--0--000--0----0--0121-0-10------0-0---0-----0-00---0-000-0--00-0--0--0-0----0-----0-000---00
-0-0----0-001--00----010-000-0---0--00---0-----000---0----0--2-00--------0-0--0-0-------00-0-0----11
-0--------00200----0-020010-0----1000-0-----0--0110-----------111--0-0-0--0----0100---202-0-0---00-1
0230----1-10------0--02-0100-0000200----0-------00-----0--0-0-0--00---0---0----01--0-0---10-----1-1-
000------10--0--0---0-00-0--00---00---00-00-0-0-------010-01---0--0---0--0-0----0-0---0000----0-000-
-0-----0-011--00-0---1--0----0--00-0-0--0--0-0-------00201-1-10-0020-0----0------0--000-0------0-0--
0----00-0--0-0-01-------0---01000-0--0--1-----------0-00--0-0-00-010----0---0---0--0-100--0-000-----
----0-1000-0200-00--0-------020000----0-----0--------0-----0-0----0----0---0-00-----1----0--210----0
----01-----1-2--1-11-00-0-00-0021--0--0-0-0--0-------------20-0-------------00-0--0-0-----00000-0-0-
-----001144-1021010-02-0-00-00-0--0-00---00------0-------01-00-0---0-------0-00--0---0---0010--0---0
-------1010-0--0------0----00-0-0-------0--0----0-0-------00--0---010-----0---1----00---01010-----0-
-----0--00--11-00-0--0-------0-0-10-0--00-------00----------------010-----00-0-0-0-20--00-1---------
-----0-01-2---00-0--0-00-----0-02-00-----00-0--0-0----0----0--0-0--0-----0-0----1-2---0--00-------0-
---0021--1-20-0-0----00-----0-0-10-------0-0-0--000----0--0200---0-----0--0-----02---0---------0---0
--0-01--01-200-0---------0--00-------0-0---1----021-0-----020-000-----01-------0010-02-0-0---00-0---
---0---0-1--0-0-0----------020------10----02-----0---0-------00-1-----0-10------00--------0-0-00----
-0--0----000---0-------0-0-010---0-0100-0----0--0----0-0----0-0-0---0--00----------0-0-201---00-0---
0-0--0-00-00--0---------0-------2-0000---0--0010-0--00-1-1-1--1-10-1-0------0---------00-----0---0--
-00---0-020200-----0-------0-0--100-0-000---02100---11--210-0-01---0--------0------0-----0---00-0---
---0---0--010-----0-0-------0--0-0-0--0------10-0----0---0-------001-0-----0110-000---0---010-0-----
00---0--0--0-------0------------0--0-----0--0--020----02--000-0-0-0--0------00-01100-0-0-----0----0-
-21-1-2-20--0---0--------------0--020--00----0-01-0-00-0-002-0-----020-------0--00------00-0-0---0-0
1----002-0-0-0---0-------0----0-1-020-0-2-02-----1101200----10--0---0---00--0-0--1-------00-0-----0-
0------00---0-0-----------0-0--00--2---00-01-----0---00-0-0000--0------0-10-----0-0-00--0-0---------
-----0-----------------0---0-0---0-------0--10---0-00--0-021--002------01---040--1-12-0--0----0-0---
--0-0-0-0---0-0-----0---0---0-0----0--02---010--020010-10000-0---10------0--040--1---10------0---0--
-0-0-0-0---0-0---0-----------0-0--0-0-010---0---020-2004-120--0--0--0--0110-----0-0--0--------0-0---
--0-------0-0---0---0-0-------0-0--0---00---0----10---00010-0-0---0020-000--0-0---0-------------0---
0-------00-0-----0-0-0---0-0---0-0-0---0-0-0----0--0---0---2--1200--2---0----0--0-10---------00010--
20----0-10----------0---0-0-----0---0---0-----0020--02--0--00--1--0-122-----00--01----------011-20--
-0----2----0---0-0-0---0---0-0---0-----------0-010--020--00-0---0--0--1-0--0110-00-----0----00001---
10--0--1--0---01--0--0----0-0-0-0-0-------------0-0---0-----0--0-0--0-00-0-00000-0---00-0--0210-2---
0----0-0-0---01100--0-1--0-------0-----------------00-00--0-0--02100-1-01---00-01---0--0-000-0-0-01-
--00--0-0-000--20---02--0---0-0-------0---------0---00-----0--0-02-1--0-10----0--------0012-21--3130
-02202-1--2200-1---0-----0----1--0---0-0----0----0-0-0---0----------10-0-00-0------00-0-000-0---1000
--001-0-0-----0-00-3-----00--0100-0-0-0----0-00--0--0---010-0-0101--10-00--0-0-0-01111-0--1----0210-
0--0-0--0-022--004--00010-10--0--0---0------00-00-0-----12-0--1-0-2-0--10---0-0----11----1-0-0-0-0-0
-0--0---21-00----100-0-101--0-------0---------0--0-----0---00--1----001--------0--10-0-----00-0020--
--------0--------0----0-0000-0---010----00---0--0-----0-001--00-20-0-----0------00100-10-01000-0----
-0---0-020--0--00-0--0-0---00-0--0100--0120-0-00-00--0-0--0-012--0---0-0---0---0-0000---0-00-00210--
0---001010-0--0-000-020-0----0-0--00-0--00---0--00--0--0-----0--10-0--0--00-0---0-12------0-0--00-0-
--00320-0-0----000-1120-00-0--0-----0-------------0100-01--0-022--2---0----0-----0-00-10---0--0--0-0
-020-0---0-0-----00-00-0-00-0-00-----0---0--00----1-01----1--000-00-10-0--------1-0---0-1--010-0--0-
-01--0----00--0----0-0--0--0--21----0-0---00110-0---2--------2--023--0------00-000------0001200-----
--0-0----00----000-00-0-------0--0---0-0----00-0-0--0-----0010-0-00-10--0--012--10-----0-0-00-0-----
------0-0-0-10-021--00-0-0-020--0-------0-------00----01---00-0---0----0200-0001-----0--0-0--0-0----
-----0-0-0-010--00-0--0---0-20--------0--0--------0--0112----0--0--0-0-03--0---0----0-00-0-0--000---
------00----0--0-------0--0---------00-00-0-0--0-----00-----0-00-0--0-00-00------0--00010-0---0110--
-0----0-------02----0--0--00----0--0-0---0---0--0--00-0-0--0-0--0---0002-200----0-0--0010------00---
0-0------0----0--2-0--02---0-000-0--00-0-----0------------0-0------010-0101---0--00----0--0--0------
-0------0-------20----00200-01200-0-------0-0-0--0-0-310---0-0---0-010---------0---0-----0----0-----
-----------0----0----00----0-00--010-0---0-0-00--0-01-0-00--0---0-000------0000-0--0--------1-------
-0--0---0-0--------0--00--0---00-0------0----0-001200--01-0----0--0-0-----0---0-100-0--0--12--------
0-00-0-0-0---0----0-00-1-00---2100220--0------0---00----00----0---00--0-0--0-002---0----00-0--0--0--
-0--0---0---0--------00-021-0-00-0----0-0---0---0--20--0-0-0---0-0---0---0-----0--0-00----0-00-0--0-
-----------0------0---00-0--0-00-01--010--10--0--002010-0---0---------000---0----0-0100----0-000-0--
0-------0-0--------0-00-0-0--03-0--100---0-302-0---21110-0-0-0-----0-00-0--020------200----00-----0-
-0-----0-0---0---------0-0120-010-0100--0-00-00------000------0-------00--001-----0--1-0----00---0--
0-------0---0----0-----0-000-0-----0--010---0-1-------020--0-0---0---0---0-0--0-2--00-0--0----0-0---
-------0---0---00-0---0---00--0---0--0-0-----0--------010-0---0---0-------0--0-020---0----00-0-0---0
----0-0-0-0-0-0-00---0-0-00-0--0-0------0--------------0-0-0-0---0-------------020--0--0----0-0-----
---0-0-0---0---0----0-0----0--0-0---0--0------------------0-------0-------------0--0-00-0--0-----0-0

*** Life<FredkinCell> 40x40 ***

Generation = 0, Population = 76.
----------------------------------------
----0----------------------------0---0--
------0--------------------------------0
-------0--------------------------------
-------------------0-----0--------------
-----------------000--------------------
-----0-----00-------------------0-------
----------------------------------------
---------------------------------------0
---------------0-------0-------------0--
----------------------------------------
----------------0-----------------------
-----0-------------------0--------------
--------0--------0------0--------0------
-----------0----------------------------
-----------0----------0-----------------
------------------0---------------------
------------------------0---------------
---0----0----000------------------------
----------------------------------------
----0------------0-0-------------------0
--------------------------0-------0-----
---------------------0------------------
---------------------------0-0----------
------0-------------0---------0---------
----------------------------------------
-------------------0-------------------0
----00-------------00---00--------------
----------0----0---------------0--------
---------------------------------0------
---0---0----------------------------0---
-------------------------0--------------
-------------------0----------0--------0
-----0----------------------------------
----------------------------------------
--------------0--------0----------------
---0------------------------------------
----------------0--0--------------------
----------------------------------------
0--------------------0-----0------------

Generation = 2, Population = 269.
------0--------------------------------0
--0---10-----------------------0-------1
----1---0----------0-----0-----------1-0
----00---0-------001-------------0---0--
-----00----00----1---0-0---0----0------0
-------0-------012-010------------------
---0---0-01--10----1-----0----0---0----0
---------------0-000---0-------------0--
-----0-----00-------------------0----1-0
-------------0--10---0---0---------0---1
-----0-------------------0-------------0
--------0-----01-10----00--------0---0--
---0---0---0-----------0---0------------
------0---01---01--0------0----0---0----
-----0---0---0----0------0--------------
--------00---0---0--0---0--------0------
---0----0--1-0000---0-------------------
-----------0--------------0-------------
-0--100---0012-21-00-------------------0
------------------------0-0-------0-----
--01--0-0----00--0-0-----------------0-0
------------------------0--100--0---0---
----0-0----------0--1--0------0--------0
-------------------------010-0-0--0-----
----0---0---------01-10-----0---0------0
----00-------------11---00-0-0----------
------0---0----0-0--00--------00-----0-0
--01--10---------01--1-1--10-----0------
---0---00---00---0-1---------0---1--0--0
----00-------------00---0------1---0----
-0-------00----0---0----------00--0---00
-----0-----------------0---0-----0------
---0---0---------0---0------0---0---00-0
---0---0------0--------0-0--------------
---0---------------0----------0--------0
-----0------0------0-0---0--------------
-0---0----------------------------------
0----------------11----0---0------------
---0------------------------------------
--0-------------0----0-0-0-0-0----------

Generation = 4, Population = 252.
------2------------0-----0-------------2
0---1---0--------001---------0---------1
--1--0----000-------------------0--0-3--
---1-------1----------------------------
---------------1-----2-0-----0---------0
----0--------10------01----------0------
-0----1202-----11-----------0-------0--0
-------1--------0-----------------------
-----0-------------1---------------1-3--
--------0--1------10----1--0-----------1
-----0------0-------------------0-------
-----------10-------0-1-----------------
-0-------0--------1--0-------0---------0
----0-------11-2----10-10---00----------
---0---00----21-------------------------
-------1-------10-0-------0-------------
----10--------0--0-1--0--0-------------0
--------1--------0--1---0-0-0----00-----
----3--1-12-1----022-0------------------
-----------1----------0----1-0----------
0-----0-0----2-1--0-10-0------0----0-0--
----------------------0-0-------------0-
---1----0----000-0-1-----1-------------0
----00-------------11--11------0-1------
--0-2----------001-1----1-1----0--1----0
--------------------------0------00-----
---1---0-------0-----0-1-----------010--
01------00-----11---13-122-21-----------
-----------1--1-----0------1-------0---0
-----2-----------------------1-------0--
---0---0---1-------2------------1------2
----10--------0----101-010---0----------
---2------0------------0--0----1--01-2--
-0-------0------0--1-------------0------
---2---1----------------------------0---
0---------0-------12-0---0--------------
-------0-----------1----------0--------0
0----1------0--0----00-0---0------------
----------------------------------------
--0-0---------0-01-0-----0-----0--------

Generation = 6, Population = 627.
--0-112-1-000----1-2-0-0-0-0----0--0----
0--1------11---012-110-----0---0-----1-3
1--02-10112-2100---2-0-0-0---10--110-3-2
00---1--00----0--001-10------1---0-----1
-00--010000211-111-1-4-0-0-01--00--00---
--01--12----1--2---02--00------0---0----
---01-340431-313-101-1-0--0--10---01--1-
----01--01-0-0-----1-00-0--0-----0-----1
-0-0-01-10--1--010---0------0---00-103--
------01-11100---2---0---21--0-------1-1
-0-0-0-0-00---0---11-0-------00---00-0-2
----0---01130-12---1-1111--001---------1
-----0--1--2010-0--11--2---0---00----0-0
--0---01--1-311-30-13003-101--10--------
----001---010-311010-10--0---1----------
----11--00--0-132-0-10-00-0-00---00-----
--0-3-11200--1001-1-1--10--0---------0-0
------00--10----1--1--1-0-0001001--10---
0-0-3--1-34214--3-24--0--0----0----0-0-0
--------11---1---1----0-001100-0-00---0-
0-12--00-1-11-1-11-03-00----0---00-0-0--
----00-----0-------1---1--02-1-0-0--0---
001-01--0-001----00-1---1-10--01--00----
--10--10---------01---1-11---0-2--00--0-
0-0-4-000------2-31---10303-00--11-1----
00--11--00-----01--2-1--22-1----12-01---
-11-1----1-0-0120---02-30111---1-1---210
2-22-110--11-00--2-1-3----22--0--10--1--
---------1-122-01-03-001-1---1--02-011--
00-122-100----100--2--------11-2---1---0
-0-0------21-01--0--01-1--00--11--------
-001-211-0--0----01------20--0-1-0---1--
-1---1--0--10------0-1--00--01-----3-2--
1--000-2--00-----1--10-10----0-1---1----
-1-2---1-11--------1---0--0---00---1-100
-10--1--01-----0-1-----0---------0------
---0-2-0-0-------0---0------0---0---00-0
---01--1-----1--1--0--00-----0-0--------
-------0-----------1----------0--------0
-----10-----------0-1----0---0-0-0------

Generation = 8, Population = 270.
-----1-----22-------------------0------4
--0---------1--0-203---0-0---1-----0-3-5
1-------------2----2-----0-----0-1------
-------1-------10-----------------------
-----03----2-----1-------0-2-----0-----1
----0---1001-----2------2011---------0--
-0-01------1-3-----31---1---------------
-----------2----------2-----------------
------------------1------------1-0------
----0--1-------1-------02----2-0-1-0-1--
---0--1-1----020-----------------------2
-------00---------------3---------------
-0--0--------3-----------1-------1-----2
0--------1-------013------0-----0-0----1
---1-2-----12------0-3----------0-------
---1----------3----1-------1-01---------
------1---0---------3-----1---1--------0
---------------01------1--------3----1--
0--0-113---4----5--4-101---------------0
----10----------1--01---22--------------
--3--0---3013--1-----------1-----2------
--------1--------00-----0-0-------0---0-
---2---0---2-2---------------1------0---
-----------1-------3-13--1---------2-1--
2-----------0-1---12--1-----2-1-------10
-----3------------------4---------------
---2----0--2-034-----------3---1-1------
-32--------3-20-32-----1---23---03------
--111--0---------225--------------------
----------------0--4-----11-------1----0
---0-------3---0-----3------0-------0---
1----------------0---2-------2---0------
------0----1--------1-1----1--11-1----1-
11-----------0-------0-----0------------
-------------------1-------------------2
----131--------00---0-1-10-----1--------
----------10---1---------------0--------
--------1--0--1--------21--0-----0------
---1---2----------------------------0---
-----32-0----0-----1-----0---0-----0----

Generation = 10, Population = 648.
0--0-1-0-01421-----4-----1----01010--1--
2---1--1--2--10----32--0-2-----1-1-0----
1-2---2---------1----0-1-2---2-00--2----
--0-03--2-030013-0-3---00-01-2-----0---3
00-----122-4--02---10--10--4-0---0-0-1-1
--0-----300-33--2--2---2221110-----0---1
-002-----6---3-3-----3---011---0-------0
-------21-14-2-0-1--1--11000-0-1-2-0----
-0--1-1-1--2--021--3----1----1-3-2-3---1
--0--10102-1-2---3---0--4420-2-------1-3
-----11-3-102--0102------1-----1-----2--
0---1002--2----4-211--133----1-00100-0-1
--11-1--3---132----3-1-2---0---01--0-0--
0-01----1--2--2252--52-----210--2-0-00-3
---30220-2----5--2-003-0-11------11-----
00---2---0--2--4--13-1-0-00112-11-1--0-1
0---4-13--------3-2----21------------1--
---101-------0--110-21--2--1-1----11---0
01-0411513-42403-146---10200--1--0---1--
--10--012-----003-1--0--4--2----0-1--00-
---4022-0501532-22-1-100-1-----0---00--0
----010---10---1---3-0----0-0---0--1-1--
102--1---02--21---13--1-----1-22-01----0
-----1--00---1----2523--3-21-----112-101
2-1----10-0-0--4-4---2--4-41201211---0-2
-001---0-----10-10-3-2-1-4131---14-0-0--
02123111-314--560-----0--2--0-21-3-1--11
3--422---1-5020---2--3--33---1-0---0---0
001-3-1-22---32022-52------31--0-3--1---
101--------1-0--000-----1----1------10-0
-0101000-1-3------0-2-11--12---2-11-----
-20----------0-11--1-4-0-20-------10---0
---20---00-1-1-0--01121-00-----303-4---1
--10001----1----01-220010------3-1------
------1---1----1-0--011----1--1--0---212
01113-31---1-----3--00----10-0----------
---1---112--1----1-2---------0---1--1--0
----2-0-110-1--0---111--3-1-------------
-0-------001---0---------------0--0---0-
---115-10-0--010-2-1-0--10-0-0-0---0-0--

*** Life<FredkinCell> 50x50 ***

Generation = 0, Population = 97.
------------0---0---------------------------------
-------------------0-------------------0----------
--------------------------------------------------
------0--------------0--------------------------0-
--------------------------------0-----------------
--------------------0-----------------------------
-0----------0-----------------0-------------------
------------0--------0-----------0----------------
-0-----------------0------------0--------------0--
------------------------------0-------------------
---------------------0-0--0-----------------------
--------------------------------------------------
----0---------------------------------------------
----------------------0----------------0----------
--------------------------------------------------
--------------------------------------------------
---------------------0----------------------------
-------------------0------------------------------
----0----------0--------------0-------------------
---------0-------------0---0-----------0--------0-
-------------------------0------------------------
-----------------------------------------0--------
--0----0---0----0---------------------------------
--------------------------------------------------
-----------0----------------------0---------0-----
---------------00-------------------0-------------
-----------------------------0-----------------0--
------------------0--------------0--------0-------
---------------------------------0------------0---
--------------------------------------------------
--------0-------------00------------0---0---------
---------------------------0----------------------
-----------------0---------------------0----------
0--------------------------0----------------------
-------0---------------------------0----0---------
----------------0---------------------------------
-------------0----------0------0------------------
--------------------------------------------------
-------0------------------------------------------
-------------------------------0------------------
------------0---0--0------------------------------
--------------0---0-------------0----------------0
---------------------------------0---0------------
------------------------------------00--0-0-------
---------------------------------------0----------
--------0--------------------00-------------------
---------0----------0-----------------------------
--------------------------------------------------
-----0----0-------------------------0-------------
-------------------------------------------0------

Generation = 3, Population = 902.
------0--0---0-0-0-0-----------------0---0------0-
-----0-0--0-----0---------------0---0-0-0-0----0-0
----0-0-0--0-0-0----0--0-------0-0---0-0-0----0-0-
-0-0-0-0-0------0--0-00-0-------0-0---0-0----0-0--
0-0-0-0-0--010----0-0-00-----------0---0------0-0-
---0-0-0--00200--0---0-0----0--------------------0
0---0-0--0101010---1--00---0-00----0----------0---
---------0101010-00-20010-0-0021----0--------0-0-0
0---0-----00200-0-00000100-00-000-----------0-0-0-
---00------010---0--020-000010-0-1-----------0-0-0
0-00-0------0-------0101-20010001------0------0-0-
-00-0-0--------------0-0000-00-00-----0-0------0--
-0-0-0-0--------------0--0-0--0------0-0-0--------
--0-0-0------------0-0---00---------0-0-0-0-------
---0-0-------------0----0------------0-0-0--------
---------------0--010---------0-------0-0---------
---0-0---0----0-000200-10--0-0-0----------------0-
--0-0-0-0-0--0-0010002-1000---0-0-----0-0------0-0
-0-0-0---0-00-0-01000-000-0----0-0---0-0------0-0-
----0--10-0100-0000--100-0-0----0---0-0------0-0--
-0---00100010-0110-0-0020-020--0-----0-----0--0-0-
0-0--0-00-0--0000-0---0100010-0---0-------0----0-0
-0-0110--00--11-00-0---00-00-----0-00----0---0--0-
0-0-00-0-0-----1-00------0---0--0-0010--0---0-00--
-0-0--0------1--2-----------0-00--00200---10-0110-
--0----0-0--0-21--0--------0-0-0---000-0-01000-0-0
----------0-0000-0--0-----0-0-01----0-0-0-00--200-
--------0--0--0-0--0-000---0-00-01---0-010-0--0000
-------0-0-----0--0-00110--00--1010--0-01000100210
------0-0-0--------00000000-00-002-00--000100-000-
0----0-0-0-0----0--012112-0--0--0-10--0-0010-0-0--
-0----000-0----0-0-00000-1----0--00000-0-00---0---
--0---0110----0---0-00110---------01-10-0-0-------
---0-0-000---0-----0--00------00-0-00-00-00-------
--0-0-0-0-0-0----------0-----00---0-01-200-0------
-0---0---0-0-------0--0-0---00-0---0-0000-0-------
0---------0-0-----0--0-0-0--0-000---0--0-0--------
-----0---0-000--10-0--0-0-0--00200-0----0---------
----0-0-0-0011-010--0--0-0---002-0---------------0
-----0-0-00-0--00-1--0--0---0-0-2-0--0----------0-
------0-00-00-0-02-0--0------000-1---10-0-0----0--
-------0--0020--000----------01-0---1-00---0--0---
--------0--01000-0-----------001---001-0----0--0--
-------0----00-000--0-------0110-0121-0110---0--0-
------0-------0---00-0-----000000--000-00-0-0----0
----------1-------0-0-0---0121121--0-10--0-0------
----0-0--0-10----0-0-0-0---000000--01-0---00------
---0-0-01-000-----0-0-0-----0110--0-0-00--0-0-----
--0-0-011200-0-----0-0-------00--0-0-0-0-0---0----
---0---000--0-------0-------------0---0-0-----0---

Generation = 6, Population = 840.
-0----0-0---0-------2-0---------0-0---------------
--0-------0-10---01--11---------------------10--0-
-0-0----0-----0---011-----------0---0----------0--
0---0---0-0-2-0-1---2--01--0--10----------01------
---0-0--0-1------01----0--0---1---0---0------0---0
--0---0-1-0-3-0-011--10---0-11--10-------0--0-----
----1001--1-1-110-0--2---1------0---0------0---0-0
----1-0-2-1---100-113-1-1-1---31--10---0------0---
--1--2001---20--0--0--02--11------1---0--0---0-0-0
------0-0---2---010-1-3--0--20--22--1----0------0-
1--000--0-0---0--0--0---23-120------0------0---0-0
----------0---0---0-1-00------00--1----0---0------
23100-0---0-1--0------1--010------0----------0---0
---------0--0---01--1--10--1----1----0-0-0---0--0-
000-0-0-0----0---------211---------------------0--
-------0---0---1--01-112--0--01----0-0-0---0--0---
0---0-000-------1----0-1------0---0---------------
-----0---0-------2-103--10-----0---0-0---0--0-----
--0--11--100--0---1--0--0---00--0-0-0-------1-----
---0---2---2---010-2--11------------1--0--1-------
--000-0-00-211--2--00-----03-0110-0-1-----0---00--
-----0---0----1----0-0---------0-01---1---0-0--1--
01--4-321-12-211--1---0--0-11221010---0-0---011-00
-------0----1--2-----0-------1-01--01-------001---
0-00001-11--11--30--1-0--0-1011102-0--1---200-2131
----------1--1---1---1-1-----01--11--0-----1--1-1-
0---0012--12-011-10-11-20--1-101-1-1-01130--103010
0----------0---1---0----01---3-00--0---0-0--1---0-
--0-0---00-010-10-1---21-00--2-1-2--03-1-110--12-0
0-0----------0--20----00-0-2---0-21--0----2---0---
--0--11--001--0-0---2----1-00-1---23--01---101---0
0-0-1---------01--2-01-1-1-1-1---3-01---0---1-----
---01---1--00-----1--------0----0---11-000--11-10-
0-0-0-0-----0---0-0-01-3-0-0-0------------0-------
-0----1--11-00--0--0-----0-100-0-----115-1-1------
0-0-0-----0-----------11-0-2---310---------------0
-------01-11-----1---1-0-01--101---0-0-1-0--0-----
0-0-------------2--------0---003--0001--1-0----0-0
-0------10-----0---0---00--00----1-2-211--1-------
0-------1-0---0---1---0--0-01-0-211001-02-0-00-0-0
---0--0--1---2-2-3--01---10------1-1-2--0---------
------0-2-1-----1-------1-0-2-4--101-1---1001000-0
-------01000-0-0--110-100--0---2---01--0----------
----0---0-1-1---------0--00-0--30-22---14---000100
---0-0--010-21--010-10--0----0---00--11------0----
--0---0---2-2-0-----0--00--22-1--220120---131000-0
-0-0--10-0-10--10-10--0---1----00--0----1--0------
----0---1---0-1---0------00--11-11-1----203210-0-0
----12-----1-1----------0-----1--1-------11-------
------1-1-1----------------012211---1--20000-0-0-0

Generation = 9, Population = 892.
---0-0-0-0---0----02-0-0-0-0-010-0------------010-
----0---0-0---------2--00---00-10-------------010-
0-----0----0-01------1--00---00--0------0---0--00-
-0--00-0----2130----33002-0-0-1-0------010-2-0-0-0
0--0-00-----300----1-001-0--00---------010--0---0-
-----0---0-060--0-2--1300--0-2--------0-0---------
---0-10-1-104--2-0--1-21-1--00-------0-0-0--------
---040-----01-1----26-2---200-4-------00--0--0----
------0-2--23--0-0-----3--1-10----------2---0-0---
----00---0-030--0-1----00--0-000--0--02------0----
---1-10--0--2-1--1-0-121---231-210-0--0-----------
--0-00-00-0-10----0-2---000-00110-2---0-0---------
-3-0--0--0-0-00-----01-00-10--0--0-----0-0-----0--
-0-----0---0-0-01--1-0---0---0-2--------0-0---0-0-
1130--0-0-02-000-0--00-------03--0-------0-----0--
--0----1---02---0--20-1------11-------------0--0--
0-0-------020-001-0-00-----00--0-0-00------0-00-0-
-00----0--02-00212-2-41-----00-00-00-00-----1-----
---0--2-1----0--11120310-0--1----0-010-00-0-2-010-
0---0--2----0-0----5012---0--0--0---1-00-----0-20-
-0-1-0---------131-1--0------------0---00-0-10---0
---0------0----2-0-1-01-0-------0-2-1-2-------0-0-
--0451---0-3--2-0-1-00--20-2-----2-0-0---0-------1
----0-----0----3-0---0000---0----------00-0-----1-
0-1-0--02-------4--2--0000-20------1-01-10-10--1-2
-0-00-0-20-----1-1021-0410-1112----001--1-12----1-
1--0-015-01---1----02-0-000-02-1--------4-----4-1-
----0--00210-0---0---02-02-30-01-1---1-1110--010-0
---------10-1-0-0---------10--0-0-1--3--1-2--0-31-
0-0--------0-101--------0---0-0-0-----0-013-0-1-0-
---0------0-00321--2-------1--2120-3-----0-2-2-1-0
0-1------0--0-020-310----2--0-------1----------00-
------0----3100-20--0---1-0---02-1-21------0-20-10
-----0-----00012--3-1----1-0-1--2--12------00-----
------2--------2---0----0-0---01--00041-2-0-0-011-
-----0-0-0-----000-0-0---0-3-0--1-001-00-0-0--000-
----0-0--------0-10-0--------1121-0-01--0----0-0--
-----0-01------02---000-----013310--0---1-----0---
-------0-30---0-1--0--1-1--0-00----2-3---0--------
----00---000---0-0-----1--011---------01----------
0--022-0---12---1-00-20-21--0------1-201-0--------
-0--0---304------0--00--403-22-----22-----0--0----
0-------1-0-----0-----1----0-30-0---2--1--00-10-0-
-----0-0--1--0-0-0------01-01-13----3---5102--0--1
0---0-0--1-03-0------100-0--00--0-12--1----1000---
-----0-0-03-20-0-----1110---3--------510-------1--
--0---1-0-12-0----11--0----0--01-----10-----------
--0----------0--00100-------04-21------0----1-----
0110----1--122-0---10------0--100--0100---20-0----
-00---------0--0001---------1--1-002-20----10-----
