*** Life<ConwayCell> 4x4 ***

Generation = 0, Population = 4.
....
.**.
.**.
....

Generation = 1, Population = 4.
....
.**.
.**.
....

*** Life<ConwayCell> 5x5 ***

Generation = 0, Population = 3.
.....
.....
.***.
.....
.....

Generation = 1, Population = 3.
.....
..*..
..*..
..*..
.....

Generation = 2, Population = 3.
.....
.....
.***.
.....
.....

*** Life<ConwayCell> 5x5 ***

Generation = 0, Population = 4.
.....
..*..
.*.*.
..*..
.....

Generation = 1, Population = 4.
.....
..*..
.*.*.
..*..
.....

*** Life<ConwayCell> 5x6 ***

Generation = 0, Population = 6.
......
..**..
.*..*.
..**..
......

Generation = 1, Population = 6.
......
..**..
.*..*.
..**..
......

*** Life<ConwayCell> 6x6 ***

Generation = 0, Population = 5.
......
..*...
...*..
.***..
......
......

Generation = 1, Population = 5.
......
......
.*.*..
..**..
..*...
......

Generation = 2, Population = 5.
......
......
...*..
.*.*..
..**..
......

Generation = 3, Population = 5.
......
......
..*...
...**.
..**..
......

Generation = 4, Population = 5.
......
......
...*..
....*.
..***.
......

*** Life<ConwayCell> 10x10 ***

Generation = 0, Population = 9.
..........
.....*.*.*
.....*....
.....*....
.........*
..........
.........*
..........
......*...
.......*..

Generation = 1, Population = 3.
..........
......*...
....**....
..........
..........
..........
..........
..........
..........
..........

Generation = 2, Population = 2.
..........
.....*....
.....*....
..........
..........
..........
..........
..........
..........
..........

Generation = 3, Population = 0.
..........
..........
..........
..........
..........
..........
..........
..........
..........
..........

*** Life<ConwayCell> 40x40 ***

Generation = 0, Population = 5.
........................................
...*....................................
....*...................................
........................................
.***....................................
........................................
........................................
........................................
........................................
........................................
........................................
........................................
........................................
........................................
........................................
........................................
........................................
........................................
........................................
........................................
........................................
........................................
........................................
........................................
........................................
........................................
........................................
........................................
........................................
........................................
........................................
........................................
........................................
........................................
........................................
........................................
........................................
........................................
........................................
........................................

Generation = 1, Population = 4.
........................................
........................................
........................................
..**....................................
..*.....................................
..*.....................................
........................................
........................................
........................................
........................................
........................................
........................................
........................................
........................................
........................................
........................................
........................................
........................................
........................................
........................................
........................................
........................................
........................................
........................................
........................................
........................................
........................................
........................................
........................................
........................................
........................................
........................................
........................................
........................................
........................................
........................................
........................................
........................................
........................................
........................................

Generation = 2, Population = 4.
........................................
........................................
........................................
..**....................................
.**.....................................
........................................
........................................
........................................
........................................
........................................
........................................
........................................
........................................
........................................
........................................
........................................
........................................
........................................
........................................
........................................
........................................
........................................
........................................
........................................
........................................
........................................
........................................
........................................
........................................
........................................
........................................
........................................
........................................
........................................
........................................
........................................
........................................
........................................
........................................
........................................

Generation = 3, Population = 6.
........................................
........................................
........................................
.***....................................
.***....................................
........................................
........................................
........................................
........................................
........................................
........................................
........................................
........................................
........................................
........................................
........................................
........................................
........................................
........................................
........................................
........................................
........................................
........................................
........................................
........................................
........................................
........................................
........................................
........................................
........................................
........................................
........................................
........................................
........................................
........................................
........................................
........................................
........................................
........................................
........................................

Generation = 4, Population = 6.
........................................
........................................
..*.....................................
.*.*....................................
.*.*....................................
..*.....................................
........................................
........................................
........................................
........................................
........................................
........................................
........................................
........................................
........................................
........................................
........................................
........................................
........................................
........................................
........................................
........................................
........................................
........................................
........................................
........................................
........................................
........................................
........................................
........................................
........................................
........................................
........................................
........................................
........................................
........................................
........................................
........................................
........................................
........................................

Generation = 5, Population = 6.
........................................
........................................
..*.....................................
.*.*....................................
.*.*....................................
..*.....................................
........................................
........................................
........................................
........................................
........................................
........................................
........................................
........................................
........................................
........................................
........................................
........................................
........................................
........................................
........................................
........................................
........................................
........................................
........................................
........................................
........................................
........................................
........................................
........................................
........................................
........................................
........................................
........................................
........................................
........................................
........................................
........................................
........................................
........................................

Generation = 6, Population = 6.
........................................
........................................
..*.....................................
.*.*....................................
.*.*....................................
..*.....................................
........................................
........................................
........................................
........................................
........................................
........................................
........................................
........................................
........................................
........................................
........................................
........................................
........................................
........................................
........................................
........................................
........................................
........................................
........................................
........................................
........................................
........................................
........................................
........................................
........................................
........................................
........................................
........................................
........................................
........................................
........................................
........................................
........................................
........................................

Generation = 7, Population = 6.
........................................
........................................
..*.....................................
.*.*....................................
.*.*....................................
..*.....................................
........................................
........................................
........................................
........................................
........................................
........................................
........................................
........................................
........................................
........................................
........................................
........................................
........................................
........................................
........................................
........................................
........................................
........................................
........................................
........................................
........................................
........................................
........................................
........................................
........................................
........................................
........................................
........................................
........................................
........................................
........................................
........................................
........................................
........................................

Generation = 8, Population = 6.
........................................
........................................
..*.....................................
.*.*....................................
.*.*....................................
..*.....................................
........................................
........................................
........................................
........................................
........................................
........................................
........................................
........................................
........................................
........................................
........................................
........................................
........................................
........................................
........................................
........................................
........................................
........................................
........................................
........................................
........................................
........................................
........................................
........................................
........................................
........................................
........................................
........................................
........................................
........................................
........................................
........................................
........................................
........................................

Generation = 9, Population = 6.
........................................
........................................
..*.....................................
.*.*....................................
.*.*....................................
..*.....................................
........................................
........................................
........................................
........................................
........................................
........................................
........................................
........................................
........................................
........................................
........................................
........................................
........................................
........................................
........................................
........................................
........................................
........................................
........................................
........................................
........................................
........................................
........................................
........................................
........................................
........................................
........................................
........................................
........................................
........................................
........................................
........................................
........................................
........................................

Generation = 10, Population = 6.
........................................
........................................
..*.....................................
.*.*....................................
.*.*....................................
..*.....................................
........................................
........................................
........................................
........................................
........................................
........................................
........................................
........................................
........................................
........................................
........................................
........................................
........................................
........................................
........................................
........................................
........................................
........................................
........................................
........................................
........................................
........................................
........................................
........................................
........................................
........................................
........................................
........................................
........................................
........................................
........................................
........................................
........................................
........................................

*** Life<ConwayCell> 30x30 ***

Generation = 0, Population = 7.
..............................
..............................
..............................
..............................
..............................
..............................
..............................
..............................
..............................
...........*..................
..........***.................
..........*.*.................
...........*..................
..............................
..............................
..............................
..............................
..............................
..............................
..............................
..............................
..............................
..............................
..............................
..............................
..............................
..............................
..............................
..............................
..............................

Generation = 1, Population = 8.
..............................
..............................
..............................
..............................
..............................
..............................
..............................
..............................
..............................
..........***.................
..........*.*.................
..........*.*.................
...........*..................
..............................
..............................
..............................
..............................
..............................
..............................
..............................
..............................
..............................
..............................
..............................
..............................
..............................
..............................
..............................
..............................
..............................

Generation = 2, Population = 10.
..............................
..............................
..............................
..............................
..............................
..............................
..............................
..............................
...........*..................
..........*.*.................
.........**.**................
..........*.*.................
...........*..................
..............................
..............................
..............................
..............................
..............................
..............................
..............................
..............................
..............................
..............................
..............................
..............................
..............................
..............................
..............................
..............................
..............................

Generation = 3, Population = 14.
..............................
..............................
..............................
..............................
..............................
..............................
..............................
..............................
...........*..................
.........**.**................
.........**.**................
.........**.**................
...........*..................
..............................
..............................
..............................
..............................
..............................
..............................
..............................
..............................
..............................
..............................
..............................
..............................
..............................
..............................
..............................
..............................
..............................

Generation = 4, Population = 12.
..............................
..............................
..............................
..............................
..............................
..............................
..............................
..............................
..........***.................
.........*...*................
........*.....*...............
.........*...*................
..........***.................
..............................
..............................
..............................
..............................
..............................
..............................
..............................
..............................
..............................
..............................
..............................
..............................
..............................
..............................
..............................
..............................
..............................

Generation = 5, Population = 22.
..............................
..............................
..............................
..............................
..............................
..............................
..............................
...........*..................
..........***.................
.........*****................
........**...**...............
.........*****................
..........***.................
...........*..................
..............................
..............................
..............................
..............................
..............................
..............................
..............................
..............................
..............................
..............................
..............................
..............................
..............................
..............................
..............................
..............................

Generation = 6, Population = 16.
..............................
..............................
..............................
..............................
..............................
..............................
..............................
..........***.................
.........*...*................
........*.....*...............
........*.....*...............
........*.....*...............
.........*...*................
..........***.................
..............................
..............................
..............................
..............................
..............................
..............................
..............................
..............................
..............................
..............................
..............................
..............................
..............................
..............................
..............................
..............................

Generation = 7, Population = 32.
..............................
..............................
..............................
..............................
..............................
..............................
...........*..................
..........***.................
.........*****................
........**...**...............
.......***...***..............
........**...**...............
.........*****................
..........***.................
...........*..................
..............................
..............................
..............................
..............................
..............................
..............................
..............................
..............................
..............................
..............................
..............................
..............................
..............................
..............................
..............................

Generation = 8, Population = 24.
..............................
..............................
..............................
..............................
..............................
..............................
..........***.................
.........*...*................
........*.....*...............
.......*...*...*..............
.......*..*.*..*..............
.......*...*...*..............
........*.....*...............
.........*...*................
..........***.................
..............................
..............................
..............................
..............................
..............................
..............................
..............................
..............................
..............................
..............................
..............................
..............................
..............................
..............................
..............................

Generation = 9, Population = 40.
..............................
..............................
..............................
..............................
..............................
...........*..................
..........***.................
.........*****................
........*.....*...............
.......**..*..**..............
......***.*.*.***.............
.......**..*..**..............
........*.....*...............
.........*****................
..........***.................
...........*..................
..............................
..............................
..............................
..............................
..............................
..............................
..............................
..............................
..............................
..............................
..............................
..............................
..............................
..............................

Generation = 10, Population = 32.
..............................
..............................
..............................
..............................
..............................
..........***.................
.........*...*................
.........*...*................
.......**.....**..............
......*....*....*.............
......*...*.*...*.............
......*....*....*.............
.......**.....**..............
.........*...*................
.........*...*................
..........***.................
..............................
..............................
..............................
..............................
..............................
..............................
..............................
..............................
..............................
..............................
..............................
..............................
..............................
..............................

*** Life<ConwayCell> 30x30 ***

Generation = 0, Population = 10.
..............................
..............................
..............................
..............................
..............................
..............................
..............................
..............................
........**********............
..............................
..............................
..............................
..............................
..............................
..............................
..............................
..............................
..............................
..............................
..............................
..............................
..............................
..............................
..............................
..............................
..............................
..............................
..............................
..............................
..............................

Generation = 1, Population = 24.
..............................
..............................
..............................
..............................
..............................
..............................
..............................
.........********.............
.........********.............
.........********.............
..............................
..............................
..............................
..............................
..............................
..............................
..............................
..............................
..............................
..............................
..............................
..............................
..............................
..............................
..............................
..............................
..............................
..............................
..............................
..............................

Generation = 2, Population = 18.
..............................
..............................
..............................
..............................
..............................
..............................
..........******..............
.........*......*.............
........*........*............
.........*......*.............
..........******..............
..............................
..............................
..............................
..............................
..............................
..............................
..............................
..............................
..............................
..............................
..............................
..............................
..............................
..............................
..............................
..............................
..............................
..............................
..............................

Generation = 3, Population = 40.
..............................
..............................
..............................
..............................
..............................
...........****...............
..........******..............
.........********.............
........**......**............
.........********.............
..........******..............
...........****...............
..............................
..............................
..............................
..............................
..............................
..............................
..............................
..............................
..............................
..............................
..............................
..............................
..............................
..............................
..............................
..............................
..............................
..............................

Generation = 4, Population = 18.
..............................
..............................
..............................
..............................
............**................
..........*....*..............
.........*......*.............
........*........*............
........*........*............
........*........*............
.........*......*.............
..........*....*..............
............**................
..............................
..............................
..............................
..............................
..............................
..............................
..............................
..............................
..............................
..............................
..............................
..............................
..............................
..............................
..............................
..............................
..............................

Generation = 5, Population = 18.
..............................
..............................
..............................
..............................
..............................
..............................
.........*......*.............
........**......**............
.......***......***...........
........**......**............
.........*......*.............
..............................
..............................
..............................
..............................
..............................
..............................
..............................
..............................
..............................
..............................
..............................
..............................
..............................
..............................
..............................
..............................
..............................
..............................
..............................

Generation = 6, Population = 20.
..............................
..............................
..............................
..............................
..............................
..............................
........**......**............
.......*..*....*..*...........
.......*..*....*..*...........
.......*..*....*..*...........
........**......**............
..............................
..............................
..............................
..............................
..............................
..............................
..............................
..............................
..............................
..............................
..............................
..............................
..............................
..............................
..............................
..............................
..............................
..............................
..............................

Generation = 7, Population = 28.
..............................
..............................
..............................
..............................
..............................
..............................
........**......**............
.......*..*....*..*...........
......******..******..........
.......*..*....*..*...........
........**......**............
..............................
..............................
..............................
..............................
..............................
..............................
..............................
..............................
..............................
..............................
..............................
..............................
..............................
..............................
..............................
..............................
..............................
..............................
..............................

Generation = 8, Population = 20.
..............................
..............................
..............................
..............................
..............................
..............................
........**......**............
......*....*..*....*..........
......*....*..*....*..........
......*....*..*....*..........
........**......**............
..............................
..............................
..............................
..............................
..............................
..............................
..............................
..............................
..............................
..............................
..............................
..............................
..............................
..............................
..............................
..............................
..............................
..............................
..............................

Generation = 9, Population = 20.
..............................
..............................
..............................
..............................
..............................
..............................
..............................
.......*..*....*..*...........
.....***..******..***.........
.......*..*....*..*...........
..............................
..............................
..............................
..............................
..............................
..............................
..............................
..............................
..............................
..............................
..............................
..............................
..............................
..............................
..............................
..............................
..............................
..............................
..............................
..............................

Generation = 10, Population = 22.
..............................
..............................
..............................
..............................
..............................
..............................
..............................
.......*..*.**.*..*...........
.......****.**.****...........
.......*..*.**.*..*...........
..............................
..............................
..............................
..............................
..............................
..............................
..............................
..............................
..............................
..............................
..............................
..............................
..............................
..............................
..............................
..............................
..............................
..............................
..............................
..............................

Generation = 11, Population = 18.
..............................
..............................
..............................
..............................
..............................
..............................
..............................
.......*..*.**.*..*...........
......**..*....*..**..........
.......*..*.**.*..*...........
..............................
..............................
..............................
..............................
..............................
..............................
..............................
..............................
..............................
..............................
..............................
..............................
..............................
..............................
..............................
..............................
..............................
..............................
..............................
..............................

Generation = 12, Population = 22.
..............................
..............................
..............................
..............................
..............................
..............................
..............................
......**...*..*...**..........
......*****....*****..........
......**...*..*...**..........
..............................
..............................
..............................
..............................
..............................
..............................
..............................
..............................
..............................
..............................
..............................
..............................
..............................
..............................
..............................
..............................
..............................
..............................
..............................
..............................

Generation = 13, Population = 20.
..............................
..............................
..............................
..............................
..............................
..............................
..............................
......*..**....**..*..........
.....*...***..***...*.........
......*..**....**..*..........
..............................
..............................
..............................
..............................
..............................
..............................
..............................
..............................
..............................
..............................
..............................
..............................
..............................
..............................
..............................
..............................
..............................
..............................
..............................
..............................

Generation = 14, Population = 16.
..............................
..............................
..............................
..............................
..............................
..............................
..............................
.........*.*..*.*.............
.....**.*..*..*..*.**.........
.........*.*..*.*.............
..............................
..............................
..............................
..............................
..............................
..............................
..............................
..............................
..............................
..............................
..............................
..............................
..............................
..............................
..............................
..............................
..............................
..............................
..............................
..............................

*** Life<ConwayCell> 40x40 ***

Generation = 0, Population = 77.
.............................*..........
........................................
........................................
..*...*...*.............................
.............*..........................
.........................*.........*....
*................*......................
....*........*....*.....................
.......................*.............*..
...............................*.*......
........................................
........*.................*.............
..*..............................*......
.......................*................
......*.................................
...*.........................*...*......
..*....*....*..........*........*.......
.............*..*.......................
*..............**.............*.........
............*.*.........................
.........*....*.*............*..........
........................................
........................*...............
........*...................*.*.........
........................................
.....*..................................
......*.................................
.*..*.......................*...........
.....................................*..
...............................*........
....*...............................*...
..............*....*....................
.....................*............*...*.
............*.*.........................
....*.....................*.............
.*.*..............*............*........
...............*..*....*.*...*..*.......
..........*.........*....*..............
........................................
........................................

Generation = 2, Population = 7.
........................................
........................................
........................................
........................................
........................................
........................................
........................................
........................................
........................................
........................................
........................................
........................................
........................................
........................................
........................................
........................................
........................................
................*.......................
.............*...*......................
............*...*.......................
.............*.*........................
........................................
........................................
........................................
........................................
........................................
........................................
........................................
........................................
........................................
........................................
........................................
........................................
........................................
........................................
........................................
........................................
........................................
........................................
........................................

Generation = 4, Population = 9.
........................................
........................................
........................................
........................................
........................................
........................................
........................................
........................................
........................................
........................................
........................................
........................................
........................................
........................................
........................................
........................................
........................................
........................................
.............*.***......................
.............*.***......................
.............*..........................
........................................
........................................
........................................
........................................
........................................
........................................
........................................
........................................
........................................
........................................
........................................
........................................
........................................
........................................
........................................
........................................
........................................
........................................
........................................

Generation = 6, Population = 11.
........................................
........................................
........................................
........................................
........................................
........................................
........................................
........................................
........................................
........................................
........................................
........................................
........................................
........................................
........................................
........................................
........................................
................*.......................
..............**.*......................
.............*.*.*......................
.............****.......................
........................................
........................................
........................................
........................................
........................................
........................................
........................................
........................................
........................................
........................................
........................................
........................................
........................................
........................................
........................................
........................................
........................................
........................................
........................................

Generation = 8, Population = 14.
........................................
........................................
........................................
........................................
........................................
........................................
........................................
........................................
........................................
........................................
........................................
........................................
........................................
........................................
........................................
........................................
........................................
..............***.......................
..............**.*......................
.............*...*......................
.............*.**.......................
..............***.......................
........................................
........................................
........................................
........................................
........................................
........................................
........................................
........................................
........................................
........................................
........................................
........................................
........................................
........................................
........................................
........................................
........................................
........................................

Generation = 10, Population = 22.
........................................
........................................
........................................
........................................
........................................
........................................
........................................
........................................
........................................
........................................
........................................
........................................
........................................
........................................
........................................
........................................
...............*........................
..............***.......................
.............**.**......................
............***.***.....................
.............**.**......................
..............***.......................
...............*........................
........................................
........................................
........................................
........................................
........................................
........................................
........................................
........................................
........................................
........................................
........................................
........................................
........................................
........................................
........................................
........................................
........................................
