*** Life<Cell> 10x10 ***

Generation = 0, Population = 63.
----------
-000000---
-000000---
-00000----
-----00---
-000000000
-000000000
-000000000
-000000000
-00000000-

Generation = 9, Population = 28.
-..*.1..--
...*..0.--
..---.----
.1.-...-11
--*.*-0--.
.-..*.1.*-
-.--*11...
...*.-1*..
-.***-*-..
1*.1.*1..-

*** Life<Cell> 20x20 ***

Generation = 0, Population = 83.
--------------------
-000000-------------
-000000-------------
-000000-------------
-000000-------------
-000000000----------
------0000----------
-000000000----------
-000000000----------
-00000--------------
----00000000--------
-00000000-----------
----0000000---------
--------------------
--------------------
--------------------
--------------------
--------------------
--------------------
--------------------

Generation = 12, Population = 158.
-....**....01*.-----
*1.**.*....-.*0---0-
.*....*11-*0.-11--0-
.*..-.*.-*.*.**1--1-
1.0...**1.1-..--0*0-
...*.....**0...*.-1-
.-.0*.*.-..-.*..1***
...**.*.*.*....---1-
***1*.....*1.*0--0--
..*....*.-1*-*0110-0
.*....1*.****..*1.-*
-*1-.-*****.*0*1.1*-
*.**.****-*.....*1--
1....*.1.--*--.-.---
1-**-....-..--1-*0*1
..-1.*-*.*--.-0-----
00.*-*...-1*.-10000-
*....*-*..1--10-----
01*-0....-...-10----
**-0..**1-----------

*** Life<Cell> 15x15 ***

Generation = 0, Population = 101.
---------------
-000000--------
-000000--------
-000000--------
-000000--------
-000000000-----
-000000000-----
-000000000-----
-000000000-----
-000000000-----
-00000000000---
-00000000000---
-0000000000----
---------------
---------------

Generation = 1, Population = 72.
-000000--------
0-1111-0-------
01----10-------
01----10-------
01----1-00-----
01-----11-0----
01-------10----
01-------10----
01-------10----
01-------1-0---
01--------1-0--
01----------0--
0-11111111-----
-0000000000----
---------------

Generation = 2, Population = 104.
-111111--------
1--**--10------
1--00--10------
1*0--0*--0-----
1*0--0*--1-----
1*0----*--10---
1*0----0--10---
1*0-----0*10---
1*0-----0*-----
1*0-----0*-----
1*0--------010-
1--00000000010-
1--******---0--
-11111111110---
-0000000000----

*** Life<Cell> 10x10 ***

Generation = 0, Population = 58.
----------
------0---
-000000---
-000000---
-000------
-000000000
-000000000
-000000000
-000000000
-0---00000

Generation = 2, Population = 61.
-000001---
-111-0*-0-
1--*-**10-
1--0*-0--0
1*-*10-111
1*0----*-0
1*0-0000-*
1*-00---0-
1--**000-*
--01-0*-*-