*** Life<ConwayCell> 7x7 ***

Generation = 0, Population = 28.
.......
.******
.******
.******
.******
.****..
.......

Generation = 1, Population = 13.
..****.
.*....*
*......
*......
*.....*
.*.....
..**...

*** Life<ConwayCell> 4x4 ***

Generation = 0, Population = 7.
....
.***
.***
.*..

Generation = 1, Population = 6.
..*.
.*.*
*..*
.*..

Generation = 2, Population = 5.
..*.
.*.*
**..
....

*** Life<ConwayCell> 12x12 ***

Generation = 0, Population = 46.
............
.******.....
.******.....
.******.....
.******.....
.*****......
............
.*********..
............
.********...
............
............

Generation = 1, Population = 35.
..****......
.*....*.....
*......*....
*......*....
*...........
.*....*.....
.......**...
..*******...
.........*..
..******....
..******....
............

*** Life<ConwayCell> 15x15 ***

Generation = 0, Population = 38.
...............
.******........
.*....*........
.******........
.******........
.*****.........
...............
.*********.....
...............
.****..........
...............
...............
...............
...............
...............

Generation = 1, Population = 33.
..****.........
.******........
*......*.......
*......*.......
*..............
.*....*........
.......**......
..*******......
......***......
..**...........
..**...........
...............
...............
...............
...............

Generation = 2, Population = 29.
.*....*........
.*....*........
*.****.*.......
**.............
**.............
.......*.......
..***...*......
...***...*.....
........*......
..**...*.......
..**...........
...............
...............
...............
...............

*** Life<ConwayCell> 8x8 ***

Generation = 0, Population = 5.
........
........
..*.*...
...*.*..
....*...
........
........
........

Generation = 1, Population = 5.
........
........
...**...
...*.*..
....*...
........
........
........

Generation = 2, Population = 5.
........
........
...**...
...*.*..
....*...
........
........
........

*** Life<ConwayCell> 18x16 ***

Generation = 0, Population = 78.
................
.******.........
.******.........
.****...........
.....**.........
.*********......
.*******........
.....*****......
.*********......
.*********......
.***********....
.********.......
.........**.....
................
................
................
................
................

Generation = 12, Population = 17.
................
**..............
**..............
................
................
................
................
................
.......*........
......****......
.......**.*.....
.........***....
.........**.....
................
................
................
................
................

*** Life<ConwayCell> 20x20 ***

Generation = 0, Population = 82.
....................
.******.............
.******.............
.******.............
.******.............
.*********..........
.********...........
.......***..........
.*********..........
.*********..........
.***********........
.*******............
.........**.........
....................
....................
....................
....................
....................
....................
....................

Generation = 1, Population = 27.
..****..............
.*....*.............
*......*............
*......*............
*.......*...........
*........*..........
.*..................
....................
.*........*.........
*...................
*.........*.........
.*.........*........
..*****.............
....................
....................
....................
....................
....................
....................
....................

*** Life<ConwayCell> 9x4 ***

Generation = 0, Population = 7.
....
.**.
.***
.*.*
....
....
....
....
....

Generation = 2, Population = 5.
....
..*.
**.*
..*.
....
....
....
....
....

*** Life<ConwayCell> 6x6 ***

Generation = 0, Population = 6.
......
..**..
..*.*.
..*.*.
......
......

Generation = 1, Population = 5.
......
..**..
.**.*.
......
......
......

Generation = 2, Population = 5.
......
.***..
.**...
......
......
......

*** Life<ConwayCell> 15x15 ***

Generation = 0, Population = 87.
...............
.******........
.******........
.***...........
....***........
.*********.....
.**......*.....
.*********.....
.*********.....
.***...***.....
.***********...
.***********...
.***********...
...............
...............

Generation = 1, Population = 36.
..****.........
.*....*........
*.....*........
.*.............
........*......
.*.....***.....
*.........*....
*.........*....
*.........*....
*..............
*..........*...
*...........*..
.*.........*...
..*********....
...............

Generation = 2, Population = 63.
..****.........
.****.*........
**.............
...............
.......***.....
.......***.....
**......*.*....
**.......***...
**.............
**.............
**.............
**.........**..
.***********...
..*********....
...*******.....