*** Life<FredkinCell> 15x15 ***

Generation = 0, Population = 92.
---------------
-000000--------
-000000--------
-000000--------
-000000--------
-000000000-----
-000000000-----
-00----000-----
-000000000-----
-000000000-----
-00000000000---
-000000000-----
----0000000----
---------------
---------------

Generation = 1, Population = 84.
-000000--------
0-1111-0-------
01----10-------
01----10-------
01----1-00-----
01-----11-0----
01-1111--10----
0110--01-10----
01-1111--10----
01-------1-0---
01---------10--
0-11-----100---
-00--1111110---
----0000000----
---------------

Generation = 2, Population = 103.
-111111--------
1--22--10------
1--00--10------
120--02--0-----
120--02--1-----
12000002--10---
120----0--10---
1--10012-210---
120-----02-----
1200000-0201---
1--0-------210-
1--20000--11---
-1----222---0--
-000111111-----
----0000000----

*** Life<FredkinCell> 6x6 ***

Generation = 0, Population = 13.
------
-00000
------
-00000
-000--
------

Generation = 4, Population = 11.
-001--
-10--2
------
---21-
1-22--
------

*** Life<FredkinCell> 18x15 ***

Generation = 0, Population = 101.
---------------
-000000--------
-000000--------
-000000--------
-000000--------
-000000000-----
-000000000-----
-000000000-----
-000000000-----
-000000000-----
-00000000000---
-00000000000---
-0000000000----
---------------
---------------
---------------
---------------
---------------

Generation = 1, Population = 72.
-000000--------
0-1111-0-------
01----10-------
01----10-------
01----1-00-----
01-----11-0----
01-------10----
01-------10----
01-------10----
01-------1-0---
01--------1-0--
01----------0--
0-11111111-----
-0000000000----
---------------
---------------
---------------
---------------

Generation = 2, Population = 104.
-111111--------
1--22--10------
1--00--10------
120--02--0-----
120--02--1-----
120----2--10---
120----0--10---
120-----0210---
120-----02-----
120-----02-----
120--------010-
1--00000000010-
1--222222---0--
-11111111110---
-0000000000----
---------------
---------------
---------------

*** Life<FredkinCell> 5x7 ***

Generation = 0, Population = 18.
-------
-0000--
-0000--
-000---
-000---

Generation = 5, Population = 19.
-2-1---
--1---0
--00-1-
--251-0
1-0-00-

*** Life<FredkinCell> 15x18 ***

Generation = 0, Population = 80.
------------------
-0000-------------
------------------
---0000-----------
-000000-----------
-000000000--------
-000000000--------
-00----000--------
-000000000--------
-000000000--------
-00000000000------
-00000000---------
-----000000-------
------------------
------------------

Generation = 1, Population = 80.
-0000-------------
01--10------------
-00--00-----------
-0--11-0----------
0-1---1-00--------
01-----11-0-------
01-1111--10-------
0110--01-10-------
01-1111--10-------
01-------1-0------
01-------1-10-----
0-111---10-0------
-000--111-10------
-----000000-------
------------------

Generation = 2, Population = 87.
------------------
120---------------
-110011-----------
-1002----0--------
1--00----1--------
1--00002--10------
120----0--10------
1--10012-210------
120-----02--------
1200000-0-01------
1--00------210----
1--2200---0-------
-11----22---0-----
-00001111---------
-----000000-------

Generation = 3, Population = 93.
000---------------
23--100-----------
-2-11-20-0--------
--1-3-0-010-------
2--11-1002-0------
----1---1---0-----
2-11--1-0-210-----
-112----0-2-0-----
23-1------0-------
23111-1-111--0----
---110--0-0--10---
2---3-1-10---0----
---0--1--010-0----
0-1--22-2-0-0-----
-000--111-10------