*** Life<Cell> 77x55 ***

Generation = 0, Population = 146.
---------------------------------------------0---------
-------------------------0-------0---0-----------------
------------------------------------0------------------
-------------------------------------------------------
-----------------------0-------------------------------
---------0----0----------------------------------------
------------------------------------0------------------
-----------------------0-------------------------------
-----------------------------0-----------------0-------
-------------------------------------------------------
----0------------------------------------------0-------
-0---------------0-----------------0-----0---0---------
----------------------------0--------------------------
--------------------0-------------------------00-----0-
---------------------0-0-------------------------------
-0----------------------------------------0------------
----------------------------------------0--------------
-------------------------------------------------------
-------------------------------------------------------
-----0------0------------------------------------------
----------------------------0--------------------------
----------------------------------0-------0-------0----
----0--------------------------------------------------
-------------------0-------0---------------------------
-------------------------------------------------------
--0------------0-----------------------------------0---
------------0--------0------------------------00-------
----------0--------------------0-------------0---------
---------------------------------------------0---------
------------------0--------0---------------------------
-----------------------------0-------------------------
----------------------------------------00-0-----------
------------0-------0-0-0------------------------------
-------------------------------------------------------
-------------------------------------------------0-----
----------------------0--------------------------------
---------0------------------0-0------------------------
--------------0---------------0------------------------
-----------------------0-------------------------------
--------------------0------------0---------------------
------------0-------0----------------------------------
-0----------0------------------------------------------
-------------0-----------------------------------------
-----------0-------------------------------------------
-------------------------------------------------------
----------------0-----------00-------0-----0---0-------
----------------------------------------------00-------
-------------------------------------------------0-----
-------------------------------------------------------
-----0-------------------0----------------0------------
---0---------------------------------------------------
-----------0-------------0--0--------0-----------------
-------------------------0-----------------------------
-------------------------------------------------0-----
----------------------------0--------------0--------0--
0-----------0-----------------------------------------0
0-------------00---------------------------------------
------------------------------0----0--------0----------
-------0-----------------------------------------------
--------0-------------------------------0--------------
---------------0------0--------------------0-----0-----
---------------------------0--------0-----------0------
-----------------------------0-------------------------
------0---0----------------------0-------------0-------
-------------------------------------------------------
---------------------------------------------------0---
-----------------0------------0------------------------
------------------0---------------------------0-----0--
-----------------0------0---00-0-----------------------
-----0--------------------0----------------------------
--0--------------------------0-------------------------
----0--------------------------------------------------
------0------------------------------------------------
------------------------0--------0---------------0-----
-------------------------------------------------------
------------------------------------------00-----------
----------------------------------------0--0--------0--

Generation = 68, Population = 506.
....**.**........-.............-...................-..-
....**.**........................***............-......
............................**...*.**..........-...*...
-...............................***................*...
...........................*.*..***....................
......*....................*....*.*....................
.....*.*.............*.................................
.-..*...*..........*...*.........****..................
....*..*...........*...*.............*.................
.........***......................****.................
......*.................***.......*.*..................
.......****....-........*..........*.*.................
.......***.................*....*.****.................
...................*....*...***.*..**........*.........
....**..............**..*.....*.*..*..**....***........
...*...............****.....*......**.**......*........
....*..*.............**.****.......**.*.............***
....*..*..............***............*.................
.....................***.....................**....-...
....................*..*.....................**........
...................**.**....*..........................
**...................*.....**.....................**...
**........-................*.....................*.*...
...........................**....................**....
**...*...**...............**.*.........................
**..*..**.*.....**.**......*.*....-....................
....*......*....*...*.....*.*..........................
....*..*.**......***........*.........*................
....**.*.*........*.......**.**......*.*...............
.......*..*.........................*...*......-.......
.**...***.**...........-.*.*.........*...*.............
.*.....***...............*...*............*............
.........................**..*....-...*...*............
...**.....................***.............*............
..***......................*..........*.***............
..***................................*****.............
........................*............**...**...........
.......***.............*.*..................*..........
...........................*...........***.............
.......................**...............**.............
.............................*.........................
.............-................****..........**.........
................................**..........**.........
....-..................**..*...**......................
.......................**..............................
....-.........***..........*.*.....................**..
..............*..*.................................**..
.............*...*.........*...............***.........
.-...........**...........*..****..........***.........
..............*.*.............***.........**.**........
..-....**......**.**........*...*..........***.........
.......**.......*..*.........***...........***.........
.................**..........*..*..-........*..........
.............-...............*...*.....................
.-...........................*....**.................-.
............................*....**.*..................
.....................**........*.....*.................
.....................**...**.**....*.*............-..-.
..........................**..*.*.****.................
..........................**.*.*.*.**............**....
...............................***.**...........*..*...
............................***..................**....
.........*.............................................
.*......*...............-......................**......
.*.......*..........................*.........*.*......
.*.........**......................***.....*....*......
.........***.**..*..**.............***.....***.........
.......*.***..*.*..*...............**..................
.......*...*....*..................***.................
...................**..............***.................
......*...*.....**.**..............**..................
......**...**.......*...............**.........**......
.......*.......**.**.................**........*.*.....
...............**.**.............**...*.***....*.*.....
.................*............**..*....**.......*......
.......................**....*....*..........-.........
.......................**....*.........................

Generation = 136, Population = 366.
.................-.............-...................-..-
..............................................****.....
..............................................**..*....
-...........................................*.**.......
...........................................**..****....
...............................................**......
.......................................................
.-..**.................................................
....**.................................................
...................................**..................
..................................*..*.................
...............-..............**...**..................
..........**.................*..*......................
..........**..................**.........*.............
....*....................................*.............
...*.*...................................*....**.......
...**......................**................*..*...***
..........................*..*................**.......
...........................**......................-...
.......................................................
.......................................................
......................*...........................**...
.....................***.........................*.*...
...**................**.*........................**....
...**....**.....****.*.**..............................
..*..*.**..*......*..*.*.**.......-....................
...**.*****...**.**..*.....*...........................
...**.**......**.*........***..........................
.....*.........*.**.*......*...........................
.................******.***....................-.......
...................*.*.***..........***................
......................***.......***.***................
................................***.*..................
................................**.*****...............
...............................*.*.*.**................
..............................*..*..*..................
........................*.*....*.*...**................
...................*....*.*............................
...................**....*.............................
..................***...........*.*....................
................**................*....................
................***.........................**.........
...............*.........**......**.........**.........
....-..........**........*..*..........**..............
.........**.......**....*...*.........*.*..............
....-..........*.......*...............*...........**..
...........*...*...................................**..
...............*.*.....*...*.**........................
.-.............**.**......**.**.*......................
..........................*......*.....................
..-............*.........*....*.*......................
..............*..*.*.**..*....**............*..........
.............**......**..**..........*......*..........
.............*..*...................*.*.....*..........
.-............*.*...***..............**..............-.
..............*..*.....*...............................
...............*...*...**..............................
..................**...**.........................-..-.
...............*..*..**................................
..........***..**......................................
.........*...**........................................
........**.*.*.....*...................................
............*.....****.*...............................
.*......*.*......*..**...*.........**..................
.*.......**.....*.*.**.**.........*..*.................
.*..............*.*...**...........**..................
..................**...................................
...........*......*....................................
...........**..........................................
...............**...*..................................
................*..*...................................
................***....................................
.............*..**.....................................
..............***......................................
...............*.......................................
...**..................**....................-.........
...**..................**..............................

Generation = 204, Population = 192.
.................-.............-...............*......-
..............................................*.*...*..
..............................................**....*..
-...................................................*..
.......................................................
.......................................................
.......................................................
.-..**.................................................
....**.................................................
...................................**..................
..................................*..*.................
...............-..............**...**..................
..........**.................*..*......................
..........**..................**.........*.............
....*....................................*.............
...*.*...................................*....**.......
...**......................**................*..*...***
..........................*..*................**.......
...........................**......................-...
.......................................................
.......................................................
..................................................**...
.................................................*.*...
...*.....**......................................**....
..*.*....**............................................
...**..................................................
.......................................................
....................**.......*.........................
....................**......*.*........................
............................*.*................-.......
.............................*.........................
.......................................................
.......................................................
.......................................................
.......................................................
.......................................................
.......................................................
...............*.......................................
...............*.......................................
...............*.......................................
.......................................................
............................................**.........
...............*..*......*..................**.........
....-.........*.........*.*............**..............
.............*..........*.*...........*.*..............
....-........*...*.*.....*.............*...........**..
..............*...*................................**..
.......................................................
.-.....................................................
...........**..........................................
..-.......*..**.................**.....................
..........**.**...**............**..........*..........
...........*.**.....*................*......*..........
............*****...................*.*.....*..........
.-.........**.*...**.................**..............-.
..........**.*.........................................
.........*.....***.....................................
..........**......................................-..-.
.................*.....................................
..............*****....................................
...............*.......*...............................
..*......................*.............................
.*.*..................**.*.............................
.*..*................*...*.........**..................
..**....................*.........*..*.................
......................***..........**..................
.......................................................
.......................................................
.......................................................
.......................................................
.......................................................
.......................................................
.......................................................
.......................................................
.......................................................
...**..................**....................-.........
...**..................**..............................

Generation = 272, Population = 172.
.................-.............-...............*......-
..............................................*.*...*..
..............................................**....*..
-...................................................*..
.......................................................
.......................................................
.......................................................
.-..**.................................................
....**.................................................
...................................**..................
..................................*..*.................
...............-..............**...**..................
..........**.................*..*......................
..........**..................**.........*.............
....*....................................*.............
...*.*...................................*....**.......
...**......................**................*..*...***
..........................*..*................**.......
...........................**......................-...
.......................................................
.......................................................
..................................................**...
.................................................*.*...
...*.....**......................................**....
..*.*....**............................................
...**..................................................
.......................................................
....................**.......*.........................
....................**......*.*........................
............................*.*................-.......
.............................*.........................
.......................................................
.......................................................
.......................................................
.......................................................
.......................................................
.......................................................
..***..................................................
.*....*................................................
...*...*.....**........................................
.......*.....**........................................
............................................**.........
...**.....*..............*..................**.........
...**....*.*....**......*.*............**..............
.........*.*....**......*.*...........*.*..............
....-.....*..............*.............*...........**..
...................................................**..
.......................................................
.-.....................................................
.......................................................
..-.............................**.....................
................................**..........*..........
.....................................*......*..........
....................................*.*.....*..........
.-...........*.......................**..............-.
............*.*........................................
............*.*........................................
.............*....................................-..-.
.......................................................
.......................................................
.......................................................
..*..................***...............................
.*.*...................................................
.*..*..............*.....*.........**..................
..**...............*.....*........*..*.................
...................*.....*.........**..................
.......................................................
.....................***...............................
.......................................................
.......................................................
.......................................................
.......................................................
.......................................................
.......................................................
.......................................................
...**..................**....................-.........
...**..................**..............................

Generation = 340, Population = 172.
.................-.............-...............*......-
..............................................*.*...*..
..............................................**....*..
-...................................................*..
.......................................................
.......................................................
.......................................................
.-..**.................................................
....**.................................................
...................................**..................
..................................*..*.................
...............-..............**...**..................
..........**.................*..*......................
..........**..................**.........*.............
....*....................................*.............
...*.*...................................*....**.......
...**......................**................*..*...***
..........................*..*................**.......
...........................**......................-...
.......................................................
.......................................................
..................................................**...
.................................................*.*...
...*.....**......................................**....
..*.*....**............................................
...**..................................................
.......................................................
....................**.......*.........................
....................**......*.*........................
............................*.*................-.......
.............................*.........................
.......................................................
.......................................................
.......................................................
.......................................................
.......................................................
...**..................................................
..*..*.................................................
..*..*.................................................
...**........**........................................
.............**........................................
............................................**.........
...**.....*..............*..................**.........
...**....*.*....**......*.*............**..............
.........*.*....**......*.*...........*.*..............
....-.....*..............*.............*...........**..
...................................................**..
.......................................................
.-.....................................................
.......................................................
..-.............................**.....................
................................**..........*..........
.....................................*......*..........
....................................*.*.....*..........
.-...........*.......................**..............-.
............*.*........................................
............*.*........................................
.............*....................................-..-.
.......................................................
.......................................................
.......................................................
..*..................***...............................
.*.*...................................................
.*..*..............*.....*.........**..................
..**...............*.....*........*..*.................
...................*.....*.........**..................
.......................................................
.....................***...............................
.......................................................
.......................................................
.......................................................
.......................................................
.......................................................
.......................................................
.......................................................
...**..................**....................-.........
...**..................**..............................

Generation = 408, Population = 172.
.................-.............-...............*......-
..............................................*.*...*..
..............................................**....*..
-...................................................*..
.......................................................
.......................................................
.......................................................
.-..**.................................................
....**.................................................
...................................**..................
..................................*..*.................
...............-..............**...**..................
..........**.................*..*......................
..........**..................**.........*.............
....*....................................*.............
...*.*...................................*....**.......
...**......................**................*..*...***
..........................*..*................**.......
...........................**......................-...
.......................................................
.......................................................
..................................................**...
.................................................*.*...
...*.....**......................................**....
..*.*....**............................................
...**..................................................
.......................................................
....................**.......*.........................
....................**......*.*........................
............................*.*................-.......
.............................*.........................
.......................................................
.......................................................
.......................................................
.......................................................
.......................................................
...**..................................................
..*..*.................................................
..*..*.................................................
...**........**........................................
.............**........................................
............................................**.........
...**.....*..............*..................**.........
...**....*.*....**......*.*............**..............
.........*.*....**......*.*...........*.*..............
....-.....*..............*.............*...........**..
...................................................**..
.......................................................
.-.....................................................
.......................................................
..-.............................**.....................
................................**..........*..........
.....................................*......*..........
....................................*.*.....*..........
.-...........*.......................**..............-.
............*.*........................................
............*.*........................................
.............*....................................-..-.
.......................................................
.......................................................
.......................................................
..*..................***...............................
.*.*...................................................
.*..*..............*.....*.........**..................
..**...............*.....*........*..*.................
...................*.....*.........**..................
.......................................................
.....................***...............................
.......................................................
.......................................................
.......................................................
.......................................................
.......................................................
.......................................................
.......................................................
...**..................**....................-.........
...**..................**..............................

Generation = 476, Population = 172.
.................-.............-...............*......-
..............................................*.*...*..
..............................................**....*..
-...................................................*..
.......................................................
.......................................................
.......................................................
.-..**.................................................
....**.................................................
...................................**..................
..................................*..*.................
...............-..............**...**..................
..........**.................*..*......................
..........**..................**.........*.............
....*....................................*.............
...*.*...................................*....**.......
...**......................**................*..*...***
..........................*..*................**.......
...........................**......................-...
.......................................................
.......................................................
..................................................**...
.................................................*.*...
...*.....**......................................**....
..*.*....**............................................
...**..................................................
.......................................................
....................**.......*.........................
....................**......*.*........................
............................*.*................-.......
.............................*.........................
.......................................................
.......................................................
.......................................................
.......................................................
.......................................................
...**..................................................
..*..*.................................................
..*..*.................................................
...**........**........................................
.............**........................................
............................................**.........
...**.....*..............*..................**.........
...**....*.*....**......*.*............**..............
.........*.*....**......*.*...........*.*..............
....-.....*..............*.............*...........**..
...................................................**..
.......................................................
.-.....................................................
.......................................................
..-.............................**.....................
................................**..........*..........
.....................................*......*..........
....................................*.*.....*..........
.-...........*.......................**..............-.
............*.*........................................
............*.*........................................
.............*....................................-..-.
.......................................................
.......................................................
.......................................................
..*..................***...............................
.*.*...................................................
.*..*..............*.....*.........**..................
..**...............*.....*........*..*.................
...................*.....*.........**..................
.......................................................
.....................***...............................
.......................................................
.......................................................
.......................................................
.......................................................
.......................................................
.......................................................
.......................................................
...**..................**....................-.........
...**..................**..............................

Generation = 544, Population = 172.
.................-.............-...............*......-
..............................................*.*...*..
..............................................**....*..
-...................................................*..
.......................................................
.......................................................
.......................................................
.-..**.................................................
....**.................................................
...................................**..................
..................................*..*.................
...............-..............**...**..................
..........**.................*..*......................
..........**..................**.........*.............
....*....................................*.............
...*.*...................................*....**.......
...**......................**................*..*...***
..........................*..*................**.......
...........................**......................-...
.......................................................
.......................................................
..................................................**...
.................................................*.*...
...*.....**......................................**....
..*.*....**............................................
...**..................................................
.......................................................
....................**.......*.........................
....................**......*.*........................
............................*.*................-.......
.............................*.........................
.......................................................
.......................................................
.......................................................
.......................................................
.......................................................
...**..................................................
..*..*.................................................
..*..*.................................................
...**........**........................................
.............**........................................
............................................**.........
...**.....*..............*..................**.........
...**....*.*....**......*.*............**..............
.........*.*....**......*.*...........*.*..............
....-.....*..............*.............*...........**..
...................................................**..
.......................................................
.-.....................................................
.......................................................
..-.............................**.....................
................................**..........*..........
.....................................*......*..........
....................................*.*.....*..........
.-...........*.......................**..............-.
............*.*........................................
............*.*........................................
.............*....................................-..-.
.......................................................
.......................................................
.......................................................
..*..................***...............................
.*.*...................................................
.*..*..............*.....*.........**..................
..**...............*.....*........*..*.................
...................*.....*.........**..................
.......................................................
.....................***...............................
.......................................................
.......................................................
.......................................................
.......................................................
.......................................................
.......................................................
.......................................................
...**..................**....................-.........
...**..................**..............................

Generation = 612, Population = 172.
.................-.............-...............*......-
..............................................*.*...*..
..............................................**....*..
-...................................................*..
.......................................................
.......................................................
.......................................................
.-..**.................................................
....**.................................................
...................................**..................
..................................*..*.................
...............-..............**...**..................
..........**.................*..*......................
..........**..................**.........*.............
....*....................................*.............
...*.*...................................*....**.......
...**......................**................*..*...***
..........................*..*................**.......
...........................**......................-...
.......................................................
.......................................................
..................................................**...
.................................................*.*...
...*.....**......................................**....
..*.*....**............................................
...**..................................................
.......................................................
....................**.......*.........................
....................**......*.*........................
............................*.*................-.......
.............................*.........................
.......................................................
.......................................................
.......................................................
.......................................................
.......................................................
...**..................................................
..*..*.................................................
..*..*.................................................
...**........**........................................
.............**........................................
............................................**.........
...**.....*..............*..................**.........
...**....*.*....**......*.*............**..............
.........*.*....**......*.*...........*.*..............
....-.....*..............*.............*...........**..
...................................................**..
.......................................................
.-.....................................................
.......................................................
..-.............................**.....................
................................**..........*..........
.....................................*......*..........
....................................*.*.....*..........
.-...........*.......................**..............-.
............*.*........................................
............*.*........................................
.............*....................................-..-.
.......................................................
.......................................................
.......................................................
..*..................***...............................
.*.*...................................................
.*..*..............*.....*.........**..................
..**...............*.....*........*..*.................
...................*.....*.........**..................
.......................................................
.....................***...............................
.......................................................
.......................................................
.......................................................
.......................................................
.......................................................
.......................................................
.......................................................
...**..................**....................-.........
...**..................**..............................

Generation = 680, Population = 172.
.................-.............-...............*......-
..............................................*.*...*..
..............................................**....*..
-...................................................*..
.......................................................
.......................................................
.......................................................
.-..**.................................................
....**.................................................
...................................**..................
..................................*..*.................
...............-..............**...**..................
..........**.................*..*......................
..........**..................**.........*.............
....*....................................*.............
...*.*...................................*....**.......
...**......................**................*..*...***
..........................*..*................**.......
...........................**......................-...
.......................................................
.......................................................
..................................................**...
.................................................*.*...
...*.....**......................................**....
..*.*....**............................................
...**..................................................
.......................................................
....................**.......*.........................
....................**......*.*........................
............................*.*................-.......
.............................*.........................
.......................................................
.......................................................
.......................................................
.......................................................
.......................................................
...**..................................................
..*..*.................................................
..*..*.................................................
...**........**........................................
.............**........................................
............................................**.........
...**.....*..............*..................**.........
...**....*.*....**......*.*............**..............
.........*.*....**......*.*...........*.*..............
....-.....*..............*.............*...........**..
...................................................**..
.......................................................
.-.....................................................
.......................................................
..-.............................**.....................
................................**..........*..........
.....................................*......*..........
....................................*.*.....*..........
.-...........*.......................**..............-.
............*.*........................................
............*.*........................................
.............*....................................-..-.
.......................................................
.......................................................
.......................................................
..*..................***...............................
.*.*...................................................
.*..*..............*.....*.........**..................
..**...............*.....*........*..*.................
...................*.....*.........**..................
.......................................................
.....................***...............................
.......................................................
.......................................................
.......................................................
.......................................................
.......................................................
.......................................................
.......................................................
...**..................**....................-.........
...**..................**..............................

Generation = 748, Population = 172.
.................-.............-...............*......-
..............................................*.*...*..
..............................................**....*..
-...................................................*..
.......................................................
.......................................................
.......................................................
.-..**.................................................
....**.................................................
...................................**..................
..................................*..*.................
...............-..............**...**..................
..........**.................*..*......................
..........**..................**.........*.............
....*....................................*.............
...*.*...................................*....**.......
...**......................**................*..*...***
..........................*..*................**.......
...........................**......................-...
.......................................................
.......................................................
..................................................**...
.................................................*.*...
...*.....**......................................**....
..*.*....**............................................
...**..................................................
.......................................................
....................**.......*.........................
....................**......*.*........................
............................*.*................-.......
.............................*.........................
.......................................................
.......................................................
.......................................................
.......................................................
.......................................................
...**..................................................
..*..*.................................................
..*..*.................................................
...**........**........................................
.............**........................................
............................................**.........
...**.....*..............*..................**.........
...**....*.*....**......*.*............**..............
.........*.*....**......*.*...........*.*..............
....-.....*..............*.............*...........**..
...................................................**..
.......................................................
.-.....................................................
.......................................................
..-.............................**.....................
................................**..........*..........
.....................................*......*..........
....................................*.*.....*..........
.-...........*.......................**..............-.
............*.*........................................
............*.*........................................
.............*....................................-..-.
.......................................................
.......................................................
.......................................................
..*..................***...............................
.*.*...................................................
.*..*..............*.....*.........**..................
..**...............*.....*........*..*.................
...................*.....*.........**..................
.......................................................
.....................***...............................
.......................................................
.......................................................
.......................................................
.......................................................
.......................................................
.......................................................
.......................................................
...**..................**....................-.........
...**..................**..............................

Generation = 816, Population = 172.
.................-.............-...............*......-
..............................................*.*...*..
..............................................**....*..
-...................................................*..
.......................................................
.......................................................
.......................................................
.-..**.................................................
....**.................................................
...................................**..................
..................................*..*.................
...............-..............**...**..................
..........**.................*..*......................
..........**..................**.........*.............
....*....................................*.............
...*.*...................................*....**.......
...**......................**................*..*...***
..........................*..*................**.......
...........................**......................-...
.......................................................
.......................................................
..................................................**...
.................................................*.*...
...*.....**......................................**....
..*.*....**............................................
...**..................................................
.......................................................
....................**.......*.........................
....................**......*.*........................
............................*.*................-.......
.............................*.........................
.......................................................
.......................................................
.......................................................
.......................................................
.......................................................
...**..................................................
..*..*.................................................
..*..*.................................................
...**........**........................................
.............**........................................
............................................**.........
...**.....*..............*..................**.........
...**....*.*....**......*.*............**..............
.........*.*....**......*.*...........*.*..............
....-.....*..............*.............*...........**..
...................................................**..
.......................................................
.-.....................................................
.......................................................
..-.............................**.....................
................................**..........*..........
.....................................*......*..........
....................................*.*.....*..........
.-...........*.......................**..............-.
............*.*........................................
............*.*........................................
.............*....................................-..-.
.......................................................
.......................................................
.......................................................
..*..................***...............................
.*.*...................................................
.*..*..............*.....*.........**..................
..**...............*.....*........*..*.................
...................*.....*.........**..................
.......................................................
.....................***...............................
.......................................................
.......................................................
.......................................................
.......................................................
.......................................................
.......................................................
.......................................................
...**..................**....................-.........
...**..................**..............................

*** Life<Cell> 17x55 ***

Generation = 0, Population = 158.
---------0----------------0------0---------0-----------
--0--0------------0-0---0-0---0---0--0-0--0---0--------
----00------0----0-----0------00------0-0-0-----------0
---0000---0------00--0-0--0--0--------00---0--0-0------
----0-------------0-----000-0-----------0---0--0-------
0-----0-0---------0-----0-------0-------------------0--
-------0--0---0-------------0-----0----------------0---
---00---00--0---0-----0----0-0---0---0------0----------
-0--------------------0-----------00-0--0--00----------
--------------0-----0--0---0--0-----0---0---0-0---0-0--
----------0-------00--------------------0----00---0--0-
------0--------0----0------00--0--------------0-0-----0
-0-0----------0------0------00----00-0-------0----0----
---------0-0-00-0--00---------------0-00----0--00---000
-----0------0------------0-----0-------0-0--0----0---0-
-----0--0-------0-----------------0----0---------------
-----------------------0--------0------------0---0-----

Generation = 92, Population = 88.
...-.......................*1.................-........
..........................*.*.......***...**.....-.....
.........................*...*........*.-.**...........
........................**.*.**....*.**............*...
........................**.*..*....**...-....***..*.*..
......-.................*****.**..................*.*..
.................***.......*****.......-...-.......*...
..............................**.......................
.......................................................
........................**............-.........*......
........................*****..................*.*.....
........................**.*****................*......
..-......................*..*.**.....................**
............................*.......-................**
..........................*...*0.......................
..........................**.**.--.....................
..-.-..-....................-..........................

Generation = 184, Population = 29.
...-..........................................-........
....................................*............-.....
...................................*.*.................
....................................*......**.**...*...
...........................................**.**..*.*..
......-...........................................*.*..
.................***.......................-.......*...
.......................................................
.......................................................
......................................-.........*......
...............................................*.*.....
................................................*......
..-..................................................**
....................................-................**
.......................................................
.......................................................
..-.-..-...............................................

Generation = 276, Population = 29.
...-..........................................-........
....................................*............-.....
...................................*.*.................
....................................*......**.**...*...
...........................................**.**..*.*..
......-...........................................*.*..
.................***.......................-.......*...
.......................................................
.......................................................
......................................-.........*......
...............................................*.*.....
................................................*......
..-..................................................**
....................................-................**
.......................................................
.......................................................
..-.-..-...............................................

Generation = 368, Population = 29.
...-..........................................-........
....................................*............-.....
...................................*.*.................
....................................*......**.**...*...
...........................................**.**..*.*..
......-...........................................*.*..
.................***.......................-.......*...
.......................................................
.......................................................
......................................-.........*......
...............................................*.*.....
................................................*......
..-..................................................**
....................................-................**
.......................................................
.......................................................
..-.-..-...............................................

Generation = 460, Population = 29.
...-..........................................-........
....................................*............-.....
...................................*.*.................
....................................*......**.**...*...
...........................................**.**..*.*..
......-...........................................*.*..
.................***.......................-.......*...
.......................................................
.......................................................
......................................-.........*......
...............................................*.*.....
................................................*......
..-..................................................**
....................................-................**
.......................................................
.......................................................
..-.-..-...............................................

Generation = 552, Population = 29.
...-..........................................-........
....................................*............-.....
...................................*.*.................
....................................*......**.**...*...
...........................................**.**..*.*..
......-...........................................*.*..
.................***.......................-.......*...
.......................................................
.......................................................
......................................-.........*......
...............................................*.*.....
................................................*......
..-..................................................**
....................................-................**
.......................................................
.......................................................
..-.-..-...............................................

*** Life<Cell> 2x30 ***

Generation = 0, Population = 29.
0000-00-0-0--000-0----0-0-0--0
-000-0-0000--0-0---0--0----0--

Generation = 54, Population = 4.
...**.....................--..
...**...........-..-...-....-.

Generation = 108, Population = 4.
...**.....................--..
...**...........-..-...-....-.

Generation = 162, Population = 4.
...**.....................--..
...**...........-..-...-....-.

*** Life<Cell> 74x43 ***

Generation = 0, Population = 77.
-------------------------------------------
-------------------------------------------
--0----------------------------0-----------
--------------------0----------------0-----
-------------------------------------------
------0-------------------------0--------0-
--------------------------------------0----
-----------------------------------0-----0-
-------------------------------0-----------
------0---------------------------------0--
-------------------------------------------
-------------------------------------------
------------------0----------------------0-
----0--------------------------------------
------------------0------------------------
-------------------------------------------
-------------------------------------------
----0--------------------------------------
-------------------------------------------
----------------------------------0--------
-------------------------------------------
-------------------------------------------
-------------------------------0-----------
----------------------------0--------------
---------------------0-----------0---------
------------------0------------------------
-------------------------------------------
-------------------------------------------
------------0----------0-------------------
-----------------0-------------------------
-------------------------------------------
-------------------------------------------
----0--------------------------------------
----------------------------------0--------
-------------------------------------------
-----0-------0----0------------------------
---------0-------------0-------0-----------
-------------------------------------------
-----------------0-------------------------
---------------0---------------------------
----------------------------------------0--
-------------------------------------------
-0---------0-------------------------------
-------------------------------------------
-------------0-----------------------------
-------------------0--------0--0-----------
---------------0------0--------------------
------------------0--------------------0---
-------------------------------------------
-------------------------------------------
--------------------------------0-------0--
--------0----------------------------------
--------------------------------0----------
-----0----0--------------------------------
----------------0--------------------------
-------------------------------------------
---------0---------------------------------
--------------------------------0----------
-------------------------------------------
---------------------------0-----------0---
-------------------------------0-----------
------0------------------------------0-----
--------------0----------------------------
-------------------------------------------
---------0------------------0------0-------
---0---------------------------------------
----------------------0--------------------
-------------------------------------------
------------------------00-----------------
--------------------------0----------------
----------------------------------0--------
-------------0----------------------------0
-------------------------------------------
--------------------0-0-------------0------

Generation = 47, Population = 530.
........................***.....-........*.
...*..*....*............*..*............*.*
.*....**..**........*.-.....*...........*.*
.**...**..*.*.....**.**..................*.
...*.......*.***..*...*.*...*..............
..................****...***.............*.
....................*..................**.*
........***............................**.*
-..............-...***....................*
..................*..............**...**.**
.-................*.**.......**....*..**.**
.......**.-....--....*.....**...**.*....*..
...............-...........**.*.***....-...
......*..**..-.........**..***.............
.......*.*.*...........**..................
......*...**..-....-.......................
.-........*...-......................-.***.
..-1.*................**...**1..-.....*..*.
....*...*...**.......**...*.*.....-......**
...******...**.......***...**.**.....*...*.
.....*.-.****................**..*....-.*..
.**.**.*.*.*................1.........*.*..
*.***.......*.................*..*...**....
.........*..**.......**......*.*.........**
*.*.................*..**.......-....*.*..*
*1*........*.........*.**..*.*..........*.*
.**...........*...-..***.1.*.**........*..*
........-...***.............**....**...***.
....................................*-.....
....................**...........*.*.......
..***.......-.......**............*........
..*..*.................................***.
..*..*.............................*..*.*..
.........-*....*-.........-.......*.....**.
...*..*.**...*.**................*....*.**.
..*...*..*...*...*.**.....-.....**....*.*..
..*..*....*.**..****....-........*....***-.
...*..........*.**...............*....**...
..-...-........*........*.........*...*....
......................**.**..........**....
.........**...-.......*....*...**-......-..
.........**...........**...*..**.**........
..............**.*.........***..*.****.....
.............**.........*......**..***.....
............*........**.**.1*...**....*....
.............**.............*...**.**.**...
........**...............-.-..**....*.*....
........**...........................*....-
.....*1.**.................................
....***.................................**.
.....**.....................*.........-.**.
....**................-...**..*..-.........
..-.**.*..........**.......**.**...........
......**..........**........*.*........**..
............*.........................*....
........**.*.*.........................**..
........**.*...**..........................
........**..**...*.....*...........-...-...
.......*.......*..*..**.**.................
...**.........*..*.........................
.....*......1*.**.................-.-......
.*....*...**........*......................
**....*..****..*....*..*.*.*...............
......*.**.*.*.*........**.*......*........
...***....*..**.......*.*.**..-..****......
....**......**.............*....*...*......
.................**....*.*.*....*...**...-.
.................**.............*...*......
.................**......*.*...............
..**.....................***.....*...*.....
....*............................*.......-.
.............***.................*...**....
...........**..*..................*....*...
............***....................****..-.

Generation = 94, Population = 184.
................................-..........
.........................................**
.**..................*......***..........**
*..*................*.**....*.*............
.**.................*..**...*..*...........
.....................**..*..**.**..........
.................*.....**....*.*.......**..
................**............*.......*..*.
-...............*......................*.*.
......................*.................*..
.-..................***....................
..........-............................*...
...................*..*...............*.*..
.................**...................**...
...........................................
.**.............*......*...................
................*..........................
...-............**...*..........-..........
................*.................-........
.................*.**.........**...***.....
.................*.*..........**...........
.......................................*...
.......................................*...
.......................................*...
.........................**................
....**.....**.....***...*..................
...**.....*..*....*.*.**...*............**.
..**....-..**.....*........*............**.
.......................*..*................
........................*..................
...........................................
...*.......................................
...*.......................................
..........................-................
...........................................
..........................-................
........................-............***...
...........................................
.............**...**.......................
.............**...**.......................
.................................**........
................................*..*.......
.................................**........
...........................................
...........................................
...........................................
.....................................***...
...........................................
......-....................................
...........................................
......................................-....
...........................................
..-........................................
...........................................
...........................................
.............................**............
.................*...........**............
................*.*................-...-...
.................*.*.......................
..................*........................
....................................-......
...........................................
........................................**.
................*.......................**.
.**............*.*.........................
.**...........*..*..............**.........
...............**..............*..*........
...............................*.*.........
.....................**.........*..........
....................*..*...................
...................*....*..................
.....................*..**.................
.......................**.**...............
.........................*...............-.
