*** Life<ConwayCell> 1x24 ***

Generation = 0, Population = 1.
...*....................

Generation = 7, Population = 0.
........................

*** Life<ConwayCell> 4x7 ***

Generation = 0, Population = 3.
.......
*......
....*..
..*....

Generation = 2, Population = 0.
.......
.......
.......
.......

*** Life<ConwayCell> 6x23 ***

Generation = 0, Population = 10.
....................*..
.........*.............
....*..................
..*........*......*....
............*..........
.**..............*.....

*** Life<ConwayCell> 20x27 ***

Generation = 0, Population = 10.
...........................
..*........................
...........................
.........**................
.............*.............
...........................
...........................
...........................
...........................
...........................
...........................
...........................
.*.......................*.
......*..................*.
...........................
...........................
....*......................
...........................
.......*...................
...........................

*** Life<ConwayCell> 26x14 ***

Generation = 0, Population = 19.
.........*....
..........*.*.
.....*........
..............
..............
..............
*.............
....*.........
.............*
..*..*.*......
..............
..............
.*...*........
............*.
..............
..............
..............
..............
........*.....
..........*...
..............
.........*....
....*........*
..............
*.............
..............

Generation = 3, Population = 0.
..............
..............
..............
..............
..............
..............
..............
..............
..............
..............
..............
..............
..............
..............
..............
..............
..............
..............
..............
..............
..............
..............
..............
..............
..............
..............

Generation = 6, Population = 0.
..............
..............
..............
..............
..............
..............
..............
..............
..............
..............
..............
..............
..............
..............
..............
..............
..............
..............
..............
..............
..............
..............
..............
..............
..............
..............

*** Life<ConwayCell> 20x16 ***

Generation = 0, Population = 29.
*..**.*.........
....*...*....*..
.............**.
................
.*............*.
............*...
................
............*...
..*............*
....*.........*.
..........*.....
.....*.........*
................
.......*........
........*.......
......**........
........*.......
........*.......
.......*........
.*........*.....

Generation = 11, Population = 13.
................
.............**.
............*..*
.............**.
................
................
................
................
................
................
................
................
................
................
........**......
.......*..*.....
.......*.*......
........*.......
................
................

*** Life<ConwayCell> 27x17 ***

Generation = 0, Population = 29.
........*........
.................
.......*.........
....*........*...
...*.............
...*.............
*......*.......*.
.*...............
......*..........
.................
...........*.....
.*...............
**...............
..............*..
..*..............
..*......*.......
.................
*................
.....*...........
.................
*.*..............
.................
.................
...**......**....
.................
.......*.........
......*..........

*** Life<ConwayCell> 25x13 ***

Generation = 0, Population = 29.
.*...........
..........*..
..*........*.
.............
*.*........*.
.......*.....
.............
...*.........
.............
*............
*............
.........*...
..*..........
*...........*
...*.....*...
.............
.........*...
....*.......*
..........*..
.............
.....*.......
.............
.....*.......
.....*..*.*.*
..*.........*

*** Life<ConwayCell> 9x28 ***

Generation = 0, Population = 29.
.*......*.........*....*....
.*..........................
...*......*...*........*....
.....**..*.................*
...........*...*.....*...*..
.**..*...............*.*....
...........*..*..*.....*....
..........*.................
............**..............

Generation = 8, Population = 3.
............................
............................
............................
............................
............................
............................
............*...............
............*...............
............*...............

*** Life<ConwayCell> 28x27 ***

Generation = 0, Population = 39.
.....*..........*..........
.......**................*.
........................*..
..............*............
...........................
...........................
...........................
..............*......*.....
.......................*...
.*.............*...........
...............*.*.........
...........................
...........................
......*........*...........
.................*.......*.
...........................
.......*...................
..*.......*.*..............
...........................
...........................
...............*...........
.......*.........*.........
........*............*.....
.......................*..*
...........................
*.....*......*....*.*......
.........*....*.......*....
................*...*......

Generation = 9, Population = 0.
...........................
...........................
...........................
...........................
...........................
...........................
...........................
...........................
...........................
...........................
...........................
...........................
...........................
...........................
...........................
...........................
...........................
...........................
...........................
...........................
...........................
...........................
...........................
...........................
...........................
...........................
...........................
...........................

*** Life<ConwayCell> 8x1 ***

Generation = 0, Population = 8.
*
*
*
*
*
*
*
*

*** Life<ConwayCell> 13x29 ***

Generation = 0, Population = 55.
...*...........*...*........*
**.**..*...*..*..............
.......*...*..**....**..**...
*.......**.....*..*..*.**....
*....*........*....*....*....
.***.........................
.........*...................
......***..........*.........
..............*........*...*.
........*...............*....
.*.........**.......*..*.....
*............................
.*.................*.*..*....

Generation = 1, Population = 43.
..***........................
..***.........*.....*........
**.....*..*...**....******...
........*......*...*.***.....
*.*....................**....
.**..........................
..*....**....................
.......**....................
........*....................
.......................**....
.............................
**..................*........
.............................

Generation = 2, Population = 32.
..*.*........................
....*.........**....*.***....
.***..........**...*....*....
*.............**.........*...
..*....................**....
..**.........................
.**....**....................
.........*...................
.......**....................
.............................
.............................
.............................
.............................

Generation = 3, Population = 31.
...*...................*.....
.*..*.........**.......**....
.***.........*..*.......**...
...*..........**.......*.*...
.***....................*....
...*.........................
.***....*....................
.........*...................
........*....................
.............................
.............................
.............................
.............................

Generation = 4, Population = 28.
.......................**....
.*..*.........**.......*.*...
.*.**........*..*........*...
....*.........**.......*.*...
...**...................*....
....*........................
..**.........................
..*.....**...................
.............................
.............................
.............................
.............................
.............................

Generation = 5, Population = 32.
.......................**....
..***.........**.......*.*...
..****.......*..*........**..
..*..*........**.........*...
...***..................*....
..*.*........................
..**.........................
..**.........................
.............................
.............................
.............................
.............................
.............................

Generation = 6, Population = 31.
...*...................**....
..*..*........**.......*.**..
.*...*.......*..*........**..
..*...*.......**........***..
..*..*.......................
..*..*.......................
.*..*........................
..**.........................
.............................
.............................
.............................
.............................
.............................

Generation = 7, Population = 39.
.......................***...
..*.*.........**.......*..*..
.**..**......*..*..........*.
.**..**.......**........*.*..
.***.**..................*...
.*****.......................
.*..*........................
..**.........................
.............................
.............................
.............................
.............................
.............................

Generation = 8, Population = 33.
.......................***...
.***.*........**.......*.**..
....*.*......*..*........***.
*......*......**.........**..
*........................*...
*.....*......................
.*...*.......................
..**.........................
.............................
.............................
.............................
.............................
.............................

Generation = 9, Population = 34.
..*....................*.**..
..****........**.......*...*.
.******......*..*..........*.
..............**........*..*.
**.......................**..
**...........................
.**..........................
..*..........................
.............................
.............................
.............................
.............................
.............................

Generation = 10, Population = 32.
..*.*...................*.*..
......*.......**........*..*.
.*....*......*..*.........***
*..***........**.........*.*.
**.......................**..
.............................
*.*..........................
.**..........................
.............................
.............................
.............................
.............................
.............................

*** Life<ConwayCell> 13x6 ***

Generation = 0, Population = 45.
.*.**.
**...*
*..*..
..*.**
***.**
.***.*
.***.*
.**.**
**.***
..*.*.
..**..
.***..
****.*

Generation = 4, Population = 8.
..*...
.*..*.
*.....
*.....
.*..*.
..*...
......
......
......
......
......
......
......

Generation = 8, Population = 4.
......
......
.**...
.**...
......
......
......
......
......
......
......
......
......

Generation = 12, Population = 4.
......
......
.**...
.**...
......
......
......
......
......
......
......
......
......

*** Life<ConwayCell> 22x28 ***

Generation = 0, Population = 73.
.*.................**....*..
.........*..................
.....*.*..*.............*...
......*...*.......*........*
..*..............**.*.*.....
...................*........
.........*...*.*......*.....
..**...*.*...*.....*........
........*...................
.....*......**.*............
..*.........................
.*..*....*..*.*........*..*.
................*...........
....*......*......*.........
......*.....*.*...*......*..
....*..*...*.......*.......*
.*..*..*....................
.........................**.
..*...............*.........
*.........*.*.*.............
....................*.......
.....*........*..*....*.*...

Generation = 1, Population = 33.
............................
............................
......*..**.................
......*..........***........
.................**.........
..................**.*......
........*.....*.............
.........*....*.............
........*...***.............
............................
............*.*.............
............................
............................
.................*..........
.....*.....**.....**........
.....***....................
..........................*.
............................
............................
............................
.............*..............
............................

Generation = 2, Population = 21.
............................
............................
..................*.........
.................*.*........
....................*.......
.................***........
............................
........**....**............
.............**.............
............*.*.............
............................
............................
............................
..................*.........
.....*............*.........
.....**.....................
......*.....................
............................
............................
............................
............................
............................

Generation = 3, Population = 18.
............................
............................
..................*.........
..................**........
.................*..*.......
..................**........
..................*.........
.............***............
............................
..............*.............
............................
............................
............................
............................
.....**.....................
.....**.....................
.....**.....................
............................
............................
............................
............................
............................

Generation = 4, Population = 22.
............................
............................
..................**........
.................***........
.................*..*.......
.................***........
..............*...**........
..............*.............
.............*.*............
............................
............................
............................
............................
............................
.....**.....................
....*..*....................
.....**.....................
............................
............................
............................
............................
............................

Generation = 5, Population = 20.
............................
............................
.................*.*........
.................*..*.......
................*...*.......
.................*..*.......
.................*.*........
.............***............
..............*.............
............................
............................
............................
............................
............................
.....**.....................
....*..*....................
.....**.....................
............................
............................
............................
............................
............................

Generation = 6, Population = 31.
............................
............................
..................*.........
................*****.......
................**.***......
................*****.......
..............*.*.*.........
.............***............
.............***............
............................
............................
............................
............................
............................
.....**.....................
....*..*....................
.....**.....................
............................
............................
............................
............................
............................

Generation = 7, Population = 20.
............................
............................
..................*.........
................*....*......
...............*.....*......
.....................*......
.............**.*.*.........
................*...........
.............*.*............
..............*.............
............................
............................
............................
............................
.....**.....................
....*..*....................
.....**.....................
............................
............................
............................
............................
............................

Generation = 8, Population = 19.
............................
............................
............................
............................
....................***.....
..............**............
...............*.*..........
.............*..**..........
..............**............
..............*.............
............................
............................
............................
............................
.....**.....................
....*..*....................
.....**.....................
............................
............................
............................
............................
............................

Generation = 9, Population = 21.
............................
............................
............................
.....................*......
.....................*......
..............***....*......
...............*.*..........
.................*..........
.............****...........
..............**............
............................
............................
............................
............................
.....**.....................
....*..*....................
.....**.....................
............................
............................
............................
............................
............................

Generation = 10, Population = 21.
............................
............................
............................
............................
...............*....***.....
..............***...........
..............**.*..........
.................*..........
.............*..*...........
.............*..*...........
............................
............................
............................
............................
.....**.....................
....*..*....................
.....**.....................
............................
............................
............................
............................
............................

Generation = 11, Population = 19.
............................
............................
............................
.....................*......
..............***....*......
.....................*......
..............*..*..........
..............**.*..........
................**..........
............................
............................
............................
............................
............................
.....**.....................
....*..*....................
.....**.....................
............................
............................
............................
............................
............................
