*** Life<Cell> 16x20 ***

Generation = 0, Population = 1.
--------------------
--------------------
--------------------
--------------------
--------------------
----------0---------
--------------------
--------------------
--------------------
--------------------
--------------------
--------------------
--------------------
--------------------
--------------------
--------------------

Generation = 12, Population = 16.
--------------------
--0---0---0---0---0-
--------------------
--------------------
--------------------
0-----0---0---0---0-
--------------------
--------------------
--------------------
--0-------0-------0-
--------------------
--------------------
--------------------
------0-------0-----
--------------------
----------0---------

*** Life<Cell> 18x27 ***

Generation = 0, Population = 3.
---------------------------
---------------------------
---------------------------
---------------------------
---------------------------
---------------------------
------------0--------------
---------------------------
-------------------------0-
---------------------------
---------------------------
---------------------------
---------------------------
---------------------------
--------------0------------
---------------------------
---------------------------
---------------------------

*** Life<Cell> 3x11 ***

Generation = 0, Population = 8.
---0-0--0--
----0--00--
00---------

Generation = 4, Population = 15.
-1--0-*0.1*
1--11---1.0
-*1-1*-----

Generation = 8, Population = 16.
1-1**-****.
11-...*1*.-
1..-.*----1

Generation = 12, Population = 8.
.....***...
..-.*.....1
...0.*-0---

Generation = 16, Population = 7.
.....*.*...
..-.....*.1
...-.*--11-

*** Life<Cell> 8x30 ***

Generation = 0, Population = 9.
------------------------------
------------------0-----------
--------------------0---------
------------0-----------0-0---
------------------------------
-------------------0----------
------------------------------
-----------00--------------0--

Generation = 5, Population = 86.
--------------0---0-.00-------
-------------0-000**.0-00-----
--------0--00-00*0.00--0-0-00-
-------0-00*10-010-1--.00-0110
--------0------00-0-0-00----0-
----------0--00-00-00-0-0-1.0-
-------00--1*---0-0--0--0-00-0
------01*-*..*-*100---01*--00-

Generation = 10, Population = 80.
------------1----.*1*1.-*---0-
----0---011-.1--*-..*..1*0*.-0
----------1-*-.*...---*0--*0.-
--0---001-1.*--*-0*.1-..*1...*
--------11--0--0*---.0-01-1-1-
---0---1--0---.1***---.-1-..1-
------100--..-0*00----1----0--
-01**-**......*..-0-.-*-.****-

Generation = 15, Population = 105.
0--0-00001--.01*-*.****0.--.-0
-00--*1-1-*0.*.1.......*.0*.--
-0---0---1.-.1.*....-.***-*..0
1*-.-*.--*....-***.*11****....
0-01-*00*.1*1*-*.*1*.--..-1-.*
010-.--**.---*.*...*--*-.....*
---1-*-1.-*..-1..*.*.*.1.-.*.*
*-...*...*.*..***-01*1..*..**.

*** Life<Cell> 13x13 ***

Generation = 0, Population = 19.
-------0-0---
-------------
------------0
---00----0-0-
0---00-------
-------------
0------------
-------------
----0-0----0-
-----------0-
0------------
---0----0----
--------0----

Generation = 3, Population = 75.
---0--0--00-1
0-01-0-00*010
--0---01-*1--
-1*---11-10-0
-0-1----0--0-
----*--00--1-
-0---110-00-0
----00--000*0
-0-0------01-
0-0-0--01-01-
-0-0-01-*--*0
0----110-0--0
------1-.-1--

*** Life<Cell> 2x12 ***

Generation = 0, Population = 16.
000--0--00-0
-0-0000-0000

*** Life<Cell> 9x14 ***

Generation = 0, Population = 27.
-0----0-------
--0-0-0--00-0-
--0-----0--0--
-0--------0---
-----0-----00-
-------------0
---00-0-----0-
-0-0---------0
--0---00------

Generation = 2, Population = 63.
-0001-*----0--
00*---*1---10-
00--10---01000
--000-0-110--0
--0-1-10000**0
---1------01--
-1--*--10-010-
-0-*-0-----0--
0-0001-*10--0-

Generation = 4, Population = 52.
-0--.-*-0-1-0-
--.-0-..-*-.--
00-0---1--.--0
---0-1*----1-0
--*-*---**0..0
--0---1---**1-
1.1-*01.*-01*-
-*1.-*---10*-0
0-**011.1-1---

*** Life<Cell> 5x2 ***

Generation = 0, Population = 10.
00
00
00
00
00

Generation = 12, Population = 0.
..
..
..
..
..

*** Life<Cell> 14x9 ***

Generation = 0, Population = 29.
-----0---
-0------0
---00----
0------0-
-0----0--
-----0-0-
------0-0
-------0-
----0--0-
-----0-0-
0-000-0--
---------
000-----0
-----00--

Generation = 15, Population = 50.
.....**..
.-*.0**..
01.**..*0
..*.*-**.
-..**0...
..---....
..-***1*.
..*.*...*
0**.*1.1*
.0.*.-.**
-..0*..0.
1111-....
...-.1...
**.**....

*** Life<Cell> 23x19 ***

Generation = 0, Population = 36.
----0--------------
----0---0---------0
------------0--0---
--0-------------0--
0-00---------------
-------------------
0----------0-------
----------0--------
0--------------0---
--------0--0-------
-------------------
--0-------0---0----
------------------0
--0----0---0-------
----0--------------
---00--------------
----0--------------
-------------------
--0----------------
-------------------
-------------------
--------------0----
-------0----000---0

*** Life<Cell> 8x20 ***

Generation = 0, Population = 39.
-------------000-000
---0----------0--0--
0-------0---00-----0
--0---00----0-0-----
0---0-0-00-0----00--
-------0----000-----
--0--0---0----0-----
--00-----0---0------

*** Life<Cell> 10x30 ***

Generation = 0, Population = 53.
--0---0---0--------0--------0-
0-0-------00-------0-00-------
------0----0-0----------0-----
-0-------0--------0-0---------
--------0---------------000---
0------0-0-0--0--------------0
----0-----0------0----------0-
----------0--0---------0-00-0-
-----00-0----0--00---0---0----
---0-------0--0-------00------

*** Life<Cell> 6x5 ***

Generation = 0, Population = 29.
00000
00000
00000
000-0
00000
00000

Generation = 1, Population = 16.
-111-
1---1
1--11
1-1--
1--11
-111-

Generation = 2, Population = 13.
-*-*-
*-00*
-0-*-
---0-
*-0-*
-*---

Generation = 3, Population = 14.
-*1*-
*-1-*
--0.-
10-1-
.0-1.
-*--0

Generation = 4, Population = 15.
-***-
.0-0.
--1.1
*-1*0
.--**
0.1--

*** Life<Cell> 20x10 ***

Generation = 0, Population = 70.
-----0----
0---0--00-
--0--0----
---0-000-0
0--00000--
000----0--
0-0-00----
0-----00--
-00--0--00
-0--0----0
-0-0000-0-
0-0----000
--00------
--0-0-----
---00-----
-0--------
0-0-0-----
-0---0----
-000--0-0-
00--00-0--

Generation = 7, Population = 85.
***---1*--
-.0.--*.--
-1*---*10-
0-1..1----
*-1-..*.-.
*-*.-1-.--
11*--1--1.
.01--*-.-*
-....*-*.-
----.101**
1-*..*.**.
-111.1-..*
*.-*1-.*.*
*.....*0.*
.*-.-**1*-
--1..0*0..
0*--1--0--
0.11011*01
.*-.----1*
.0.-..-*0*
