*** Life<FredkinCell> 24x22 ***

Generation = 0, Population = 1.
----------------------
----------------------
----------------------
----------------------
----------------------
----------------------
----------------------
----------------------
----------------------
----------------------
----------------------
----------------------
----------------------
----------------------
----------------------
----------------------
----------0-----------
----------------------
----------------------
----------------------
----------------------
----------------------
----------------------
----------------------

Generation = 1, Population = 4.
----------------------
----------------------
----------------------
----------------------
----------------------
----------------------
----------------------
----------------------
----------------------
----------------------
----------------------
----------------------
----------------------
----------------------
----------------------
----------0-----------
---------0-0----------
----------0-----------
----------------------
----------------------
----------------------
----------------------
----------------------
----------------------

Generation = 2, Population = 4.
----------------------
----------------------
----------------------
----------------------
----------------------
----------------------
----------------------
----------------------
----------------------
----------------------
----------------------
----------------------
----------------------
----------------------
----------0-----------
----------------------
--------0---0---------
----------------------
----------0-----------
----------------------
----------------------
----------------------
----------------------
----------------------

Generation = 3, Population = 16.
----------------------
----------------------
----------------------
----------------------
----------------------
----------------------
----------------------
----------------------
----------------------
----------------------
----------------------
----------------------
----------------------
----------0-----------
---------0-0----------
--------0-0-0---------
-------0-0-0-0--------
--------0-0-0---------
---------0-0----------
----------0-----------
----------------------
----------------------
----------------------
----------------------

*** Life<FredkinCell> 16x21 ***

Generation = 0, Population = 3.
---------------------
---------------------
---------------------
--------0------------
---------------------
------0--------------
---------------------
---------------------
---------------------
---------------------
-----------0---------
---------------------
---------------------
---------------------
---------------------
---------------------

Generation = 2, Population = 8.
---------------------
--------0------------
---------------------
----------0----------
---------------------
----0----------------
---------------------
------0--------------
-----------0---------
---------------------
---------0---0-------
---------------------
-----------0---------
---------------------
---------------------
---------------------

Generation = 4, Population = 11.
---------------------
------0--------------
---------------------
----0-------0--------
---------------------
--0-------0----------
-----------0---------
--------0------------
---------------------
------0--------------
-------0-------0-----
---------------------
---------------------
---------------------
-----------0---------
---------------------

Generation = 6, Population = 22.
---------------------
--------0---0--------
---------------------
--------------0------
-----------0---------
0--------------------
---------0---0-------
--0------------------
-------0---0---0-----
----0----------------
-----0---0---0---0---
------0--------------
-------0---0---0-----
---------------------
---------0---0-------
---------------------

Generation = 8, Population = 12.
---------------------
------0--------------
-----------0---------
0-------0-------0----
---------------------
0-------------0------
---------------------
---------------------
---------------------
---------------------
---0---------------0-
--------0------------
---------------------
------0--------------
-----------0---------
---------------------

Generation = 10, Population = 29.
-----------0---------
0---0-----------0----
---------0---0-------
--0-------0-------0--
-----------0---------
--0-----0---0--------
---------------------
0-------------0------
---0---------------0-
--------0------------
-0---0-----------0---
----------0----------
---0-------0-------0-
----0----------------
---------0---0-------
------0--------------

Generation = 12, Population = 38.
-----------0---------
0-0---0---0---0------
-------0-------0-----
--0-----------------0
---------------------
--0-0-0---0-------0--
---0-------0-------0-
0---------------0----
---------------------
0-----0-------0------
-------0---0---0---0-
----0-------0--------
---------------------
--0-------0----------
---0---0---0---0---0-
------0-0------------

Generation = 14, Population = 41.
-------0-0-0-0-0-----
----------------0---0
-----0---0-0-0---0---
--------------0-----0
---0---0---0---0---0-
------0-----0--------
-0---0---0---0---0---
----0-----0----------
---0---0-------0-----
--0-----0------------
-----0---------------
0--------------------
---0-----------------
0-----0--------------
-0-------------------
--0-0----------------

*** Life<FredkinCell> 6x28 ***

Generation = 0, Population = 9.
0--------------0-0--0-------
--------------------0----0--
--------------00------------
----------0-----------------
----------------------------
----------------------------

Generation = 9, Population = 66.
-----03--3-015---1----32--1-
--------0---10002-1-----13--
--0--0220---2227242-301-20--
00-0--00-0-0---0----20001-0-
-00-------2--0-20--0-0------
0-------------0--0-050--0-0-

*** Life<FredkinCell> 29x6 ***

Generation = 0, Population = 10.
--0---
----0-
------
------
-0----
------
------
------
------
------
------
--0--0
------
------
------
------
------
------
0-0---
------
------
------
------
------
--0---
------
----0-
----0-
------

Generation = 6, Population = 64.
-2-0--
3-2---
--0-00
0---0-
1-3-00
-----0
--1--1
0--1-0
---0--
0100-0
-1----
2303-1
1-0---
1010-0
--3-0-
1--110
----0-
--1--0
--0-0-
------
0---0-
----1-
0-0-2-
--1---
0-----
0---2-
--0-2-
2-1---
----1-

Generation = 12, Population = 46.
-5-031
------
-3--04
11-0--
-2-011
--0---
-03---
-0--02
01-1-1
2-----
1---2-
-6--11
-2---0
----0-
1---2-
-1---1
00----
------
----2-
-0-0--
------
------
----3-
-----0
3-----
------
4-----
------
------

*** Life<FredkinCell> 26x24 ***

Generation = 0, Population = 19.
------------------------
------------------------
---------------0--------
--0---0-----------------
---------------------0--
---------------------0--
------------------------
----0-------------------
--0---------------------
--------0---0-------0---
------------------------
------------------------
--------------------0---
-----0------------------
------------------------
------------------------
------------------------
------------------------
--------------------0---
------------------------
--0---------0-----------
------------------------
-00---------------------
-------------0----------
------------------------
----------------------0-

Generation = 5, Population = 204.
--------------0-0---010-
-----------0---0---0020-
0-0-0-0-----0-----0-01--
--1----0-0-------0-0---0
00200-0-0-0-0---010-0-03
--1----0-0-0-0-00101-103
0-0---0-----0-0-00--0--0
2--0-01--0-----0----10--
100-2-10----0------02-0-
0--031-0-0-0-0-------20-
-----0--0---0--------0--
--00-0----------0-------
---00---00--0--0-0--0---
0------02100-0--0--020--
-0------00--0------010--
--0---------0-----------
-0-0-0-----0-0-----0-0--
-0--0-0-----0---0---0---
0210-0-------0-0-0------
000---0-0---0-0---------
-1---0---0---0-0-0----0-
-0---0--0-------0---00-0
223-1210-0-------0-0-0--
000--00-0-0-0---0-0-00-0
-1-0-----0-0-----00-----
--0-----------0--0-0-0-0

*** Life<FredkinCell> 22x5 ***

Generation = 0, Population = 29.
0----
0---0
0----
----0
----0
-----
-0-00
----0
-0-0-
--0--
0-00-
0----
00-00
-0---
0----
0----
-----
0----
---0-
---0-
-----
0-0--

Generation = 10, Population = 57.
--421
--2-0
--511
50---
--44-
7--1-
-7-3-
11---
--3--
3-23-
4---3
4-2-1
1-1--
3---0
-0-55
-4-24
3--5-
31164
212--
--530
-01-2
035-3

*** Life<FredkinCell> 9x4 ***

Generation = 0, Population = 20.
00--
---0
0000
0--0
-0--
-000
--00
00--
0-00

*** Life<FredkinCell> 7x10 ***

Generation = 0, Population = 26.
0-00----0-
00--------
--0--0---0
00---0--0-
----0-0---
0--00----0
00-000--00

Generation = 4, Population = 36.
4---31-003
--11-1---1
1-0-1-31--
--2--1--12
01--11--10
2100-1--24
0---223---

*** Life<FredkinCell> 27x4 ***

Generation = 0, Population = 27.
----
----
---0
---0
----
----
0-0-
----
0---
000-
0--0
---0
0---
000-
-00-
---0
-0--
0---
0---
----
----
---0
-0--
00-0
----
----
-0--

Generation = 1, Population = 41.
----
---0
--01
--01
---0
0-0-
---0
--0-
1-0-
1-1-
1--1
--01
1-00
-1-0
----
----
--00
1---
10--
0---
---0
-00-
-10-
1---
00-0
-0--
0-0-

Generation = 2, Population = 57.
---0
---1
-0-2
-0-2
0-01
---0
0-0-
001-
2--0
--2-
2002
-0-2
-0-1
--01
-0-0
--00
0011
2-00
210-
1--0
00--
0---
---0
2000
----
01-0
-0-0

Generation = 3, Population = 54.
--01
-00-
01--
-10-
-012
--01
101-
1---
3-0-
--30
311-
--0-
110-
-112
0---
00-1
---2
--1-
3--0
-0--
1100
1--0
-1-1
3---
--0-
1--1
-1-1

Generation = 4, Population = 46.
---2
----
120-
-2--
0---
001-
----
----
4-1-
--41
4-2-
-0-2
221-
0-23
100-
-1-2
00-3
20-0
----
11--
-2--
20--
0--2
--00
-0--
---2
---2

Generation = 5, Population = 58.
--0-
0001
2312
03--
101-
--21
101-
1-1-
--2-
-052
-132
01--
-3-1
--34
-1-0
0-03
-1--
---1
---0
2-0-
1-0-
--00
1--3
3-1-
0---
-103
--03

Generation = 6, Population = 47.
0-1-
-1--
3-2-
1402
-1--
-032
--2-
20-0
4---
1---
-24-
12--
-412
-145
----
--1-
----
-012
3--1
3-1-
2---
-0--
2104
----
1--0
-21-
----

Generation = 7, Population = 57.
-0-2
0-0-
4-3-
-513
--1-
0-43
1030
-11-
---0
2-5-
4-52
2302
-52-
0-5-
-1-0
-1-3
-1-3
-1--
4-02
----
3-0-
21-0
32-5
-01-
----
-32-
-10-

Generation = 8, Population = 51.
--1-
111-
53--
-6-4
1--2
105-
-1--
---0
402-
3-62
-26-
-4--
2-3-
--6-
-201
0---
0--4
-2--
-113
---0
42--
3-01
-306
--2-
----
1--3
0--3

Generation = 9, Population = 54.
0-22
-2-1
-4-2
17-5
21-3
-16-
-2-0
2---
---0
4-73
----
-50-
-542
0---
-312
1-1-
1-1-
-3--
4---
3--1
-3--
4---
-4--
--3-
1-00
2324
1104

Generation = 10, Population = 51.
-03-
-31-
----
-8--
-214
-273
-33-
----
---1
--8-
42-2
2---
--53
-1--
1423
21--
2124
2---
5--3
4-1-
4-00
-1--
----
3-4-
201-
34-5
-21-

Generation = 11, Population = 54.
0--2
1--1
--3-
19-5
232-
13--
1---
-110
----
4--3
-36-
3-0-
2-64
-26-
---4
321-
32-5
--1-
-1--
--21
53-1
---1
340-
4050
31--
-5--
--2-

Generation = 12, Population = 56.
1033
23-2
---2
----
3-3-
2---
2330
-2-1
402-
----
44--
45--
3575
-3-5
1-2-
-323
----
23--
5-13
413-
640-
---2
-5-6
5-61
-2-0
-6--
---4

Generation = 13, Population = 54.
-1--
--1-
5433
1-15
4--4
---3
-4--
2--2
513-
--8-
--6-
56-2
----
04-6
--34
-434
3-25
-4-2
---4
524-
-5--
4--3
--0-
--72
-311
372-
-22-

Generation = 14, Population = 49.
1---
232-
----
-9-6
53--
2374
--3-
32--
----
4--3
4-7-
670-
----
1567
14-5
-5-5
---6
--1-
5--5
635-
66-1
----
3516
--8-
----
4-3-
---4

Generation = 15, Population = 48.
2-3-
--32
5-33
-+--
-4--
-485
-44-
43--
-1-1
50--
-48-
---2
---5
-6--
-53-
-6--
-2-7
24-2
6-1-
7461
--0-
--0-
4-27
5-9-
3---
----
1---

Generation = 16, Population = 52.
--4-
-34-
-4--
-+-6
5--4
2596
-5--
54-2
5---
61-3
--9-
-7-3
-576
17-7
1645
3--5
---8
--13
--25
---2
6---
41--
5-38
--+-
431-
----
-2--

*** Life<FredkinCell> 21x11 ***

Generation = 0, Population = 40.
------0--0-
---------0-
--0-0---0-0
---00----0-
--0-0---0--
------00-0-
--------0--
00---0-----
-----------
---0------0
---0-------
-0---------
-----------
--------0--
-0----0----
-0---------
-0-0-0-0---
---0--0----
-00-------0
------0--0-
-------0---

Generation = 5, Population = 106.
-0-002-1032
--0---230--
-0-0-01---2
0-2----1-20
-000-----11
-12---1--00
--3-0--0-0-
22--0-2----
--12---0---
-00-0-001-0
-40--02-1--
1100-00-0--
-2--0-1-0--
-0-0-------
--0-140--0-
----0140110
-----1-1-1-
00-------0-
----1-21-0-
-1-101-1101
--30010-023

Generation = 10, Population = 117.
21-215221--
-21--3-----
------3----
--7-2---1--
40-1--2-33-
4---201-1-0
-26-22---32
5311-1--0-0
20-3--2----
2-113-21-3-
----3-3-111
22-3-1-01--
-312---13-0
-2203--1---
1-0-2---151
1-1-0-52-22
--4302-402-
323-2---0--
433-2-3103-
--11---24--
--51123-0-3

Generation = 15, Population = 105.
32---8---54
--423--8-53
201221--5--
-3-335-----
-3-132--883
-342----2-3
-2-0-----6-
-4225-41---
---32-54---
--6-------0
-83---8----
3-543---4-3
---5--32---
322135-21--
---2-9-----
-2-42--2---
03--134-22-
434--2--1-3
6541-4-2--1
-2410---7-2
--8-----143

*** Life<FredkinCell> 13x22 ***

Generation = 0, Population = 42.
-----0----0------0-00-
----0--0--------------
----------------0----0
0--------------0-0---0
-------------0-0------
-00---------0-----000-
-0-------00-0---------
0--0-----0-----0------
------0--0------------
------0-------------0-
0------0-0-------0----
-----00----000--------
----------------------

Generation = 13, Population = 134.
-1121---642-30306----4
---133--15---1----52-5
24--1-----2-----0-00-6
---33--426-----3-5-0-8
-2--3--2--30515-552---
2-------------23-1--33
----5-05--924--4-2-331
-2-2-6--22-1232-34----
-3---6--2395---2---32-
-3-5--52--2--2224-2---
-6-3233----4-0012436--
-3-45--2-7--3861--31-1
1--101--1--24-11230---

*** Life<FredkinCell> 18x22 ***

Generation = 0, Population = 56.
----0--0-----0--------
--------0-0-----0-----
------------0---0-----
-----------0--0-------
-0-0----0-------------
----------0-0------0--
--00--------0---00--00
0-----0------------0--
--------0-0---------0-
---0----0------000----
-0---0-0---0----------
--------0-------------
---000------0---------
--0-0--0--------0-----
0-------------0-------
----00----------------
------0---------0-----
--0-0-----------0-----

Generation = 1, Population = 159.
---0-00---0-0-0-0-----
----0------000-010----
--------0-0--00010----
-0-0----0-0--0-00-----
0---0--0-0000-0----0--
-00-----00--10--000--0
00110-0---0010-0110011
-000-0-00-0-0---000-00
0--0--001--0---000---0
-00-00--1000--01-10-0-
0-000---0-0-0--000----
-0-00----0-00---------
---111000--0-0--0-----
00-01-0-0---0-00-0----
-00--0-0-----0-00-----
0--011--------0-0-----
--0----0-------010----
-0---00--------010----

Generation = 2, Population = 137.
--0-0110-0-010-01-----
------0-0-011-----0---
-0-00--01-1--1----0---
--------10---1-----0--
-00--00---1------0--00
0-----0-1-002----1-0-1
1--210---------1----22
0-110-----1-1--01--0-1
-001-0112-01----110-01
01---1--2-1--012-21---
---11--01-1-10------0-
--011-000-0----0-0----
0-02--1---01----------
1-0---1-10----1---0---
0-10010---------------
--01--0---------------
0---0---0---------0---
0---011-------0-2-0---

Generation = 3, Population = 182.
-0--1-210-0-21-1200---
-000--1-10-2-0-01010--
0--110-1202--20--01---
--00000--10-020--0---0
-11001-0--2-00--01001-
1-00001-----30-002----
-0--21--0--0--02-1-033
10---0000020-00-------
0-1-0-----12-000-2-01-
1----2-0-------30--0-0
00------2---2-----00-0
00-----1----000---0-0-
1-1--1-----20-00-00---
---01---21-0-0-0-0-0--
1-21--1000----0---0---
-0--1-100---------0---
100-1--0-0----0-1010--
10-0--200----0----10--

Generation = 4, Population = 142.
01-------0-03---31----
----0-2-2---1-0-2--10-
--022--23----3---1---0
0-----10--1----0--00--
-2---2--0-3-11------2-
---1--2-1-0---0-13---1
11---20-1--1-0--12-1-4
----0---1-31--10-----1
-0---01-2-----1-1---2-
--0-------1000--1---01
1-0--0-0-0-03-0000--01
1----00-----1------0--
20----10000---------0-
--0-2-1----10--1-1--0-
-03-01-1--00------1---
010-2----0------0-----
--10200---0-----2---0-
--0--1311---0---2---0-

*** Life<FredkinCell> 25x1 ***

Generation = 0, Population = 23.
0
0
0
0
0
0
0
0
0
0
-
0
0
0
0
0
0
0
0
0
0
0
-
0
0

Generation = 3, Population = 11.
1
-
0
-
-
-
-
0
-
1
-
1
-
0
-
-
-
-
-
0
-
1
0
3
3

Generation = 6, Population = 10.
-
0
-
-
1
1
-
-
0
-
-
-
0
-
-
-
-
-
-
1
1
-
1
4
4

Generation = 9, Population = 10.
-
0
-
0
-
-
0
-
0
-
-
-
-
0
-
0
0
1
2
-
-
2
-
-
-

*** Life<FredkinCell> 19x6 ***

Generation = 0, Population = 61.
0--000
00---0
----00
0-00-0
0-0--0
-0-00-
00---0
000000
-0-0-0
0000--
-00---
---0--
0--0-0
0-000-
-0-000
-0---0
000-00
--0-0-
0-0-0-

Generation = 1, Population = 60.
1-01--
-1000-
-00-11
1--10-
1010-1
010110
-1--01
---1-1
0---01
1-1-00
---0--
00-100
10--0-
101--0
-10-1-
---00-
11----
------
--1-10

Generation = 2, Population = 58.
-0----
---1--
----22
200--0
2121-2
--1221
-2-0-2
000---
100--2
2--0--
-0-10-
----11
21--10
---00-
---02-
0--1-0
22000-
000-00
-0--21

Generation = 3, Population = 50.
1-01--
-10--0
000-3-
-1----
-2--0-
01---2
-3-103
------
21--0-
30-1-0
------
0---2-
320-2-
101-1-
0-01--
1-----
3311-0
---01-
-1-0--

Generation = 4, Population = 49.
-0-200
0-1---
1-----
------
--21--
121223
-4-2--
0--1-1
--0---
----0-
-0-100
1-0131
43---0
212020
-1-2--
-----0
----0-
0--12-
0--1--

Generation = 5, Population = 55.
--03-1
11--00
200---
2-01--
2----2
232--4
050---
---2--
21--02
-01-1-
--0---
2-1242
5-0-2-
---1--
-203--
-0-1--
3---1-
100--0
1112--

Generation = 6, Population = 58.
1-1402
--1-1-
31--32
-1-200
---103
34-225
-6---3
-----1
3----3
----2-
0----0
3-2-53
6-1-3-
2122--
0--42-
-102--
431---
21----
-22321

Generation = 7, Population = 52.
----13
--21-0
4---4-
-2---1
2-22-4
4---36
-702--
00--0-
-1---4
---1-0
100-01
--3---
-3-04-
3-3-2-
120530
1-1---
------
-20120
-----2

Generation = 8, Population = 62.
--1-2-
1132-1
--0--2
2--2-2
32330-
5--24-
0--303
11----
-200-5
3---2-
2--11-
304--3
---1-0
4-4---
2---41
212-00
43-110
23----
-223-3

Generation = 9, Population = 53.
1-24--
2--312
--104-
3-0303
4-----
---35-
--0-14
----0-
3--10-
4-113-
---2--
--52-4
-31--1
5---2-
---5--
323211
54122-
-4--2-
---4--

Generation = 10, Population = 59.
2-3--3
313423
-1--52
4--414
523--4
5--4--
-7-325
1-0---
42--15
5-2--0
2-0--1
-----5
-4---2
--4---
-2-641
-34-22
--233-
-5-130
-22---

Generation = 11, Population = 68.
304--4
-24-34
42-063
52-525
6-43-5
64-5--
0-0--6
2-----
53012-
-031--
3-121-
305-5-
6---43
-1--2-
23-75-
3---3-
-4-440
26--41
1-3-23

Generation = 12, Population = 65.
41-4-5
33-4-5
-31--4
6-0636
--5406
75-65-
-7--2-
---201
-41235
5--23-
4-23-1
4--2--
741154
524---
---861
43-2--
55-5--
----52
22----

Generation = 13, Population = 45.
---5-6
-445--
4--0--
-21747
------
8-2-6-
-803--
------
-5----
6-33-0
--341-
--5---
8522-5
-3-2--
-----2
-----2
---6-0
----63
333-23

Generation = 14, Population = 59.
-1-6--
-5-635
-31--4
-3-8-8
62-4-6
-536-6
-914--
--02--
---2-5
-0--3-
40452-
4--255
963---
-4432-
-3-863
---23-
--2-4-
260--4
4-4---

Generation = 15, Population = 63.
42-7-6
3-4---
4420--
--19--
735---
-647-7
0--526
---301
-5-33-
-1-34-
-1-63-
-05-66
-7-2-5
-554--
2409-4
-3--4-
5-365-
--11--
5354-3
