*** Life<Cell> 9x9 ***

Generation = 0, Population = 3.
---------
---------
---------
---------
---000---
---------
---------
---------
---------

Generation = 1, Population = 10.
---------
---------
---------
---000---
--01-10--
---000---
---------
---------
---------

Generation = 2, Population = 12.
---------
---------
---000---
---------
-01*-*10-
---------
---000---
---------
---------

Generation = 3, Population = 28.
---------
---000---
--01-10--
-00-0-00-
01-.-.-10
-00-0-00-
--01-10--
---000---
---------

*** Life<Cell> 6x12 ***

Generation = 0, Population = 5.
-------0----
0-----------
---------0--
0-----------
----------0-
------------

Generation = 4, Population = 14.
---0-----000
0-0-0-------
-----0-0--.*
--0-0-------
------01-.--
------------

*** Life<Cell> 2x13 ***

Generation = 0, Population = 23.
000-00000000-
00000000-0000

Generation = 3, Population = 20.
-.-011**-*101
11*-**110111.

Generation = 6, Population = 12.
-.--*...-.*1*
***0*...-**-*

Generation = 9, Population = 9.
**0-....0..**
.*.0....-..-*

Generation = 12, Population = 7.
..**....-..**
..*-....1..-*

Generation = 15, Population = 7.
..**....0..**
..*-....-..-*

*** Life<Cell> 12x12 ***

Generation = 0, Population = 44.
----------00
0--00--000--
---0--000--0
--0--0000--0
----0---0---
-----0-000-0
0----0-0--0-
00-0--------
-----0------
----0------0
--0--0-----0
-00----000--

Generation = 1, Population = 72.
0--00--00-11
-00-10--11--
0--1----1-01
-0---1111001
--00-000----
0----1--110-
1--001-1----
-1--0--0--0-
00-0--0----0
--00-0----01
--10--000001
01-0-001-100

Generation = 2, Population = 75.
---1--01-0**
011--10-**0-
-0----0-----
----0-***-1-
0-11-11-0--0
100----0*-10
*-011--*-0--
0*001--100--
1-01------01
0--1--000--*
0--100-1-1-*
1*01-11-0-1-

Generation = 3, Population = 65.
00--0--*0-.*
1**-1*10*.--
-1--0----0--
000--1..*---
10-*0*---001
*-1001--.1*-
.-1*-10.-1-0
1.---00----0
-0-*--0---1-
-0----111--*
---*---*--0*
-*--0-*1-1--

Generation = 4, Population = 72.
---11--.-0..
-.*-*.-1.*-0
0-0110001-0-
--1-0*..*011
*--.1.1---1*
*0--1*--**.0
.0-.1*-.0*01
-*0-1-11-0-1
-1-.0---00-1
010--0-**00*
--1.--0.--1*
1.0---*----0

Generation = 5, Population = 62.
---*-0-.01*.
1**-..-*.*0-
--1--1-1--11
-0*01...*---
*-1.-.-0-0-.
*-10*.-0*..-
.--.*.-.-.-*
1*1--0**--0-
--0.1-00-11-
1*-1--1*.11.
---*--1.0--.
-*11-1.1---1

Generation = 6, Population = 67.
00-.--0.1**.
***-*.1*..1-
01-----*---*
-1.-*.***-11
*0-.-.11--1.
.---*.0-*..0
*0-.*.0.0.-.
**-011.*0-1-
-11.-011--*1
**0*-0*..--.
0--*0-*.--1.
1.----*---1-

Generation = 7, Population = 62.
---.101.***.
..*-.*-...*-
-*----0.--1*
0-*0.*..*---
*-1.-.*-00*.
.--0..-0**.-
*-1...1.-.0.
..11*-..--*-
1*-.-1*--1**
*.1.0-...--*
---*10**-1*.
*.-101.1-1*1

Generation = 8, Population = 62.
--0.*1*..**.
...0*.1*...-
-*11-1-.10-*
11*1.**.*--1
.-*.-.*111*.
.-1-..01...-
.-*.*.-*0.1.
*.--*-*.--.-
-.1.1*.10*.*
*.-.10.**-1*
---.-1.*--..
..1-1-.*--.*

Generation = 9, Population = 58.
-0-.*-**....
.*.-..-*...0
-.**1*0.-1-.
**.-.*...0-*
.-..-..**-*.
.0-0.*-*..*-
.0....1.1.-.
.*-1*1*.-0*1
-*-.*..-1*.*
..1*-1...1**
0-1*1*.*--**
..----*.0-..

Generation = 10, Population = 61.
010..-**....
.*.0..1**..-
0.**-*1.1*1.
.**1.*.*.11.
*-*.-..**1**
.1--..0....0
*-.*..*.-.-*
**-**-*.0-.-
1*-...*1*...
..-.-**..-..
---.-*.*--.*
..111-**-1..

Generation = 11, Population = 54.
1*1..1*.*...
...1*.*....-
-...-*-.-.-.
*..-.*...**.
*-.*-..*.*.*
*--0..1.**.-
*0.**.*.1.1.
..-**-*.10.1
-*1.*..-*...
..-.1*..*-..
--1*-..*01..
..*-*1**--..

Generation = 12, Population = 56.
********....
.****.**...-
0...-*-.-.1.
...1*.*.***.
*0..1.**....
*-1-.**....0
*1....*.-.-.
*.-..-..*1*-
1.*....1*...
.*-.-*...-..
-0-.1...1*..
..*1*-**-1..

*** Life<Cell> 15x2 ***

Generation = 0, Population = 24.
00
--
-0
-0
00
00
00
00
00
00
-0
00
-0
00
00

Generation = 1, Population = 20.
11
0-
01
--
-1
11
11
11
11
-1
0-
11
0-
-1
--

Generation = 2, Population = 20.
-*
-0
-*
0-
-*
-*
**
**
-*
0*
10
**
10
--
-0

Generation = 3, Population = 11.
1.
0-
-*
-0
-*
-*
..
..
1.
-.
*1
..
--
0-
0-

Generation = 4, Population = 14.
*.
1-
-*
0-
0*
1.
..
..
-.
-*
.*
..
1-
11
10

Generation = 5, Population = 12.
..
*-
0*
10
1*
**
..
..
-.
0.
..
..
*-
*-
--

Generation = 6, Population = 11.
..
*-
1.
*1
*.
**
..
..
1.
-.
..
..
.0
.1
1-

Generation = 7, Population = 9.
..
.0
-.
**
..
**
..
..
-.
0.
..
..
.1
**
--

Generation = 8, Population = 9.
..
.-
1*
..
..
..
..
..
1.
-.
..
..
**
**
10

Generation = 9, Population = 5.
..
.0
*.
..
..
..
..
..
-.
0.
..
..
**
..
--

Generation = 10, Population = 1.
..
.-
..
..
..
..
..
..
1.
-.
..
..
..
..
--

Generation = 11, Population = 1.
..
.-
..
..
..
..
..
..
-.
0.
..
..
..
..
--

Generation = 12, Population = 1.
..
.-
..
..
..
..
..
..
1.
-.
..
..
..
..
--

Generation = 13, Population = 1.
..
.-
..
..
..
..
..
..
-.
0.
..
..
..
..
--

Generation = 14, Population = 1.
..
.-
..
..
..
..
..
..
1.
-.
..
..
..
..
--

Generation = 15, Population = 1.
..
.-
..
..
..
..
..
..
-.
0.
..
..
..
..
--

Generation = 16, Population = 1.
..
.-
..
..
..
..
..
..
1.
-.
..
..
..
..
--

Generation = 17, Population = 1.
..
.-
..
..
..
..
..
..
-.
0.
..
..
..
..
--

Generation = 18, Population = 1.
..
.-
..
..
..
..
..
..
1.
-.
..
..
..
..
--

Generation = 19, Population = 1.
..
.-
..
..
..
..
..
..
-.
0.
..
..
..
..
--

Generation = 20, Population = 1.
..
.-
..
..
..
..
..
..
1.
-.
..
..
..
..
--

*** Life<Cell> 3x13 ***

Generation = 0, Population = 12.
-----0----00-
----00-----0-
-----0000-0-0

Generation = 2, Population = 16.
---0--1--1-0-
--01--01-0---
---000--*0-10

Generation = 4, Population = 20.
-0----*0-*-01
01-*---.10-1-
-0000-0-*0-*-

Generation = 6, Population = 17.
--1---.*-*10.
*.*.-1-*1*0--
00--*1-0.--.-

Generation = 8, Population = 15.
--.---.*1..*.
*...1*0.-.-1-
--0-*-0**11.-

*** Life<Cell> 1x3 ***

Generation = 0, Population = 3.
000

Generation = 2, Population = 0.
---

Generation = 4, Population = 0.
---

Generation = 6, Population = 0.
---

Generation = 8, Population = 0.
---

Generation = 10, Population = 0.
---

Generation = 12, Population = 0.
---

Generation = 14, Population = 0.
---

Generation = 16, Population = 0.
---

*** Life<Cell> 14x11 ***

Generation = 0, Population = 33.
-0-----0---
----0---0--
-----0--0-0
---00--00-0
--0---0----
--00-----0-
----0----0-
0---00-----
----0------
---------0-
-00-0------
-----------
-0------0--
00--0--0---

*** Life<Cell> 13x13 ***

Generation = 0, Population = 3.
-------------
------------0
-------------
-------------
-------------
-------------
-------------
-------------
-------------
-------------
-0-----------
------0------
-------------

Generation = 4, Population = 12.
-------------
--------0-0-0
-------------
-------------
-------------
------------0
-0-----------
------0------
-------------
-------------
-0---0-------
--0---0---0--
-0-----------

Generation = 8, Population = 12.
-------------
----0-0------
-0-----------
------0------
-------------
------------0
-------------
------0------
-0-----------
------------0
-----0---0---
0-----------0
-------------

Generation = 12, Population = 45.
-0-----------
0-0-0-0-0-0-0
-0---0-------
--0---0---0--
-0-----------
----0-0-0-0-0
-0---0---0---
0-0---0---0-0
-0---0-------
--------0-0-0
-0---0---0---
0-0-0-0-0-0-0
-0---0---0---

*** Life<Cell> 15x6 ***

Generation = 0, Population = 38.
--000-
-0----
00-00-
-0-000
-000-0
--0-0-
---00-
00---0
----0-
------
-00---
--0000
--000-
--0--0
--00-0

Generation = 4, Population = 42.
0-11*1
-*1--0
.1--*-
-0--.-
0-*-*-
-1*-*-
--0.-0
*1-1**
1.---0
-..-*1
11*-1-
*--...
--.*0-
01*--*
0*-.0.

*** Life<Cell> 4x14 ***

Generation = 0, Population = 10.
------------0-
---0--0--0----
-0---------0--
00------0-0---

*** Life<Cell> 8x11 ***

Generation = 0, Population = 29.
0-0---0---0
------00-00
-0---0-00--
0--0--0-0-0
--00-------
---------0-
0--0-0-00--
00--0-0----

Generation = 1, Population = 39.
---0-01---1
000-----01-
--000------
---10--01--
001-0-0-000
0-0--0-0--0
1-0-0-011--
-10--0--0--

Generation = 2, Population = 45.
00---1*00--
1--000001*-
0--1-0-0-0-
000-10-1--0
---010-----
-0-00--10-1
*0----1*-00
-*-0----10-

Generation = 3, Population = 34.
-100--.1---
--0---1-**0
---*--0-01-
--1--1-*1--
0-----0-0--
-1------10*
*10-00*.---
-*--0-0-*--

Generation = 4, Population = 42.
0*110-.--01
--10-0*0..1
--0*0-101--
00--1--.*--
--1----0--0
0*--00-1--.
*-1---*.-00
-*-0101-.0-

*** Life<Cell> 13x12 ***

Generation = 0, Population = 42.
--0---0---00
00----0-----
-0---0----0-
00-00----0--
0----000-0--
0---0-------
---0------00
--00--------
-00---------
----0-------
0----00-----
-00---0----0
----00-0-00-

Generation = 2, Population = 74.
100--1*--1--
-00-----00--
1-1--0--0001
0--**1-1---0
000-1---0*--
-10-0-1--1--
1-0---000--*
-0--10------
----100---00
-111-------0
00-0-*--000-
0--11---01-0
0-11**-00-*0

Generation = 4, Population = 64.
**0--*.1-**-
-----0----0-
*-.-0*---*0-
001*.1-111-*
-----11-*.11
-1*---.-1.--
10-------0-.
--011--1-0-0
-1--1*----*-
----0---1---
-0-0-.-1--*1
0-1.11-0-10*
--**..--0**-

Generation = 6, Population = 68.
.**-1**-0*.-
--*---*--*01
.0*0*.-1-.--
---..-1.*1-.
-1-1*1.*..*1
-1.1--.1..11
*0**1--11-*.
1-----11--10
1-00*.*-1-.-
0-11-0----0-
--1-1.-*-1.1
--....1--1-.
*1..**--*..-

Generation = 8, Population = 86.
.**-.**-**.*
1-.-00.0-*0*
.-*0.*-10.1-
00***-1***-.
1*-1***.**.-
--*-*1.-*..1
.*.*.1-**-*.
10--11-1--1*
1--****---.-
*1.110--*001
11.-1.0.-**-
-*.*.*-11*1.
***.*.--...-

Generation = 10, Population = 61.
...1...***.*
10.---.--.-*
.-.-.*1*0.*-
--...-1...-*
1*--......**
--*1...1..*-
*..*.--**1**
10---.-.-*1.
1*-*.*.0-1.-
.-.1101-.*-.
-.*-*.-.1.*1
1....*-.1*-.
******--*..-

Generation = 12, Population = 63.
...1........
*-*--*.1-.1*
.-.0**.**..*
-*...-*.*.-.
*.0-.....*..
--*1..***..-
..**.11*...*
*0-1-.-*0.1.
-*0*.*.0-1.0
**.1.*.-**-.
**.-..1...*.
*.....-...1.
*****.1*.*.-

Generation = 14, Population = 53.
...1........
.-.-1**.-..*
.-.-.......*
0....1*...-.
*.*-..*..**.
**.1*..****-
**....**.*..
.0--**-***-.
*.0*.**--..0
...*...-**-.
..*1..-...*.
......1..**.
.****.*....-

Generation = 16, Population = 62.
...1**......
.-.0....-...
.1.1*.*.....
-*.**.*...1.
*.*1*.*...**
..**.*.....-
..**......*.
.*-1**1..*-.
**-****--.*0
.*.*.*.-**1.
.**1..*.*.*.
.*..*.**.**.
..**.**....-

Generation = 18, Population = 51.
...1........
.**0....-...
**..........
1.*...**..**
...-.***.*..
.....**...*-
**.......*..
..-...1***-*
*.-....--..*
......*-****
**.-.......*
**..*...***.
..********.-

*** Life<Cell> 13x1 ***

Generation = 0, Population = 11.
0
0
0
0
0
0
0
-
0
-
0
0
0

Generation = 4, Population = 3.
-
-
-
-
-
0
-
-
-
0
-
0
-

Generation = 8, Population = 5.
-
0
-
-
-
0
-
0
-
0
-
0
-

Generation = 12, Population = 3.
-
-
-
0
-
-
-
0
-
0
-
-
-

*** Life<Cell> 15x10 ***

Generation = 0, Population = 15.
---0------
00--------
--0-------
--0-------
----------
--0-------
----------
------0---
--0-------
-------00-
----0-----
00--------
----------
----------
--0---0---

Generation = 3, Population = 58.
-*----0---
*----0----
*----0----
-**010----
0--0--0---
-------0--
00-0--00--
00*--00-0-
1-0-00-0-0
-10-0---1-
-000----00
.--1--0110
--10----0-
-10-0---0-
10-0-0---0

Generation = 6, Population = 67.
-.111110-0
.*0--.01--
*-11-0-10-
-***--100-
100.101---
--0-11*-*1
--100-----
1..-1-11-0
*-1---0-1-
-*--.-0-..
0-1---*-.-
**-1*-*-*0
----------
-11-1---.1
.-0-0-0-1-

Generation = 9, Population = 59.
-.1***.001
..1-..-*-*
.0.-111.00
0.*.--*.--
.1..1*.---
010**..-..
*-----0---
...-*0-.0-
.*1-*0---0
0.-0.--1..
1-10*-.0**
....*1.-*.
0---0-*0-0
-.--.00-.-
.-10.-----

*** Life<Cell> 2x13 ***

Generation = 0, Population = 14.
0-000-00-0---
-0--000-000--

Generation = 2, Population = 15.
01*00---1--0-
-00--00-**-10

Generation = 4, Population = 13.
*..0-0--*11*-
00---*-0**---

Generation = 6, Population = 9.
**.0-*1-..1.-
----1*--..1--

Generation = 8, Population = 14.
...0-.**..**-
1*00*.-1..**1

Generation = 10, Population = 12.
**.*-.**...*0
**--*.-*...*.

Generation = 12, Population = 10.
*.*.-.**...*-
*.-1..-*...**

Generation = 14, Population = 7.
....-.**...*-
..0-..-*...**
