*** Life<FredkinCell> 9x9 ***

Generation = 0, Population = 3.
---------
---------
---------
---------
---000---
---------
---------
---------
---------

Generation = 1, Population = 10.
---------
---------
---------
---000---
--01-10--
---000---
---------
---------
---------

Generation = 2, Population = 12.
---------
---------
---000---
---------
-012-210-
---------
---000---
---------
---------

Generation = 3, Population = 30.
---------
---000---
--01-10--
-00-0-00-
01-3-3-10
-00-0-00-
--01-10--
---000---
---------

*** Life<FredkinCell> 10x10 ***

Generation = 0, Population = 4.
----------
----------
----------
----------
----00----
----00----
----------
----------
----------
----------

Generation = 1, Population = 8.
----------
----------
----------
----00----
---0--0---
---0--0---
----00----
----------
----------
----------

Generation = 2, Population = 16.
----------
----------
----00----
----11----
--01--10--
--01--10--
----11----
----00----
----------
----------

Generation = 3, Population = 16.
----------
----00----
---0--0---
--0----0--
-0------0-
-0------0-
--0----0--
---0--0---
----00----
----------

*** Life<FredkinCell> 14x7 ***

Generation = 0, Population = 4.
-------
-------
-------
-------
-------
----0--
-------
-------
-----0-
-------
-0-----
------0
-------
-------

Generation = 1, Population = 15.
-------
-------
-------
-------
----0--
---0-0-
----0--
-----0-
----0-0
-0---0-
0-0---0
-0---0-
------0
-------

Generation = 2, Population = 14.
-------
-------
-------
----0--
-------
--0---0
-----0-
----0--
-0-0---
------0
---0-0-
----0-0
-0-----
------0

Generation = 3, Population = 23.
-------
-------
----0--
---0-0-
--0-0-0
-0-0---
--0----
-0-----
0-----0
-0-----
--0-0-0
-0---0-
0-0-0--
-0---0-

Generation = 4, Population = 15.
-------
----0--
-------
-------
-----0-
0-----0
-0-----
------0
-0---0-
----0--
-0---0-
--0-0--
-----0-
------0

Generation = 5, Population = 17.
----0--
---0-0-
----0--
-----0-
0---0--
-------
--0----
-------
0-0----
---0-0-
0---0-0
-----0-
--0----
-------

Generation = 6, Population = 23.
-------
--0---0
-----0-
0---0-0
-0-0---
0-0-0--
-0-0---
0------
-----0-
----0--
-0-----
0-0----
-0-0-0-
--0----

Generation = 7, Population = 25.
--0---0
-0-0---
0-0---0
-----0-
0-0-0-0
-----0-
0-0----
---0-0-
0-----0
-0-0---
----0--
-----0-
------0
-----0-

Generation = 8, Population = 8.
-----0-
----0--
-0-----
------0
-------
-------
-------
-------
-------
------0
-0-----
-------
-----0-
----0--

Generation = 9, Population = 20.
------0
-0-0---
0-0-0-0
-0---0-
------0
-------
-------
-------
------0
-0---0-
0-0---0
-0---0-
------0
---0---

Generation = 10, Population = 22.
-0-0-0-
--0----
---0-0-
------0
-0-----
------0
-------
------0
-0-----
----0-0
---0-0-
----0-0
-0-0---
--0-0-0

Generation = 11, Population = 26.
0-0---0
---0---
-------
-0-0---
0-0----
-0---0-
-------
-0---0-
0-0-0--
-0---0-
--0---0
-0-0-0-
0-0-0--
---0---

Generation = 12, Population = 18.
-----0-
0---0-0
-0-----
--0-0--
-----0-
----0-0
-------
------0
-----0-
--0----
-0---0-
----0--
-0-----
0------

Generation = 13, Population = 17.
0------
---0-0-
------0
-------
--0-0--
---0-0-
----0--
-------
--0-0--
---0---
0-----0
---0---
--0-0--
-------

Generation = 14, Population = 27.
-0-0-0-
0-0----
---0---
--0-0-0
-0-0---
------0
-------
--0----
-0-0-0-
0-----0
-0---0-
0-----0
-0-0-0-
--0-0--

Generation = 15, Population = 30.
--0---0
-0-0-0-
0-0---0
-------
0-0----
-0-0-0-
--0---0
-----0-
--0----
-0-0-0-
0-0-0-0
-0-0-0-
--0-0--
---0---

Generation = 16, Population = 8.
-------
------0
-0-----
------0
-0---0-
-------
-----0-
----0--
-------
----0--
-------
-------
-------
-------

Generation = 17, Population = 14.
------0
-0---0-
0-0----
-------
0-0-0--
-0-----
------0
---0---
-------
---0-0-
----0--
-------
-------
-------

Generation = 18, Population = 21.
-0-----
----0--
-0-0-0-
----0--
-0---0-
----0-0
-0-0-0-
--0-0-0
-----0-
--0-0-0
-------
----0--
-------
-------

Generation = 19, Population = 22.
0-0-0--
-------
0-----0
-----0-
0-0-0--
-------
0-0---0
---0---
----0-0
-0---0-
--0---0
---0-0-
----0--
-------

Generation = 20, Population = 17.
-----0-
--0-0-0
-0-----
--0----
-------
----0-0
-----0-
0------
-0---0-
0-----0
-----0-
----0--
-------
----0--

*** Life<FredkinCell> 10x1 ***

Generation = 0, Population = 10.
0
0
0
0
0
0
0
0
0
0

Generation = 3, Population = 4.
1
-
0
-
-
-
-
0
-
1

Generation = 6, Population = 4.
-
0
-
-
1
1
-
-
0
-

Generation = 9, Population = 4.
-
0
-
0
-
-
0
-
0
-

Generation = 12, Population = 4.
1
-
-
1
-
-
1
-
-
1

Generation = 15, Population = 6.
2
-
3
-
5
5
-
3
-
2

*** Life<FredkinCell> 13x10 ***

Generation = 0, Population = 34.
-0------0-
---000----
--------0-
----0---0-
0---0-00--
--0--0--00
---0--0---
00----0-0-
---0------
--00------
0-0-----0-
-0----0-0-
-0--0--0--

Generation = 1, Population = 77.
0-0000-0-0
-001-10---
---0-0-010
0--0100-10
-000101100
00----0-11
00--0-10-0
110--01--0
00-10-0-0-
00--0---0-
-01---0010
-1--00-010
0100-0----

Generation = 2, Population = 69.
-0-1--0---
-11202100-
00--0--12-
---12---21
0--121---1
-1-0-----2
11-0-0210-
2-1-012--1
1102-01-1-
-1--10----
-120--11--
--0-1-0-2-
12-1010000

Generation = 3, Population = 67.
0102--1-0-
-2-31-21-0
1--0----3-
-00-3-----
--02321---
02----00-3
--010-3-10
--2-1-3-0-
-213-1----
--002-000-
0-310--2--
011-20--3-
23021-1-11

Generation = 4, Population = 64.
12---020--
03142--2--
-0-10-0---
-1--4-0-2-
00--4----1
130---1114
1------1--
----214-1-
13----10--
0-1--01110
11421--31-
122-31--4-
-41--1---2

Generation = 5, Population = 62.
---2-1--0-
---5--230-
--0-1-1-3-
--0---1---
-1-252-102
24100022--
2-0-003210
-1-03----1
-4--012-10
--2--12-21
22---0--2-
--30--0-5-
---2-21---

Generation = 6, Population = 66.
--03----10
---6----10
-011---140
--1---2--1
-2--6----3
-521--331-
3-1-1143--
-22141-01-
15---2---1
01-0-2--3-
33421113--
1-4-311-60
---3-3-01-

Generation = 7, Population = 68.
-21-0--0--
-31-2---21
112-1--251
-12-40----
030--2-1-4
--320--42-
-----2541-
2-3-524-2-
-6----201-
12212-----
44532-2420
225------1
2---1411--

*** Life<FredkinCell> 4x10 ***

Generation = 0, Population = 16.
-0-00-00-0
0-0--00-0-
-0---0----
----0-0--0

Generation = 1, Population = 16.
--0110-10-
-------0--
-----10-00
-0-0-0-00-

Generation = 2, Population = 20.
-01--1--10
--000--100
-0-00-1--1
0----101--

Generation = 3, Population = 19.
01----0---
-0-1---211
--0--120-2
---0-21200

Generation = 4, Population = 17.
1-11-1--10
-10-000---
---00-31--
------23--

Generation = 5, Population = 20.
-1-212-121
-2---1--11
-0-1-14-0-
---002--0-

Generation = 6, Population = 19.
12-3---23-
0-0-----2-
01-2025---
-00----310

*** Life<FredkinCell> 14x9 ***

Generation = 0, Population = 27.
--0------
---------
0---0-00-
-0---0--0
-00---0-0
---0-----
---00--00
------0--
-0-----00
---------
--------0
0-------0
-0--0----
----0----

Generation = 2, Population = 49.
--0---00-
-0---0--0
00--01---
---0--102
--------2
------1-0
-0----022
---11---0
----00022
0-----0-0
----0-01-
0-0-1-0-2
--11--0-1
0-0-2-0-0

Generation = 4, Population = 43.
-00-0-220
---0-----
2-1-----0
----00---
0---00-0-
-------1-
---1---2-
011--0--0
-000-0-24
---00----
---1--232
--2-3----
01--21-0-
---------

*** Life<FredkinCell> 15x4 ***

Generation = 0, Population = 11.
0-0-
--0-
----
----
----
---0
---0
0---
-0-0
----
----
0---
----
--0-
--0-

Generation = 1, Population = 25.
--10
0010
--0-
----
---0
--01
0-01
----
----
-0-0
0---
-0--
0-0-
-010
-010

Generation = 2, Population = 21.
0---
1---
0-1-
--00
---1
00-2
----
0-00
-0-0
----
-0-0
0---
--1-
----
0-2-

Generation = 3, Population = 26.
10--
-01-
1-2-
00--
00--
11-3
-00-
-01-
--01
----
----
--00
00-0
0---
---0

Generation = 4, Population = 29.
2---
1--0
2-30
1---
1101
-20-
-1--
0-2-
---2
--00
--00
0-1-
-111
1---
0-2-

Generation = 5, Population = 31.
30-0
-0-1
--4-
----
-212
-3--
-20-
-0--
0-03
-0-1
001-
-0-0
0222
2--0
1--0

Generation = 6, Population = 34.
4--1
-112
----
-0-0
1--3
1-03
0311
-120
--1-
01-2
1-20
0--1
-3-3
----
2021

Generation = 7, Population = 24.
---2
-2--
--4-
---1
2---
-3-4
-4-2
----
0023
-2-3
-031
1---
---4
2-1-
3--2

*** Life<FredkinCell> 13x4 ***

Generation = 0, Population = 27.
0-0-
0-00
00-0
---0
-0--
-000
0--0
--0-
-0-0
0--0
--00
00--
0-00

Generation = 2, Population = 28.
-0-0
-10-
----
1--2
-2-0
0000
001-
-00-
001-
---0
--20
--1-
2122

Generation = 4, Population = 21.
---0
----
----
-01-
1-1-
0--0
0---
-221
221-
---2
01--
1--1
4-4-

Generation = 6, Population = 29.
-1--
-11-
0-10
----
3-3-
011-
203-
-2--
-412
0-02
0330
111-
-1--

*** Life<FredkinCell> 7x9 ***

Generation = 0, Population = 27.
0-0--0-00
----0-0--
0-----000
000-0-0--
0--00----
0-0--00-0
00-0-----

Generation = 2, Population = 33.
---10--22
00------0
2--0--202
2-21202--
0--2-0-01
01-10--0-
0-1011---

Generation = 4, Population = 32.
111-2-1-2
----10--0
-00--02--
-0--222--
00-202---
-31-02---
-232-31-0

Generation = 6, Population = 41.
3--241--4
-10110212
3-22-221-
-0--2-21-
22-4-4002
151--4-1-
-25-33-00

Generation = 8, Population = 32.
3122611--
1-2-3-4--
--220-2-2
3-3--2---
--14---04
-51--42--
---3-3202

Generation = 10, Population = 36.
3-----14-
3-2--14-3
--4-0-422
3132-2-3-
333--4126
--1--4-20
-35343-0-

Generation = 12, Population = 28.
-----1---
52---36--
30------2
333-3-3--
-555---26
-71-0-3-0
-573---23

Generation = 14, Population = 37.
52-2-3-55
-2----835
52---344-
3-34333--
-75-1-246
-9-20-3--
25-54-3-3

*** Life<FredkinCell> 4x2 ***

Generation = 0, Population = 8.
00
00
00
00

Generation = 3, Population = 8.
11
11
11
11

Generation = 6, Population = 8.
22
22
22
22

Generation = 9, Population = 8.
33
33
33
33

Generation = 12, Population = 8.
44
44
44
44

*** Life<FredkinCell> 1x2 ***

Generation = 0, Population = 2.
00

*** Life<FredkinCell> 5x2 ***

Generation = 0, Population = 10.
00
00
00
00
00

Generation = 1, Population = 6.
--
11
11
11
--

Generation = 2, Population = 6.
00
--
22
--
00

Generation = 3, Population = 6.
11
--
33
--
11

Generation = 4, Population = 6.
22
--
44
--
22

Generation = 5, Population = 6.
33
--
55
--
33

Generation = 6, Population = 6.
44
--
66
--
44

Generation = 7, Population = 6.
55
--
77
--
55

Generation = 8, Population = 6.
66
--
88
--
66

*** Life<FredkinCell> 12x5 ***

Generation = 0, Population = 18.
000--
0-000
0----
--0--
----0
0--0-
0---0
0----
----0
--00-
-----
-----

Generation = 4, Population = 24.
-21-3
--201
-3---
----1
-0--0
1-00-
----0
----1
1-1-1
----2
0---2
0-22-

*** Life<FredkinCell> 8x9 ***

Generation = 0, Population = 1.
---------
---------
---------
---------
---------
---------
-------0-
---------

Generation = 4, Population = 2.
---------
---------
-------0-
---------
---------
---------
---0-----
---------

Generation = 8, Population = 3.
-------0-
---------
-------0-
---------
---------
---------
---0-----
---------

*** Life<FredkinCell> 4x13 ***

Generation = 0, Population = 20.
000----0-0--0
----------000
00----00---00
--000-----00-

Generation = 3, Population = 20.
----1--1---0-
--2-1000-----
-3022-13--2--
2--11-20-----

Generation = 6, Population = 29.
1-1-211-0-212
005-----2---1
26-55--6---31
--222--02-100

Generation = 9, Population = 27.
224232-2-----
---030--50--1
2736-3-7-12-2
-----121--4-0

*** Life<FredkinCell> 2x7 ***

Generation = 0, Population = 8.
0--000-
-000-0-

Generation = 3, Population = 5.
----1--
-11--10

Generation = 6, Population = 5.
0-2--0-
2--0---

Generation = 9, Population = 5.
------2
-5--151

Generation = 12, Population = 10.
-020--3
3650-62

Generation = 15, Population = 7.
3---3-4
67--27-

Generation = 18, Population = 7.
-0--4-5
6-603--
