*** Life<ConwayCell> 4x4 ***

Generation = 0, Population = 4.
....
.**.
.**.
....

Generation = 1, Population = 4.
....
.**.
.**.
....

*** Life<ConwayCell> 5x5 ***

Generation = 0, Population = 3.
.....
.....
.***.
.....
.....

Generation = 1, Population = 3.
.....
..*..
..*..
..*..
.....

Generation = 2, Population = 3.
.....
.....
.***.
.....
.....

*** Life<ConwayCell> 5x5 ***

Generation = 0, Population = 4.
.....
..*..
.*.*.
..*..
.....

Generation = 1, Population = 4.
.....
..*..
.*.*.
..*..
.....

*** Life<ConwayCell> 5x6 ***

Generation = 0, Population = 6.
......
..**..
.*..*.
..**..
......

Generation = 1, Population = 6.
......
..**..
.*..*.
..**..
......

*** Life<ConwayCell> 6x6 ***

Generation = 0, Population = 5.
......
..*...
...*..
.***..
......
......

Generation = 1, Population = 5.
......
......
.*.*..
..**..
..*...
......

Generation = 2, Population = 5.
......
......
...*..
.*.*..
..**..
......

Generation = 3, Population = 5.
......
......
..*...
...**.
..**..
......

Generation = 4, Population = 5.
......
......
...*..
....*.
..***.
......

*** Life<ConwayCell> 5x2 ***

Generation = 0, Population = 6.
*.
**
.*
**
..

Generation = 3, Population = 4.
**
**
..
..
..

Generation = 6, Population = 4.
**
**
..
..
..

*** Life<ConwayCell> 9x3 ***

Generation = 0, Population = 22.
*.*
***
***
*.*
***
***
*.*
*.*
*.*

Generation = 3, Population = 0.
...
...
...
...
...
...
...
...
...

Generation = 6, Population = 0.
...
...
...
...
...
...
...
...
...

*** Life<ConwayCell> 14x10 ***

Generation = 0, Population = 6.
..........
....*.**..
..........
..........
..........
..........
..........
.....*....
..........
...*......
...*......
..........
..........
..........

Generation = 3, Population = 0.
..........
..........
..........
..........
..........
..........
..........
..........
..........
..........
..........
..........
..........
..........

*** Life<ConwayCell> 5x5 ***

Generation = 0, Population = 2.
...*.
.....
*....
.....
.....

*** Life<ConwayCell> 12x11 ***

Generation = 0, Population = 32.
**.........
.*..*....*.
....*..*..*
....*.**.*.
.*.*...*...
...........
...**...**.
...*.**...*
........*.*
.....*...*.
.....**....
**.*.......

Generation = 1, Population = 41.
**.........
**.........
...**.**.**
...*****...
......***..
..***...*..
...***...*.
...*.*.**.*
....***...*
.....**..*.
....***....
...........

Generation = 2, Population = 31.
**.........
***........
..**...**..
...*.....*.
..*.....*..
..*...*.**.
.....***.*.
...*...**.*
........*.*
.......*...
....*.*....
.....*.....

Generation = 3, Population = 24.
*.*........
*..*.......
...*....*..
...*...*.*.
..**...**..
.....**..*.
.....*....*
..........*
........*..
.......*...
.....**....
.....*.....

Generation = 4, Population = 34.
.*.........
.***.......
..***...*..
...**..*.*.
..***..*.*.
....******.
.....**..**
.........*.
...........
......**...
.....**....
.....**....

Generation = 5, Population = 20.
.*.........
.*..*......
.*......*..
.....*.*.*.
..*......**
...........
....*.....*
.........**
...........
.....***...
...........
.....**....

Generation = 6, Population = 18.
...........
***........
........*..
.........**
........***
.........**
.........**
.........**
......*....
......*....
.......*...
...........

Generation = 7, Population = 11.
.*.........
.*.........
.*.......*.
..........*
........*..
...........
........*..
.........**
...........
......**...
...........
...........

Generation = 8, Population = 6.
...........
***........
...........
.........*.
...........
...........
.........*.
.........*.
...........
...........
...........
...........

Generation = 9, Population = 3.
.*.........
.*.........
.*.........
...........
...........
...........
...........
...........
...........
...........
...........
...........

Generation = 10, Population = 3.
...........
***........
...........
...........
...........
...........
...........
...........
...........
...........
...........
...........

Generation = 11, Population = 3.
.*.........
.*.........
.*.........
...........
...........
...........
...........
...........
...........
...........
...........
...........

Generation = 12, Population = 3.
...........
***........
...........
...........
...........
...........
...........
...........
...........
...........
...........
...........

Generation = 13, Population = 3.
.*.........
.*.........
.*.........
...........
...........
...........
...........
...........
...........
...........
...........
...........

Generation = 14, Population = 3.
...........
***........
...........
...........
...........
...........
...........
...........
...........
...........
...........
...........

Generation = 15, Population = 3.
.*.........
.*.........
.*.........
...........
...........
...........
...........
...........
...........
...........
...........
...........

*** Life<ConwayCell> 13x4 ***

Generation = 0, Population = 23.
....
****
....
....
.**.
.*.*
**.*
..**
**..
...*
.**.
..**
***.

Generation = 1, Population = 22.
.**.
.**.
.**.
....
.**.
...*
**.*
...*
.*.*
*...
.*..
*..*
.***

Generation = 2, Population = 24.
.**.
*..*
.**.
....
..*.
*..*
...*
**.*
..*.
***.
**..
*..*
.***

Generation = 3, Population = 23.
.**.
*..*
.**.
.**.
....
..**
**.*
.*.*
...*
*.*.
....
*..*
.***

*** Life<ConwayCell> 10x10 ***

Generation = 0, Population = 34.
.**.*.....
......*.**
.*.*..***.
.*...***..
**.....***
..........
.*.*.*.*.*
*.....**..
***...*...
....*..*..

Generation = 1, Population = 32.
..........
.*.*.**.**
..*......*
.*...*...*
**.....**.
***...**.*
.......**.
*....*.**.
**...**...
.*........

Generation = 2, Population = 32.
..........
..*.....**
.**.***..*
***......*
.......*.*
*.*...*..*
*........*
**...*..*.
**...***..
**........

Generation = 3, Population = 33.
..........
.***.*..**
*....*...*
*.**.**..*
*.*......*
.*.......*
*.......**
.....*.**.
..*..***..
**....*...

*** Life<ConwayCell> 7x6 ***

Generation = 0, Population = 11.
...*..
.*.*..
.*....
..*...
*...*.
*..*..
**....

Generation = 3, Population = 6.
......
......
......
*.*...
..*...
..*...
**....

Generation = 6, Population = 6.
......
......
......
.***..
......
.*.*..
..*...

Generation = 9, Population = 8.
......
......
..*...
.*.*..
*...*.
.*.*..
..*...

*** Life<ConwayCell> 9x7 ***

Generation = 0, Population = 18.
*.*...*
.......
...**..
.......
**..*.*
.*.....
...*...
*.*.***
..**...

Generation = 1, Population = 23.
.......
...*...
.......
...***.
**.....
***....
.*****.
.**.**.
.*****.

Generation = 2, Population = 11.
.......
.......
...*...
....*..
*..**..
....*..
.....*.
*.....*
.*...*.

Generation = 3, Population = 10.
.......
.......
.......
....*..
...***.
...***.
.....*.
.....**
.......

Generation = 4, Population = 7.
.......
.......
.......
...***.
.......
...*..*
.......
.....**
.......

Generation = 5, Population = 6.
.......
.......
....*..
....*..
...*.*.
.......
.....**
.......
.......

Generation = 6, Population = 7.
.......
.......
.......
...***.
....*..
....***
.......
.......
.......

Generation = 7, Population = 8.
.......
.......
....*..
...***.
......*
....**.
.....*.
.......
.......

Generation = 8, Population = 13.
.......
.......
...***.
...***.
...*..*
....***
....**.
.......
.......

Generation = 9, Population = 11.
.......
....*..
...*.*.
..*...*
...*..*
...*..*
....*.*
.......
.......

Generation = 10, Population = 17.
.......
....*..
...***.
..*****
..**.**
...**.*
.....*.
.......
.......

Generation = 11, Population = 10.
.......
...***.
..*...*
.......
.......
..**..*
....**.
.......
.......

Generation = 12, Population = 13.
....*..
...***.
...***.
.......
.......
...***.
...***.
.......
.......

Generation = 13, Population = 12.
...***.
.......
...*.*.
....*..
....*..
...*.*.
...*.*.
....*..
.......

Generation = 14, Population = 15.
....*..
...*.*.
....*..
...***.
...***.
...*.*.
...*.*.
....*..
.......

Generation = 15, Population = 12.
....*..
...*.*.
.......
.......
..*...*
..**.**
...*.*.
....*..
.......

*** Life<ConwayCell> 7x7 ***

Generation = 0, Population = 22.
..*.*.*
*****..
..***.*
....*..
...****
*..*.**
*......

Generation = 4, Population = 0.
.......
.......
.......
.......
.......
.......
.......

*** Life<ConwayCell> 4x13 ***

Generation = 0, Population = 17.
*..***..**...
*...**....*..
**.*.*.....*.
.*.....*.....

Generation = 1, Population = 16.
...*.*...*...
*.*...*..**..
***..**......
***..........

Generation = 2, Population = 14.
.........**..
*.***.*..**..
...*.**......
*.*..........

Generation = 3, Population = 11.
...*.....**..
..***.*..**..
.....**......
.............

*** Life<ConwayCell> 1x7 ***

Generation = 0, Population = 7.
*******

Generation = 4, Population = 0.
.......

Generation = 8, Population = 0.
.......

Generation = 12, Population = 0.
.......

Generation = 16, Population = 0.
.......

*** Life<ConwayCell> 8x1 ***

Generation = 0, Population = 8.
*
*
*
*
*
*
*
*

Generation = 3, Population = 2.
.
.
.
*
*
.
.
.

Generation = 6, Population = 0.
.
.
.
.
.
.
.
.

Generation = 9, Population = 0.
.
.
.
.
.
.
.
.

Generation = 12, Population = 0.
.
.
.
.
.
.
.
.

Generation = 15, Population = 0.
.
.
.
.
.
.
.
.

*** Life<ConwayCell> 3x13 ***

Generation = 0, Population = 24.
*.*..**.**...
*.*..**.***..
********.**.*

Generation = 2, Population = 12.
.............
.*.*****.*.*.
.*.*......**.

Generation = 4, Population = 10.
...*..*......
...*...*..**.
...*..*...**.

*** Life<ConwayCell> 2x6 ***

Generation = 0, Population = 2.
...*..
*.....

Generation = 3, Population = 0.
......
......

Generation = 6, Population = 0.
......
......

Generation = 9, Population = 0.
......
......

Generation = 12, Population = 0.
......
......

Generation = 15, Population = 0.
......
......
