*** Life<ConwayCell> 20x28 ***

Generation = 0, Population = 68.
...*...**...*...............
............................
....................*..*....
....................*....**.
........*........*.*.....*..
...*............*...........
.....*..................*...
..*.....**...............*..
...........*.*..*.....*.*...
..*.........................
.........*..............*...
.**.*....*..*...*...........
.............*...**.........
..*..*..*.......***........*
.....*....*...*.............
.....*................*..*..
***.......*.....*...........
.*......*.**......*...*.....
....*...........*...........
.....*....*......*.*........

Generation = 2, Population = 38.
............................
............................
.........................*..
........................*.*.
........................*.*.
............................
........................*...
........................*...
.......................*....
..*.........................
..*.........................
............................
..*...............*.........
..****............*.........
.....*...........*..........
***..*....*.................
.........*.*................
*.*.....*...*....**.........
.*.......*.*.....**.........
..........*.................

Generation = 4, Population = 35.
............................
............................
.........................*..
.........................*..
.........................*..
............................
........................*...
............................
............................
............................
............................
............................
..*.**......................
..*...*.....................
..**.**.....................
.*.......***................
*.*.....*...*...............
***.....*...*....**.........
........*...*....**.........
.........***................

Generation = 6, Population = 36.
............................
............................
.........................*..
.........................*..
.........................*..
............................
............................
............................
............................
............................
............................
............................
..*.........................
.*....*.....................
*..****..***................
*..**.......................
*.**...*.....*..............
*.*....*.....*...**.........
.*.....*.....*...**.........
.........***................

Generation = 8, Population = 41.
............................
............................
.........................*..
.........................*..
.........................*..
............................
............................
............................
............................
............................
............................
............................
..**........................
*...**......................
*...*.**.***................
*....*......................
*.*..**......*..............
*.**...***.***...**.........
.**.....*...*....**.........
.........*.*................

Generation = 10, Population = 41.
............................
............................
.........................*..
.........................*..
.........................*..
............................
............................
............................
............................
............................
............................
............................
...**.......................
***...*.....................
**.**.**.***................
*.*.....**..................
*.*.......*.*...............
*........*...**..**.........
.***..**....*....**.........
..*.........................

Generation = 12, Population = 40.
............................
............................
.........................*..
.........................*..
.........................*..
............................
............................
............................
............................
............................
............................
..*.........................
.**.........................
.*.***.****.................
.*...*...**.................
.*........*.................
*......***.*.*..............
*..*.......*.**..**.........
*...*........*...**.........
.*.*........................

Generation = 14, Population = 43.
............................
............................
.........................*..
.........................*..
.........................*..
............................
............................
............................
............................
............................
............................
.**.........................
....*..***..................
...*..*.*.*.................
......**..**................
..*........*................
..*.....**.*.**.............
...*....*.**...*.**.........
*.**........*.*..**.........
.***.........*..............

Generation = 16, Population = 39.
............................
............................
.........................*..
.........................*..
.........................*..
............................
............................
............................
............................
............................
............................
.......***..................
......*****.................
.....*.....*................
.....*......*...............
......*....**...............
..**.......**..***..........
...**...*.........*.........
...**.....**.**...*.........
.............**..*..........

*** Life<ConwayCell> 7x15 ***

Generation = 0, Population = 49.
*...*.*.***.***
*....*...*.**..
.*..*.***.*****
*...*.*.**..*..
.......**...**.
*.*.*..**...*.*
****.....*.*.**

Generation = 1, Population = 35.
.....*..***.**.
**..*..........
**..*.*........
......*...*...*
.*.*.**....**..
*.*....*.*.*..*
*.**....*...***

Generation = 2, Population = 36.
.........*.....
**..*....*.....
**.............
***.*.**...*...
.**..***...***.
*...*.***.**..*
..**....*...***

Generation = 3, Population = 22.
...............
**.............
...*.*.........
...*...*...*...
..*.*........*.
....*...***...*
...*....**.****

Generation = 4, Population = 18.
...............
...............
..*.*..........
..**...........
....*...***....
....*...*.**..*
........*..****

Generation = 5, Population = 17.
...............
...............
..*............
..*.*....*.....
....*...*.**...
.......**.....*
.........******

Generation = 6, Population = 17.
...............
...............
...*...........
.........**....
...*...**.*....
.......**.....*
........*******

Generation = 7, Population = 15.
...............
...............
...............
........***....
.......*..*....
............*.*
.......********

Generation = 8, Population = 16.
...............
...............
.........*.....
........***....
........*.**...
.......*....*.*
........*****.*

Generation = 9, Population = 16.
...............
...............
........***....
........*..*...
.......**.**...
.......*....*..
........*****..

Generation = 10, Population = 18.
...............
.........*.....
........***....
...........*...
.......******..
.......*....*..
........*****..

Generation = 11, Population = 20.
...............
........***....
........***....
.......*....*..
.......****.*..
.......*.....*.
........*****..

Generation = 12, Population = 20.
.........*.....
........*.*....
.......*..**...
.......*.......
......**.*.***.
.......*.....*.
........*****..

Generation = 13, Population = 22.
.........*.....
........*.**...
.......*****...
.......*.......
......**....**.
......**.....*.
........*****..

Generation = 14, Population = 23.
.........**....
.......*...*...
.......*...*...
.........****..
........*...**.
......*..**..*.
.......******..

Generation = 15, Population = 15.
..........*....
........*..*...
........*......
........***..*.
........*....*.
.............*.
.......**..**..

*** Life<ConwayCell> 18x22 ***

Generation = 0, Population = 65.
*..*...............*..
*.......*........*..*.
....***...........**..
.........*....*.......
*..............**...**
.*.........*.*........
....*....*........*...
*...........*.*.......
.*.**..*..*.......*...
.....*.*...........*..
*....*.............*..
...*..*..*..**.*.*....
*...*..*........*.....
.................*..**
*..............*......
.........**......*....
..*.............*..*..
............*...*..*..

Generation = 5, Population = 23.
.....*................
....*.*...............
....*.*............*..
.....*...........**...
..................**..
.............**.......
......................
...**.................
......................
......................
.....*...........*....
.....*...........*....
.....*................
......................
......................
......................
.................*....
................**....

Generation = 10, Population = 18.
.....*................
....*.*...............
....*.*...............
.....*...........*....
................*.....
................***...
......................
......................
......................
......................
......................
....***...............
......................
......................
......................
......................
................**....
................**....

Generation = 15, Population = 18.
.....*................
....*.*...............
....*.*...............
.....*................
......................
...............*.*....
...............**.....
................*.....
......................
......................
.....*................
.....*................
.....*................
......................
......................
......................
................**....
................**....

*** Life<ConwayCell> 13x9 ***

Generation = 0, Population = 59.
*.*.**.*.
....****.
.*..***.*
****.****
**.***.**
.**...**.
**....***
..***.**.
....**..*
..**.*.**
.*.....**
...*...**
*....*...

Generation = 1, Population = 25.
...**..*.
.*......*
**......*
.........
.........
...**....
*.......*
.****....
........*
..**.*...
...**....
......***
.........

Generation = 2, Population = 22.
.........
***....**
**.......
.........
.........
.........
.*.......
.***.....
.*.......
..**.....
..******.
.......*.
.......*.

Generation = 3, Population = 22.
.*.......
*.*......
*.*......
.........
.........
.........
.*.......
**.......
.*.......
.*...**..
..*.****.
...***.**
.........

Generation = 4, Population = 20.
.*.......
*.*......
.........
.........
.........
.........
**.......
***......
.**......
.**.*..*.
..*.....*
...*...**
....*....

Generation = 5, Population = 10.
.*.......
.*.......
.........
.........
.........
.........
*.*......
.........
.........
.........
.**.....*
...*...**
.........

Generation = 6, Population = 6.
.........
.........
.........
.........
.........
.........
.........
.........
.........
.........
..*....**
..*....**
.........

Generation = 7, Population = 4.
.........
.........
.........
.........
.........
.........
.........
.........
.........
.........
.......**
.......**
.........

Generation = 8, Population = 4.
.........
.........
.........
.........
.........
.........
.........
.........
.........
.........
.......**
.......**
.........

Generation = 9, Population = 4.
.........
.........
.........
.........
.........
.........
.........
.........
.........
.........
.......**
.......**
.........

Generation = 10, Population = 4.
.........
.........
.........
.........
.........
.........
.........
.........
.........
.........
.......**
.......**
.........

Generation = 11, Population = 4.
.........
.........
.........
.........
.........
.........
.........
.........
.........
.........
.......**
.......**
.........

*** Life<ConwayCell> 29x11 ***

Generation = 0, Population = 52.
...........
*..........
*.*..*.....
...**......
......**...
...........
..**......*
..*.......*
........*.*
.......*...
......*..*.
.*....*....
.*....*...*
.....*.....
.......*...
....*......
...*.*.....
....*.....*
........**.
*...*.*.*..
........*..
***...*....
........***
......*....
...........
*.......*.*
......**...
........*..
.*.........

Generation = 1, Population = 49.
...........
.*.........
.*.**......
...****....
...........
...........
..**.......
..**......*
.........*.
.......***.
......**...
.....***...
.....**....
......*....
...........
....*......
...*.*.....
....*....*.
.....*.***.
........*..
*....*.....
.*.....**..
.*.....*.*.
.........*.
...........
.......*...
.......***.
.......*...
...........

Generation = 2, Population = 46.
...........
..*........
...*.......
..**.*.....
....**.....
...........
..**.......
..**.......
.........**
......**.*.
.....*.....
...........
...........
.....**....
...........
....*......
...*.*.....
....***..*.
.......*.*.
......****.
.......**..
**....***..
.......*.*.
........*..
...........
.......*...
......**...
.......*...
...........

Generation = 3, Population = 46.
...........
...........
...**......
..**.*.....
...***.....
...**......
..**.......
..**.......
........***
......*.***
......*....
...........
...........
...........
.....*.....
....*......
...*..*....
....***.*..
.........**
......*..*.
...........
......*..*.
......*..*.
........*..
...........
......**...
......***..
......**...
...........

Generation = 4, Population = 44.
...........
...........
..***......
..*..*.....
.....*.....
.....*.....
...........
..**.....*.
.......**.*
........*.*
.......*.*.
...........
...........
...........
...........
....**.....
...*..**...
....****.*.
......*****
.........**
...........
...........
.......***.
...........
.......*...
......*.*..
.....*..*..
......*.*..
...........

Generation = 5, Population = 39.
...........
...*.......
..***......
..*..*.....
....***....
...........
...........
........**.
.......**.*
..........*
........**.
...........
...........
...........
...........
....***....
...*...**..
....*....**
...........
.......*..*
...........
........*..
........*..
.......*...
.......*...
......*.*..
.....**.**.
.......*...
...........

Generation = 6, Population = 52.
...........
..***......
..*.*......
..*...*....
....***....
.....*.....
...........
.......***.
.......**.*
.......*..*
.........*.
...........
...........
...........
.....*.....
....****...
...*..****.
........**.
.........**
...........
...........
...........
.......**..
.......**..
......***..
.....**.**.
.....**.**.
......***..
...........

Generation = 7, Population = 38.
...*.......
..*.*......
.**.**.....
....*.*....
....*.*....
....***....
........*..
.......*.*.
......*...*
.......*..*
...........
...........
...........
...........
....**.....
....*......
....*....*.
...........
........***
...........
...........
...........
.......**..
.........*.
.....*.....
...........
...........
.....**.**.
.......*...

Generation = 8, Population = 45.
...*.......
.**.**.....
.**.*......
....*.*....
...**.**...
....*.**...
.....****..
.......***.
......*****
...........
...........
...........
...........
...........
....**.....
...**......
...........
........*.*
.........*.
.........*.
...........
...........
........*..
........*..
...........
...........
...........
......***..
......***..

Generation = 9, Population = 41.
..***......
.*..**.....
.**.*......
..*.*.**...
...**......
...**......
.....*...*.
.....*....*
......*...*
.......***.
...........
...........
...........
...........
...***.....
...***.....
...........
.........*.
........***
...........
...........
...........
...........
...........
...........
...........
.......*...
......*.*..
......*.*..

Generation = 10, Population = 45.
..****.....
.*...*.....
.**.*.*....
.**.*......
..*........
...*.*.....
.....*.....
.....**..**
......***.*
.......***.
........*..
...........
...........
....*......
...*.*.....
...*.*.....
....*......
........***
........***
.........*.
...........
...........
...........
...........
...........
...........
.......*...
......*.*..
...........

Generation = 11, Population = 38.
..****.....
.*....*....
*...*......
.....*.....
.**.*......
....*......
.....*.....
.....*..***
.....*....*
......*....
.......***.
...........
...........
....*......
...*.*.....
...*.*.....
....*....*.
........*.*
...........
........***
...........
...........
...........
...........
...........
...........
.......*...
.......*...
...........

Generation = 12, Population = 47.
..****.....
.**........
.....*.....
.*.***.....
...***.....
...***.....
....**...*.
....***..**
.....**...*
......****.
.......**..
........*..
...........
....*......
...*.*.....
...*.*.....
....*....*.
.........*.
........*.*
.........*.
.........*.
...........
...........
...........
...........
...........
...........
...........
...........

Generation = 13, Population = 40.
.****......
.**..*.....
.*.*.*.....
..**..*....
......*....
......*....
.........**
.........**
....*.....*
.....*...*.
......*....
.......**..
...........
....*......
...*.*.....
...*.*.....
....*......
........***
........*.*
........***
...........
...........
...........
...........
...........
...........
...........
...........
...........

Generation = 14, Population = 38.
.*.**......
*....*.....
.*.*.**....
..*****....
.....***...
...........
.........**
...........
..........*
.....*.....
......***..
.......*...
...........
....*......
...*.*.....
...*.*.....
....*....*.
........*.*
.......*...
........*.*
.........*.
...........
...........
...........
...........
...........
...........
...........
...........

Generation = 15, Population = 37.
....*......
**.*.**....
.*.*.......
..**.......
...*...*...
......*....
...........
.........**
...........
......**...
......***..
......***..
...........
....*......
...*.*.....
...*.*.....
....*....*.
........**.
.......**..
........**.
.........*.
...........
...........
...........
...........
...........
...........
...........
...........

Generation = 16, Population = 34.
....**.....
**.*.*.....
**.*.......
...**......
..**.......
...........
...........
...........
...........
......*.*..
.....*.....
......*.*..
.......*...
....*......
...*.*.....
...*.*.....
....*...**.
.......*.*.
.......*...
.......*.*.
........**.
...........
...........
...........
...........
...........
...........
...........
...........

Generation = 17, Population = 35.
....**.....
**.*.*.....
**.*.......
.*..*......
..***......
...........
...........
...........
...........
...........
.....**....
......**...
.......*...
....*......
...*.*.....
...*.*.....
....*...**.
.......*.*.
......**...
.......*.*.
........**.
...........
...........
...........
...........
...........
...........
...........
...........

Generation = 18, Population = 39.
....**.....
**.*.*.....
...*.......
**..*......
..***......
...*.......
...........
...........
...........
...........
.....***...
.....*.*...
......**...
....*......
...*.*.....
...*.*.....
....*...**.
......**.*.
......**...
......**.*.
........**.
...........
...........
...........
...........
...........
...........
...........
...........

Generation = 19, Population = 44.
....**.....
..**.*.....
...*.......
.*..*......
.**.*......
..***......
...........
...........
...........
......*....
.....*.*...
.....*..*..
.....***...
....***....
...*.*.....
...*.*.....
....******.
.....**..*.
.....*.....
......*..*.
.......***.
...........
...........
...........
...........
...........
...........
...........
...........

*** Life<ConwayCell> 28x13 ***

Generation = 0, Population = 86.
...**.*...**.
..**......***
.**.*........
.......*.**..
.............
...*.*..***..
....*.*......
..*..***...*.
*........*..*
*.*..*....**.
**......*...*
..*.**.......
....**..*...*
....*.....**.
...*.*....*..
.*.*.........
.*.........*.
**..*......*.
**..**.......
.....**..**..
..***........
......*......
.*.*.........
.........*...
*......**.**.
*.*....*.*...
.............
..........*..

Generation = 4, Population = 76.
..***........
.*..*........
.**..........
.............
...**........
...**........
...*.*.......
....***......
.......*.**..
.**.*....**.*
*.....*...*..
**.........**
**.**........
**.**......*.
...........*.
....**.......
.**..**......
***..***.....
*.**.........
.*...........
.*.*..**.....
.....*...*...
........*.*..
.......*...*.
.......*...*.
........***..
........***..
.............

Generation = 8, Population = 84.
..***........
*...*........
***..........
.****........
...*.*.......
...*.........
......**.....
...*.....*...
..*...*..***.
...**.***..*.
.*.*....****.
.*.*.....*...
.............
.....*.......
.*.....*.....
.*.....*.....
***....**....
**..**.*.....
**...........
*.***..*.....
****...*.....
.*...*.......
.....*..*.**.
........*....
..........*..
......**...**
.......*****.
.........*...

Generation = 12, Population = 50.
...**........
..*..*.......
....*........
....*........
.....**......
.....***.....
....*........
.............
.....**..*.*.
..........**.
...........*.
.............
.............
.............
......**.....
......*......
.....*.*.....
.....*.......
....*..*.....
.....*.*.....
**...........
**...........
..........**.
.........*..*
........***..
........****.
..........**.
........****.

*** Life<ConwayCell> 1x12 ***

Generation = 0, Population = 12.
************

Generation = 3, Population = 6.
...******...

Generation = 6, Population = 0.
............

Generation = 9, Population = 0.
............

Generation = 12, Population = 0.
............

Generation = 15, Population = 0.
............

*** Life<ConwayCell> 11x6 ***

Generation = 0, Population = 30.
***..*
.*.**.
**.***
.....*
..**.*
...*.*
.*.*..
..*.*.
***.*.
.*..*.
..*..*

Generation = 1, Population = 25.
*****.
......
**.*.*
.*...*
..**.*
...*..
...*..
*...*.
*.*.**
*...**
......

Generation = 2, Population = 24.
.***..
......
***.*.
**.*.*
..**..
...*..
...**.
.*..**
*.....
.*.***
......

Generation = 3, Population = 21.
..*...
*.....
*.***.
*.....
.*.*..
......
..**.*
...***
****..
....*.
....*.

Generation = 4, Population = 17.
......
..*...
*..*..
*...*.
......
...**.
..**.*
.....*
.**..*
.**.*.
......

Generation = 5, Population = 21.
......
......
.*.*..
......
...**.
..***.
..**.*
.*.*.*
.*****
.***..
......

Generation = 6, Population = 14.
......
......
......
..***.
..*.*.
.....*
.*...*
.*...*
*....*
.*....
..*...

*** Life<ConwayCell> 22x30 ***

Generation = 0, Population = 66.
..*..................*........
...............*.............*
.*..........*.................
*..........*..................
......................*.......
....*.........*...............
...................*...*.....*
......*....**.....*.*.......*.
.........*..*.....*...........
....*..............*..........
......*.................*.....
............*.**........*.....
...........*..*...............
...*....*.................*.*.
...................*......*..*
..*........*...*...........*..
..............................
.......*...............*...*..
...*..*..........**.*.*..*....
............*......*......*..*
.........*...........*..*.*...
...........*....*......*.....*

Generation = 2, Population = 21.
..............................
..............................
..............................
..............................
..............................
..............................
..............................
...........**.....**..........
...........**.................
..............................
..............*...............
.............*.*..............
.............*.*..............
..............*............*..
...........................*..
..............................
..............................
..............................
..................*...........
..................*.*....**...
...................**.........
..............................

Generation = 4, Population = 15.
..............................
..............................
..............................
..............................
..............................
..............................
..............................
...........**.................
...........**.................
..............................
..............*...............
.............*.*..............
.............*.*..............
..............*...............
..............................
..............................
..............................
..............................
...................*..........
..................*.*.........
...................**.........
..............................

Generation = 6, Population = 15.
..............................
..............................
..............................
..............................
..............................
..............................
..............................
...........**.................
...........**.................
..............................
..............*...............
.............*.*..............
.............*.*..............
..............*...............
..............................
..............................
..............................
..............................
...................*..........
..................*.*.........
...................**.........
..............................

Generation = 8, Population = 15.
..............................
..............................
..............................
..............................
..............................
..............................
..............................
...........**.................
...........**.................
..............................
..............*...............
.............*.*..............
.............*.*..............
..............*...............
..............................
..............................
..............................
..............................
...................*..........
..................*.*.........
...................**.........
..............................

Generation = 10, Population = 15.
..............................
..............................
..............................
..............................
..............................
..............................
..............................
...........**.................
...........**.................
..............................
..............*...............
.............*.*..............
.............*.*..............
..............*...............
..............................
..............................
..............................
..............................
...................*..........
..................*.*.........
...................**.........
..............................

Generation = 12, Population = 15.
..............................
..............................
..............................
..............................
..............................
..............................
..............................
...........**.................
...........**.................
..............................
..............*...............
.............*.*..............
.............*.*..............
..............*...............
..............................
..............................
..............................
..............................
...................*..........
..................*.*.........
...................**.........
..............................

Generation = 14, Population = 15.
..............................
..............................
..............................
..............................
..............................
..............................
..............................
...........**.................
...........**.................
..............................
..............*...............
.............*.*..............
.............*.*..............
..............*...............
..............................
..............................
..............................
..............................
...................*..........
..................*.*.........
...................**.........
..............................

Generation = 16, Population = 15.
..............................
..............................
..............................
..............................
..............................
..............................
..............................
...........**.................
...........**.................
..............................
..............*...............
.............*.*..............
.............*.*..............
..............*...............
..............................
..............................
..............................
..............................
...................*..........
..................*.*.........
...................**.........
..............................

Generation = 18, Population = 15.
..............................
..............................
..............................
..............................
..............................
..............................
..............................
...........**.................
...........**.................
..............................
..............*...............
.............*.*..............
.............*.*..............
..............*...............
..............................
..............................
..............................
..............................
...................*..........
..................*.*.........
...................**.........
..............................

*** Life<ConwayCell> 5x15 ***

Generation = 0, Population = 57.
.**..**.***.*.*
*..********.***
*.*********.**.
***.***.*.*****
**.***.*.******

Generation = 1, Population = 15.
.***......*.*.*
*.............*
*..............
...............
*..*...***....*

Generation = 2, Population = 8.
.**..........*.
*.*..........*.
...............
........*......
........*......

Generation = 3, Population = 3.
.**............
..*............
...............
...............
...............

Generation = 4, Population = 4.
.**............
.**............
...............
...............
...............

Generation = 5, Population = 4.
.**............
.**............
...............
...............
...............

Generation = 6, Population = 4.
.**............
.**............
...............
...............
...............

Generation = 7, Population = 4.
.**............
.**............
...............
...............
...............

Generation = 8, Population = 4.
.**............
.**............
...............
...............
...............

Generation = 9, Population = 4.
.**............
.**............
...............
...............
...............

Generation = 10, Population = 4.
.**............
.**............
...............
...............
...............

*** Life<ConwayCell> 28x22 ***

Generation = 0, Population = 50.
***.........*.........
.............*...*....
......................
......................
........*.............
..*...................
.*...........*........
...*..*......*...*....
......*............*..
....*.....*....*.*....
......................
................*.....
..........*.....*.....
...*........*.........
......................
........*..*........*.
......................
.*....................
...........*........*.
..........*.*.........
..*..........*.......*
.....**...............
..........*...........
.................*....
.........*.......*..*.
.....*................
..............*..*....
..*....*....*...*.....

Generation = 1, Population = 10.
.*....................
.*....................
......................
......................
......................
......................
..*...................
......................
.....*..........*.*...
......................
................*.....
......................
......................
......................
......................
......................
......................
......................
...........*..........
...........**.........
......................
......................
......................
......................
......................
......................
......................
......................

Generation = 2, Population = 5.
......................
......................
......................
......................
......................
......................
......................
......................
......................
.................*....
......................
......................
......................
......................
......................
......................
......................
......................
...........**.........
...........**.........
......................
......................
......................
......................
......................
......................
......................
......................

Generation = 3, Population = 4.
......................
......................
......................
......................
......................
......................
......................
......................
......................
......................
......................
......................
......................
......................
......................
......................
......................
......................
...........**.........
...........**.........
......................
......................
......................
......................
......................
......................
......................
......................

Generation = 4, Population = 4.
......................
......................
......................
......................
......................
......................
......................
......................
......................
......................
......................
......................
......................
......................
......................
......................
......................
......................
...........**.........
...........**.........
......................
......................
......................
......................
......................
......................
......................
......................

Generation = 5, Population = 4.
......................
......................
......................
......................
......................
......................
......................
......................
......................
......................
......................
......................
......................
......................
......................
......................
......................
......................
...........**.........
...........**.........
......................
......................
......................
......................
......................
......................
......................
......................

Generation = 6, Population = 4.
......................
......................
......................
......................
......................
......................
......................
......................
......................
......................
......................
......................
......................
......................
......................
......................
......................
......................
...........**.........
...........**.........
......................
......................
......................
......................
......................
......................
......................
......................

Generation = 7, Population = 4.
......................
......................
......................
......................
......................
......................
......................
......................
......................
......................
......................
......................
......................
......................
......................
......................
......................
......................
...........**.........
...........**.........
......................
......................
......................
......................
......................
......................
......................
......................

Generation = 8, Population = 4.
......................
......................
......................
......................
......................
......................
......................
......................
......................
......................
......................
......................
......................
......................
......................
......................
......................
......................
...........**.........
...........**.........
......................
......................
......................
......................
......................
......................
......................
......................

*** Life<ConwayCell> 23x6 ***

Generation = 0, Population = 50.
......
..**..
...*.*
*....*
.*...*
.*.*..
......
.*....
**.*.*
*...*.
.**.*.
.**...
**....
**..*.
..*...
.**...
**.*..
*...*.
...*.*
****.*
*.*.**
...*.*
.*.*..

Generation = 3, Population = 40.
...*..
..*...
......
.*....
.***..
......
.***..
.**.*.
....**
..*...
.*****
......
......
.***..
......
*.***.
**....
**....
*...*.
..*..*
.....*
*....*
.*..*.

Generation = 6, Population = 29.
......
......
......
.**...
*.....
.*.*..
*.*...
**.*.*
*...**
.....*
....**
...*..
..**..
...*..
.*..*.
....*.
..*.*.
......
......
....*.
...*..
....*.
......

Generation = 9, Population = 18.
......
......
......
......
..**..
*.**..
*...*.
*.*..*
*.*...
.**..*
...*..
...**.
......
......
......
......
......
......
......
......
......
......
......

*** Life<ConwayCell> 25x30 ***

Generation = 0, Population = 70.
.........................*....
*.........*..........**...*...
....*...............*....*....
.....*......*.................
........*......*.*............
....*..**.............*.......
...............*..............
...........*.............*...*
.*...................*....*...
.**.....*...**................
...........*....*......*......
..............**.....*........
................*.............
..................*...........
.........*.....**.....*.......
....*....*..............*.*.*.
..*...*.........*....*........
..............................
.......*..*..........*........
...........*...............*..
......*.........*....*........
.............*................
*.......*..*..*........*....*.
..*.....................*..*..
.............*................

Generation = 5, Population = 26.
..............................
..............................
..............................
..............................
.......**.....................
.......**.....................
..............................
..............................
.**...........................
.**........**...*.............
...........*..**.*............
..............**..*...........
...............*..*...........
...............*.**...........
...............*.*............
................*.............
..............................
..............................
..............................
..............................
..............................
..............................
..............................
..............................
..............................

Generation = 10, Population = 30.
..............................
..............................
..............................
..............................
.......**.....................
.......**.....................
..............................
..............................
.**.............**............
.**.........*..**.............
............*...*.*...........
................*..*..........
................**............
................**............
...............*.**...........
...............*.*............
...............***............
..............................
..............................
..............................
..............................
..............................
..............................
..............................
..............................

Generation = 15, Population = 19.
..............................
..............................
..............................
..............................
.......**.....................
.......**.....................
..............................
..............***.............
.**...........**.**...........
.**............*.**...........
.................*............
..............................
..............................
..............................
..............................
..............................
..............................
..............................
..............................
..............................
..............................
..............................
..............................
..............................
..............................

*** Life<ConwayCell> 14x18 ***

Generation = 0, Population = 30.
..............*...
...*...*..*...*...
...............*..
....*.............
......*.....*.....
..*........*......
*..........*...*..
........*.........
...*.....*...*....
*.*............*..
.*.........*......
........*.........
.*.**..**.........
.....*............

Generation = 2, Population = 8.
..................
..................
..................
..................
..................
..................
..................
..................
..................
.**...............
.*................
.......**.........
...*...**.........
..................

Generation = 4, Population = 8.
..................
..................
..................
..................
..................
..................
..................
..................
..................
.**...............
.**...............
.......**.........
.......**.........
..................

Generation = 6, Population = 8.
..................
..................
..................
..................
..................
..................
..................
..................
..................
.**...............
.**...............
.......**.........
.......**.........
..................

Generation = 8, Population = 8.
..................
..................
..................
..................
..................
..................
..................
..................
..................
.**...............
.**...............
.......**.........
.......**.........
..................

Generation = 10, Population = 8.
..................
..................
..................
..................
..................
..................
..................
..................
..................
.**...............
.**...............
.......**.........
.......**.........
..................

Generation = 12, Population = 8.
..................
..................
..................
..................
..................
..................
..................
..................
..................
.**...............
.**...............
.......**.........
.......**.........
..................

Generation = 14, Population = 8.
..................
..................
..................
..................
..................
..................
..................
..................
..................
.**...............
.**...............
.......**.........
.......**.........
..................

*** Life<ConwayCell> 21x23 ***

Generation = 0, Population = 86.
.*.....**...........*..
...*...*...............
...*..................*
................**.....
.....*....*.*....**..**
**.........*...........
......**...............
...*..*...**...*.......
...***....**.*.*.....**
......*.*.......*.*.*.*
....*..*.....*.......*.
.**..*..............*..
..**.**........**..**..
......*................
..*..*...*....*....*...
..*...........*.*.*....
.**.....*........*..*..
......*.......*..*...*.
....*......*.*..*......
....*.............*....
*........*......*......

Generation = 1, Population = 93.
.......**..............
..*....**..............
.......................
................***..**
...........*....***....
......*....*...........
......**..**...........
...*..**..***.*........
...*****.****.***....**
...*..**....*.*.....*.*
.....***...........***.
.**..*.............***.
.******............**..
..***.*........*...**..
...............*.......
..**...........*.***...
.**............****....
................**.....
.....*...........*.....
.................*.....
.......................

Generation = 2, Population = 61.
.......**..............
.......**..............
.................*.....
................*.*....
................*.*....
......**...**....*.....
.....*.................
...*..........*........
..**.....*....*......**
...*......*.*.*....*..*
..*.**.*..............*
.*.....*..........*....
......*...........*....
.*....*............**..
....*.........**....*..
.***..........**...*...
.***...........*...*...
...............*.......
.................**....
.......................
.......................

Generation = 3, Population = 53.
.......**..............
.......**..............
.................*.....
................*.*....
................*.*....
......*..........*.....
......*................
..***..................
..***.........**.....**
.............*........*
..***.*................
.....*.*...............
......**..........*....
.....*.............**..
.*.*..........**....*..
.*..*...........*..**..
.*.*...........**......
..*.............*.*....
.......................
.......................
.......................

Generation = 4, Population = 59.
.......**..............
.......**..............
.................*.....
................*.*....
................*.*....
.................*.....
...*.*.................
..*.**.................
..*.*.........*......**
.....*........*......**
...****................
...***.*...............
.....*.*...........*...
......*............**..
..*.*..........*.....*.
**.**.........*.*..**..
.*.*...........**..*...
..*............***.....
.......................
.......................
.......................

Generation = 5, Population = 56.
.......**..............
.......**..............
.................*.....
................*.*....
................*.*....
.................*.....
...*.*.................
..*..*.................
....*................**
......*..............**
...*...................
...*...*...............
.....*.*...........**..
.....**............**..
.**.**.........*.....*.
**..*.........*.*..**..
**.**.........*...***..
..*............*.*.....
................*......
.......................
.......................

Generation = 6, Population = 55.
.......**..............
.......**..............
.................*.....
................*.*....
................*.*....
.................*.....
....*..................
...*.*.................
.....*...............**
.....................**
.......................
....*.*................
....**.*...........**..
...................*.*.
*****.*........*.....*.
..............*...*..*.
*..**.........*.***.*..
.***...........*****...
................*......
.......................
.......................

Generation = 7, Population = 56.
.......**..............
.......**..............
.................*.....
................*.*....
................*.*....
.................*.....
....*..................
.....*.................
....*................**
.....................**
.......................
....*.*................
....***............**..
.**...*............*.*.
.***.................**
*....*........*.*.****.
.*.**.........*.....*..
.****..............*...
..*............**.*....
.......................
.......................

Generation = 8, Population = 50.
.......**..............
.......**..............
.................*.....
................*.*....
................*.*....
.................*.....
.......................
....**.................
.....................**
.....................**
.......................
....*.*................
...**.**...........**..
.*..*.*............*.**
*..*..............*...*
*..............*...*..*
**...*.........*..*..*.
.*..*..........*...*...
.**....................
.......................
.......................

Generation = 9, Population = 54.
.......**..............
.......**..............
.................*.....
................*.*....
................*.*....
.................*.....
.......................
.......................
.....................**
.....................**
.......................
...**.**...............
...**.**...........***.
..*.*.**..........**.**
**................***.*
*.................**.**
**............***.***..
.......................
.**....................
.......................
.......................

Generation = 10, Population = 47.
.......**..............
.......**..............
.................*.....
................*.*....
................*.*....
.................*.....
.......................
.......................
.....................**
.....................**
.......................
...**.**............*..
..*.....*.........**.**
.**.*.**..............*
**...............*.....
...............*......*
**.............*.**.**.
*.*............*...*...
.......................
.......................
.......................
