*** Life<FredkinCell> 20x28 ***

Generation = 0, Population = 68.
---0---00---0---------------
----------------------------
--------------------0--0----
--------------------0----00-
--------0--------0-0-----0--
---0------------0-----------
-----0------------------0---
--0-----00---------------0--
-----------0-0--0-----0-0---
--0-------------------------
---------0--------------0---
-00-0----0--0---0-----------
-------------0---00---------
--0--0--0-------000--------0
-----0----0---0-------------
-----0----------------0--0--
000-------0-----0-----------
-0------0-00------0---0-----
----0-----------0-----------
-----0----0------0-0--------

Generation = 2, Population = 190.
-0-0--1221--0-0-----0--0----
--------------------1----00-
---0---0----0----001-11-----
---0------------0-0---011--1
-----00---0----0-0-000--1--0
-01--1--10----0---0-0-----0-
---1---01--0-0--10-0----000-
0-010-01--11----1------0---0
-----0-----0-011--0-0-0-0-0-
01------0---0---1--------0--
-------0--------100-----0-0-
1-2001001-11----00---------0
-----1---100--1-1--10---0---
0101-211-11-0-11--010-0----0
0010---01-0--1---11---------
-110-2-0--00----10--0-011---
--21-1--1-2-0---0-1---------
---0--0-00--10--01-1--0-00--
01----0---0---0-0-1---------
-0-0-0-0---10--0--0--00-----

Generation = 4, Population = 191.
---01--2---10---00-12--0-1--
---0------------0-----------
---2-0-01---0---0--3-------1
--1-----00------0----10-1123
---11--11--1---01-----003--2
--3----0----0-------2-------
-1---------------------02---
002--12--2---0--3---10---110
-------110--12-3-1-0-----10-
2-10-10-0--------00--------0
-----1----1--00-----0---0---
-14--30-32--10--2---1-0-----
010------100--3--0---1--0---
0-2-0-1-1131-11---0-00-1-0--
-0--1-0---0---0-0-1-----1---
--1-04----2-0---1011-0----00
112-03------200--01-1-------
-20-10200-1-1--12--1--0---10
2---00--1-0-0-0-2---0-------
-----01-1003-100--2--2-1-0--

Generation = 6, Population = 289.
-01-313-3-13-1-1---34-1-----
-01--1--10----0-0-0--00-0211
-0-4--0210--0--1--23232-1---
0-121-0---111-0-0-11--0--12-
--13-1-11-1-0-1-11012100--0-
-1--1-1-110--10---0-2---0---
----0----1-111--21-0-1-24--1
2-43-341----0-10-0003-1-01-2
-1----13-01--------001--1--1
2232-121--1-1--13--0100---0-
1101------1-002-3-21-1--01--
1--1132-5221-011-0---10100-0
-321-20013-0---1--0-1-00--0-
-2--2-313------3-1-------01-
--22-12--000112------00-1-1-
-231240-0141-00--2-3--2-3-2-
33--25-13-31--2----0--1-0---
1---30200--1--13220111-1--3-
-11102-01---212-413-0-1-----
-100--30--252322012-0-11--1-

Generation = 8, Population = 180.
1--053-------1-1----6-3-----
--10------------0-----------
--------30--2--1-2-5----3---
-11-3----1------213-2-01-32-
1--------1-2-1--1-0-4----1-4
--30-3-----0----012-----2--1
-3-2-0-11-1-311-4-------6---
22--25----3-----4-----11-3--
131--1-5--1-2-2----2-1----0-
-2--0---2--0------1---2-----
-3--0------------2--2--00---
-25-----54--3------1----201-
-----2--132------1-1-3----2-
24-222--334--3---1---1--023-
-12-114------3--1-1---0-3---
--5------343-02--21---21-04-
33--470--1-3-0----1---3-----
3--1-----22---3-4-23--0--2--
--3--2--111-2-4-------------
--2-00--1--545---3-------1--

Generation = 10, Population = 262.
-1--5-5242-42--1--05--------
1-3--3---1----0-00--3-20-21-
---61003-0---11-0-45-4---012
0-323110------102333-22323--
1014-2----1------1-26-22-3--
-1502--2--0--11121-1--0--0-3
--1--00-3-3-5130---1011--0-3
24544761----1-2-610-3133-3--
--31-----2--22-----201--2---
2--322--2---20-----1--20--1-
33-3--0102--1-20-231-2---11-
----2522-43--12---1----2-0-1
--32-4--3-2211-13-0-151-0---
4----4-----2-53--313---2--31
-12-1--2--1--32111-1-1--5---
13---4-1-3----4-143---434262
35--------3-3-30--1---3-----
520-4--0-4222----3---32-2-41
-2-2-4--13---36-6-5---3-----
-----0-13-3-6---233---12---0

Generation = 12, Population = 269.
-11-5--2----42-1----6----210
1----510---11----22-3---0--2
01---0-3--10--3----5-6403---
2---513-2-2-2-1---554-4525--
-2-6-4---33-----21-4---24326
0-524-1-13-201332-2--0-0-0--
-5-4-002-2525-3051012--3----
4-5--98--4----4-81---1552-3-
--331----2---223---22111---2
--4--4-1-11140033----14--0-1
35152203--1-312-4-51220-1--0
--7--74-54-14-22-01-3112---1
-45--4-1--24-3-3-303---0-0--
-4343-53-4541---2--31-0---53
-1--1-6--0--------2-0-117-1-
15--3--3--53-1-0--------6-6-
5---68-1-2---132--31-03-----
52-24030-4-2-1-4----3-412--3
2----62---------------3-1---
02312-43---66--3---1---4--20

Generation = 14, Population = 268.
---0--6--2--4----22781----10
--40--12----10-11-----412-14
2--62---421-3--2------6--12-
4-3--1--22---0-14-7-63----3-
22-8-62-23-3--1-2--672-4--2-
-17-64-3--0----54---------15
--1--0-----4-35-53-1-3--7-1-
4-7-4982--332-418---51---432
-4---336-2-23---131421------
---536----316----1-1-----021
---5222-------41--514-221-2-
33--39--76-141---0323-322223
--730---3426-35-----36---02-
---436--34-6--3---3----3125-
01-2--84322---2-332---11--1-
--73--0-1-75-3--25-5--43----
-7-28-2-----53-4--5322--1-1-
74146---1-3-23-6-33435-1--6-
--52-6--14---570--6111--3-1-
-231-24-404-874----12-1---42

Generation = 16, Population = 159.
12---583---6--0-0--7---11---
-26--6----12----33----4----4
-------4-----3--1-5-3-------
-33--3------2-3144-66-------
-2-8--4--------1-----2-4----
0-7--6----03-----1------4---
----2---33-6-5--7----53-7---
-59--9+---532--1------7-3---
--44-55-2-2-------1---------
---5-8------6---3-1---6--2--
----------3---6-64-1--------
5-------7-4-41--3-------4-25
--9----------3---41-3-2----0
5---5-5----8-6--3-5--313----
2--21--43---1--------2--7---
--9---0--------1--3--0------
5--48--24--4--3--15---3---3-
---46---36---5---53---5-3364
3----8----2------------0----
-4--3----2------2---2--5-2--

*** Life<FredkinCell> 7x15 ***

Generation = 0, Population = 49.
0---0-0-000-000
0----0---0-00--
-0--0-000-00000
0---0-0-00--0--
-------00---00-
0-0-0--00---0-0
0000-----0-0-00

Generation = 1, Population = 50.
10-0-0--1110--1
1---0-0001--10-
0-0010----11--1
---01-1-11---00
--0-----1--011-
1010-00-----1-1
--11---0----01-

Generation = 2, Population = 50.
-1--0----2-1---
--001-1-1-00210
1-11-100-022-02
0-0--0---2-----
0-1000-02-012-0
2----11-0------
0---00--0--0-2-

Generation = 3, Population = 54.
1---100---12-01
1--1-020-----2-
2-2-1-110-3-0--
---0-----30-00-
-----101-01-3--
-0100220-00-101
10-11--0100---0

Generation = 4, Population = 46.
21--21---223--2
-0---------0-3-
3----1-2104-10-
0----0----1-110
-01---1--12--10
---11331011----
2-1------1-00-1

Generation = 5, Population = 54.
3-00320-13--0--
110-1--01-0124-
4---12-3---2-1-
1-0-11-013-----
-12-012---31---
2012--4-----10-
----1000-2011--

Generation = 6, Population = 56.
41--4-10-4--1--
2--1-0---1123-0
---12---10-3122
201-221--4---1-
0-30-2--2-42-1-
312313---1-0-11
201-2-11-3-----

Generation = 7, Population = 55.
-20--221-5--202
3-02---0-2-3441
-0---213214-23-
-----32015-----
--4----1--5----
42-42--1-211--2
-1-13022-401-21

Generation = 8, Population = 40.
-3--43---62--1-
---31-2-1-14---
---12-2-3-53---
-01-2-3-2-1-11-
0---02---16---0
5-2---------1-3
-2--4-----1--3-

Generation = 9, Population = 48.
4-0--4---7--2-2
-10-203-222-44-
-0--3-----6--3-
-120-34-35-022-
1--0-3---2-2--1
62-4-3---2-1-14
---1-0---4-1---

Generation = 10, Population = 44.
-310-5---8-331-
-----14-33-----
4-2-42---17-2-2
----2-5-4-1----
21-----------12
-3----4-0----2-
2212-12-15-2131

Generation = 11, Population = 50.
44-1-6---9-4-22
31-3-25-44-4-41
------2-3------
-12033---52022-
3-4-0-----6-3-3
6--4--5-1--1--4
33-3-2---6-3-42

Generation = 12, Population = 40.
---2-7---+-5---
---4-------5---
4-2-423-417-2-2
-23-44---63-33-
415-1-2-2-7-414
---5-------2---
-4-4-------4-5-

Generation = 13, Population = 52.
--13--2-1--63--
3--5--5-4--6--1
-031-34-52-333-
2-4-5-5-4-4-4-0
52-023---282-25
6--6--5-1--3--4
3--54-----15--2

Generation = 14, Population = 64.
442-473-2+2-422
--0-2-----2-4--
414-445-637-442
3-5-6-6-5-5-5-1
635-342-239-436
--2-2-----1-1--
441-522-162-153

Generation = 15, Population = 24.
5-----4-3-----3
-1---2---4---4-
--5-5-----8-5--
---------------
--6-4-----+-5--
-3---3---2---2-
5-----3-2-----4

*** Life<FredkinCell> 18x22 ***

Generation = 0, Population = 65.
0--0---------------0--
0-------0--------0--0-
----000-----------00--
---------0----0-------
0--------------00---00
-0---------0-0--------
----0----0--------0---
0-----------0-0-------
-0-00--0--0-------0---
-----0-0-----------0--
0----0-------------0--
---0--0--0--00-0-0----
0---0--0--------0-----
-----------------0--00
0--------------0------
---------00------0----
--0-------------0--0--
------------0---0--0--

Generation = 5, Population = 199.
224021-2---00--0222-2-
-21-001-12-2101--20--2
0-3-3--22-2----3---5-1
21-0--0010-0----2--0-0
1210-11-------1-2-2---
----000--2-000---00-10
221-------1----10-1-0-
1-322------23132---100
33133---2---------11-1
---2-21---000--3---111
-----1-200-000001----1
--100----0------200111
-1----12--212-01201--0
-00--2-1--00-10---2-33
---01201-00---000---0-
0-0--1-02-11-2-2-3-111
-0-0-012--002---101---
--0-0-0-2-2-100-30-301

Generation = 10, Population = 198.
3-604---3-2--10-3-3-20
2531216-3---6---------
106-533----402-6-328-3
------02--2---2233-2--
--1--2-0--1----3--53-5
2-04220224-10204----13
242322--01-21-11--2---
-144---2223--1--2-111-
-----0---2---1-0-13---
-20--2232-2-2--61----3
-----414-----2-2-1--1-
-1----101------1-3-22-
-30-10421134-202-----0
--2-13-21-502-2012----
22-2-232-31-02----2---
-43--11-44-1020-1-244-
-1-100422-2--23-3-4220
1----232---0-2----1-0-

Generation = 15, Population = 208.
568--18-622-1------2-2
----249-5354-352--0---
1-62-56-435--43+0--8--
4------543--4-53-3---1
-44---3021-1--33-4635-
-1-5443-----5-1-----4-
4-2--3-41-6--142--3235
3-553-1-5-57-44-25-1-4
5-4-53-26--24-113-63--
---53746---43---3-02--
02-32546-042121434--3-
14-25-3--1-63-3486-732
--1--372--5---1-----13
-0-4---54----2---3-433
431----22325--1-41-0--
-6811-4-45-4121---4--3
--1--3-5--2--5-14-653-
1-0---5--2---75---48-2

*** Life<FredkinCell> 13x9 ***

Generation = 0, Population = 59.
0-0-00-0-
----0000-
-0--000-0
0000-0000
00-000-00
-00---00-
00----000
--000-00-
----00--0
--00-0-00
-0-----00
---0---00
0----0---

Generation = 1, Population = 60.
------010
00001-1--
-1----1-1
-----1111
-1-----1-
011-0--10
1-00001-1
0-1--0--0
---0---01
--1101--1
0----0011
000-000--
-0-00-000

Generation = 2, Population = 63.
000000--1
11--2----
-2-00--02
----0222-
-2--00--0
-2-01----
-01-1120-
1-20-1---
0-01--012
0022---0-
1--0011--
-110-110-
-101-0--1

Generation = 3, Population = 65.
-1--1101-
-2-0---0-
-3-11---3
----13--1
030-1----
0-1120010
-----2-11
203-020-0
-0120-123
1-33-101-
2001-2-1-
--210221-
0-1--1---

Generation = 4, Population = 56.
020-2---1
1--120-1-
04------4
0-0-24222
---0-001-
12--31-2-
-0-01---2
31-0-3---
0--3--23-
2-440-12-
---20---1
--32----0
--2--2-0-

Generation = 5, Population = 50.
--103----
-2-231--0
15-1--105
10-03533-
-3---112-
2-11--03-
1----2---
----0--00
--------3
3-5------
2-03-21-2
-1---2--1
-13-0----

Generation = 6, Population = 58.
--21----1
-30342--1
-6--10-1-
-1---6-4-
04-----30
322231--0
2010----2
3--0--01-
0-1-0---4
4-6--11--
30-4--2-3
-232-3-12
0-4-----1

Generation = 7, Population = 57.
-----1-12
1-145-1-2
1----1-2-
--0--7---
-5-01-1--
4-33-20--
3121-22-3
--31-3120
--23-----
-07--2-2-
---502314
0-4---223
-15--2--2

Generation = 8, Population = 61.
0-21--02-
2-2-6---3
26-1-21--
1----8-4-
----2-23-
5--43-130
---2-3314
3-42--2--
--3-0-2-4
41-4-313-
3006-34--
-25-03-34
-2-10---3

Generation = 9, Population = 47.
1--2-113-
-33------
370-1-2-5
2--0-9-52
----31-4-
-23--22--
----14-2-
---------
--4--0-3-
---50--4-
--1-04-14
-3----24-
0352----4

Generation = 10, Population = 62.
-----2-42
2---62-13
-8-1-2-26
3----+3--
050-4225-
53443333-
-1222-3-4
--4-0----
-0-----44
--76-31--
---6-5425
-4520-3-4
14-30-0--

Generation = 11, Population = 54.
1----3---
----73-24
3---1-2--
4100-+-52
16-0----0
---5-4---
---33442-
-1521322-
0-4300-55
--8----4-
-01-0----
-----3-45
2-5---104

*** Life<FredkinCell> 29x11 ***

Generation = 0, Population = 52.
-----------
0----------
0-0--0-----
---00------
------00---
-----------
--00------0
--0-------0
--------0-0
-------0---
------0--0-
-0----0----
-0----0---0
-----0-----
-------0---
----0------
---0-0-----
----0-----0
--------00-
0---0-0-0--
--------0--
000---0----
--------000
------0----
-----------
0-------0-0
------00---
--------0--
-0---------

Generation = 1, Population = 115.
0----------
100--0-----
1-----0----
0--11-00---
---000110--
--00--00--0
-0-10----01
-01-----00-
--0-------1
---------00
-0---01-0-0
010--0-0-00
010---10-0-
-0--0--0--0
----000-0--
-------0---
--0---0---0
--------0--
0-----00-1-
-0-0-------
-00-0--010-
1-10-0-0-00
000----01-1
-----0-0000
0-----0-0-0
-0----0----
0----0110-0
-0----0--0-
0-0-----0--

Generation = 2, Population = 127.
1-0--0-----
2-100------
--000-1----
100--01----
0--11---100
--110-----1
01--1000---
0---0--01-0
--10----002
-00--00--11
-1--0-20---
---001-10--
---00-21-10
-1-01-01---
-0-0--1--00
--0-000---0
-0-0-0--00-
0-0-------0
---0-0110-0
-10---0-0--
------0----
2-210------
------01---
-00-0-0---1
------10101
0-0--------
-0--01--10-
0-----1-0--
-0-0--00---

Generation = 3, Population = 161.
2-1---0----
3-21--0----
--11-020---
---111-0000
1-0---112--
--221-000-2
-2--2------
1-1-1----01
0--1-00--13
0----1-----
02--1----00
-10--2-21-0
-10110-2021
02-1--1-0--
01010---01-
-0--11-0001
----01-0110
-0-0--00--1
000--12---1
021----0100
00-000101--
--3-10-0---
00-0-0-21-1
011----00-2
00--00-----
-0-00000--0
0--012-1-10
-0-00-201--
----00-1---

Generation = 4, Population = 118.
3-2--010---
4-3-0------
10-20-3--00
1-0----11-1
--11----3--
0------1---
--0--00000-
20-02-0-1--
-0--0-100--
---0-2-----
---0-0-0-1-
-2--03-----
-212--2----
-3--1--1-00
---2--1-1--
-1--2------
------01221
-10--0-----
----02-10--
1---0-0-2--
---111----0
-0---10-0-0
----01-3--2
1-2-0-0---3
-1------1--
01------0-1
-001----12-
----1-3-2-0
-0---102---

Generation = 5, Population = 176.
4-30-1-10--
-0411--0-00
21-3-----1-
20111--2-02
-0-21--1400
-0-2-0-200-
-----111111
3-11-0-----
-11110---1-
-00103--01-
-2011-----0
03-01--2-0-
03-31----21
04-1-01-011
--0-00-0--0
0-0--1-0-01
--0-0-1---2
0210-1---01
0000--22-1-
-2-----0300
00022-1--01
2-311210---
0000-----0-
-1--10--004
02--0-1020-
12-0---0-0-
---2--11230
--0--04030-
0-0--213--0

Generation = 6, Population = 162.
-0--0---1-0
4-5-2-010-1
-2--0---0-0
-----11311-
--13--125--
01-31103-12
020-22-2222
-0--2--01-1
----211--23
01----001--
-31-2--001-
-401230--10
14-4--22-3-
--02--21122
--121111-1-
---02201-12
---0-----2-
-3--0-000--
--1-0-3-0-1
1-1-0-0----
-113-120---
--4-2-210-0
-11-0-03-1-
1----1----5
-30-102131-
---1--0----
00-31---3-1
001-1---4-0
--100-2----

Generation = 7, Population = 152.
---0111-2-1
------1-1--
---31--0-11
-011-224-2-
1-2--02--00
----2214---
--113-13333
-1-1-0-----
0--1---003-
1------1-11
-4-13-2-1--
-5123--2-21
2-----3-0-1
0--3--3---3
-1--22-21-0
---1331--23
-00101---3-
0---1-----1
0-2----21--
-2-010--3-0
-2-4-2----1
-0-1323-10-
-2--11--1-2
-1--120-00-
-410213--2-
1--20-1--01
--0--2114-2
-1---0405-1
0------30-0

Generation = 8, Population = 115.
--31----3--
------212--
-2--2-310-2
-12-1-3---2
-03--1325-1
0----3-----
--22---4--4
--1-2-----1
1-12211----
2---0--2--2
-51------1-
---3-30--3-
3-1-1042-3-
1-0---4--2-
--12---321-
------2----
-1-2----242
1---2--00--
10---233-1-
-31---0-4-1
0---------2
2---4-4--10
0-1-2203---
1---2------
---1-241---
--0--------
0------2-3-
----1-5-6--
-----2----1

Generation = 9, Population = 154.
-0421-1-40-
-05120-2301
23-33-42--3
22--22-4-2-
---3--4-6-2
---324--0--
02-3-21-335
31--3-00-02
2-----2----
3---1---1--
-62-302012-
051-3---1-1
4-2421-3--1
2---1-51--3
01-32-14--0
-10--3----3
------1---3
23-------01
-----34----
1-20--10-02
1-1-2---1--
-041525-12-
----3-14112
212-32-----
0---23-23--
12---01--0-
-00-1---4-2
0--0-0-0--1
--------00-

Generation = 10, Population = 152.
4-53-1-1---
-16--1--41-
-41-4-53-14
--21-3-51-2
103411-270-
0124--14---
---4---4-4-
4-1--0111--
-----13-033
4-012---2--
0---4----3-
-623-302232
-4---244-3-
--03-0-212-
--14-2--21-
--1---21-2-
0-0----1---
341--1--01-
-02004-----
2--1---1413
22--3---202
-15----12--
0-------223
--3-4----05
-411-4434--
----0-2-0--
0-13-21--33
----1---6-2
0--0-2--11-

Generation = 11, Population = 167.
-0-4-2---0-
--7--2-25--
2-23--6----
223--436--3
-1----4381-
-235--25---
-225321-3-5
----3-22-02
---2---01-4
5-1---02312
1--15-2014-
---43-13--3
452-2355---
------5-233
-12--3-4-20
01----3-033
11-2-1-2---
-52--20-121
1-31--43--1
33-2101252-
-----2-031-
2-615-5232-
----3----3-
2-40--000--
0522-55---1
12-2---01-1
--24-3-244-
--10-0507-3
-01-0-23-2-

Generation = 12, Population = 159.
4-5--311--1
4-8123236--
343440730-4
-3--25-----
--34--5--2-
034---3-012
0-364-2--46
-11140---13
2-----31---
6--123---2-
26----3-2-0
-6--4324---
5-34-----3-
2---106-34-
--342----31
-2-1-3--14-
-20--2--2--
3--02---2--
2----45-112
-42--12-6--
-21-33-1-22
--7--263430
---042--243
31------1-5
1633-6-3-22
----0----02
0--5-413-53
--2-1-6----
01-0-2--1--

Generation = 13, Population = 172.
5-6---2--0-
-1923----1-
-545--84---
-431--36123
11-5--63-3-
--5524--1--
1-47-234-57
422251221--
3-1--1421-4
--12-402---
--21-040-4-
07--5-35-33
65452--5-41
34-3--7-45-
0-45-31-242
03-23431---
--12-312---
4--13200--1
3-31----2-3
---2-2-272-
2-2-44-2---
--8-53-45-1
02-1----354
----4---2--
-7-42---4-3
-202-02-113
-0---524---
------7-703
121-0--3-2-

Generation = 14, Population = 166.
-07-13-1411
---343-3621
36-6-0----4
-542254--34
2--------4-
------35-12
2258-34--68
5--3-------
41-2-2-----
612--5-3-22
2---5--1-5-
--2463-6-4-
7--6-35605-
4-----82-63
--562-24-53
-4-3-----43
--23-4-32-3
5522-31--22
4-42--53314
--2313--83-
--34-5--322
--91-----32
131-42--4--
3--052-0---
183---53-24
13--0--0---
01-51--54--
0-2-1-8-814
2-2--2--13-

Generation = 15, Population = 166.
5184----52-
4---54--732
4-4----401-
2--3-6561--
--3511-38-2
-355---6-2-
-----4--3--
-2--5-2--13
5-13-342-34
723--6-4--3
3---604----
-7357-3-2-3
85-72-6--6-
540-1-9347-
0-673----64
0----43---4
12-4-5143--
---3---02-3
5053-4--4--
343-----943
-2454622---
2-+-----5--
------1---4
-1416-01-05
294---64-35
24--10---13
1-2625----3
-13020-0925
3-30---3---

Generation = 16, Population = 121.
---5-3-1---
----652-8-3
----4------
35442---2-4
2-----64-4-
046---37---
--58-----68
------3----
6--42-5---5
8------53-4
46---1--2--
0--683---4-
-6--3---07-
65-------8-
-1-----4---
--1-----1-5
-3-5--25-4-
----3---3--
-16---5----
--431-2---4
2------3322
-1+-53---32
13-1422-4-5
--5-7-1---6
---------46
3-0----01-4
2--7-62545-
02--3------
-2---224-31

Generation = 17, Population = 156.
--8-142---1
-----633---
464---8----
-----65--3-
-1-511--8--
-----4--1-2
2--94--4379
5-2-5142-1-
71153-6-136
---226-6--5
5721-24-3-0
17379-3-253
874-4--6181
760-1--3-93
-2----2--64
-4----31-4-
1-2--536---
--2--3-----
52---4634-4
3---2-3-9-5
---5-6-4-33
2-+1---45-3
2--2-3---5-
3--182212--
2---2-64-57
4----0----5
----27-656-
--3--0--9-5
-33--3-5-42

Generation = 18, Population = 167.
-1--25---2-
41-----48-3
5-56-0---1-
3-44---6--4
2--6-2-49-2
04--253--23
32-+-4--48-
-23-6-5---3
--264-7-24-
--333---3--
-832---145-
2--8-346364
9-57-3--2-2
----20-44+4
----333427-
-5----4--5-
-3350-4-34-
--333-1-3-3
-3----7---5
4-----4-+4-
---64-25-44
3-+25-6-6-4
-3--44--4--
-15-9332306
-9--3---46-
54--11--116
2-2738-7673
--40--80+-6
34-004--15-

Generation = 19, Population = 152.
-2853621---
---36-359--
-6----8---4
---52-57--5
---7136-+4-
1-653-4-1--
-35--5445-9
----7162-1-
--375-8--5-
--4--60--2-
-943-2-----
3-3----7-7-
+-6-4--6---
7-0--19--+-
-2-7-44538-
06-3----1-5
1-46-------
-5-4----424
---304-3--6
---323-2+-5
------36---
-1+36374735
-41-5-2----
326-+4---17
---4-66-577
----2-2-2--
31-84-2--84
---13091+-7
453--5---6-

*** Life<FredkinCell> 28x13 ***

Generation = 0, Population = 86.
---00-0---00-
--00------000
-00-0--------
-------0-00--
-------------
---0-0--000--
----0-0------
--0--000---0-
0--------0--0
0-0--0----00-
00------0---0
--0-00-------
----00--0---0
----0-----00-
---0-0----0--
-0-0---------
-0---------0-
00--0------0-
00--00-------
-----00--00--
--000--------
------0------
-0-0---------
---------0---
0------00-00-
0-0----0-0---
-------------
----------0--

Generation = 4, Population = 163.
11--4-1-0-002
0-0--0---00--
-2-1-10-1-23-
--11---0----0
1--00-0--1001
00-20-01-0--2
----0-----1-2
10-1121------
--2-------2-0
0021-0-13---1
-2101-2-0---2
--12-2-011-0-
----1-----11-
021-43201-010
-1--110001---
-11-0111-03--
-010---01--20
240--0010-3--
201-2---100--
--01-12---1-0
01----0---1--
-0--1--1-020-
1---1--2-----
------2--0---
----1-11-----
1-2120----21-
-1-0---------
2-0---10----0

Generation = 8, Population = 156.
----4-2103-04
1--0--01-11--
321-23--112--
-0--11-20-20-
-12--0--3---3
0---2---42202
2-2-202----0-
5---2--4--020
---1--2-212--
2-----23----3
--1-3---221--
-02-1232--0-0
21-2--3---2-0
-----562-32-1
--1-2-0-2--1-
--33--53-----
---4-2--2-532
--22--0-1-721
2-3--10--1---
2---32--333-0
--31-1--0-30-
1---2------40
---------211-
2-22---1-----
-123--3-3--2-
1-----2-2-3--
2--403-------
--2--1--230--

Generation = 12, Population = 184.
--02-2-2-43--
-----3--4-3--
3----5-2----2
---5-52-14422
6--2-21133-1-
1-23-303-4-24
2---30324230-
9--34--40-14-
2--22--26----
2--2-024-----
2---7--------
1---125--21--
-3--2--212-4-
16---663-53-5
0-3--2-1---32
-3-3----1240-
1-1-13---15-2
--2--412307--
325--1--4----
-33--3---45--
3-5-422--3404
---24--3--5-1
--1132-7-6-30
---3--32---20
55-35-5-5---2
3-6-846-42-30
-206-3-32-22-
31210343432--

*** Life<FredkinCell> 1x12 ***

Generation = 0, Population = 12.
000000000000

Generation = 3, Population = 4.
1-0------0-1

Generation = 6, Population = 4.
-0---00---0-

Generation = 9, Population = 4.
---0-11-0---

Generation = 12, Population = 4.
1--1----1--1

Generation = 15, Population = 10.
2-21144112-2

*** Life<FredkinCell> 11x6 ***

Generation = 0, Population = 30.
000--0
-0-00-
00-000
-----0
--00-0
---0-0
-0-0--
--0-0-
000-0-
-0--0-
--0--0

Generation = 1, Population = 33.
111---
0-0--0
1---1-
000---
-01---
-0---1
0-01-0
001010
11---0
-1001-
---0--

Generation = 2, Population = 32.
---0-0
-010--
---0--
-1-00-
-1-0-0
-10002
1---0-
1121-1
-20-01
---12-
-0-1--

Generation = 3, Population = 27.
-1-1--
01-100
------
02-11-
0-1--1
---11-
20-110
-232-2
------
------
0--2--

Generation = 4, Population = 31.
-2-2-0
1----1
-----0
-3022-
11-00-
-1---2
3-022-
----13
-200-1
0--1--
-00-0-

Generation = 5, Population = 32.
-----1
---10-
1000-1
---3--
221---
02--1-
-01--0
12-2--
-3--02
-102-0
-112-0

Generation = 6, Population = 33.
---2--
11--11
2--11-
--0420
-32-0-
-301--
312---
233---
---01-
021-2-
0-2--1

*** Life<FredkinCell> 22x30 ***

Generation = 0, Population = 66.
--0------------------0--------
---------------0-------------0
-0----------0-----------------
0----------0------------------
----------------------0-------
----0---------0---------------
-------------------0---0-----0
------0----00-----0-0-------0-
---------0--0-----0-----------
----0--------------0----------
------0-----------------0-----
------------0-00--------0-----
-----------0--0---------------
---0----0-----------------0-0-
-------------------0------0--0
--0--------0---0-----------0--
------------------------------
-------0---------------0---0--
---0--0----------00-0-0--0----
------------0------0------0--0
---------0-----------0--0-0---
-----------0----0------0-----0

Generation = 2, Population = 213.
010-0-------0------0-0-0------
0----------0-0---0---------0-0
--10------0---0------00-------
0-0-0----0---000-------------0
-0----------0------00--10----0
0-0-------------0-0-0-------0-
---------0--1----00---1--0-0-0
----0---011--1--0-210-0---0---
------10--10--0-0--01--00----0
--0--------0--00-00-10--1---0-
----1---00-01-1---0---0---0---
---00---0-0-000-10-0--0-----0-
------0--0--01--0--0----1-1--0
-01--00---010-1-----------200-
-----------1--0--0---0--0--000
0--10--000-------0-----0-00011
---0--0----------0000-0--00--0
--0--0---0-00--0---0-0----10--
-0--11--00-----01-21-000--01--
-------0--01--0-01---1--1---1-
---0--00---1-----0011--0002-0-
---------1-0100-0-00-1-0-010-0

Generation = 4, Population = 167.
01----0-----0----1----0--0----
----1------0--00---1-----0-0-0
-11--0--0-------0--0-2-1-----0
--2-0-00---00--2--0-1-------1-
--1------1--0--------1----0---
0---0---0-0----1--21---------1
-0----0-----1--0---0---110----
0-0----02-110---------2-1---0-
-----1--0--0-0--2-------------
0--11---------22-------0--1-0-
--1-------1---------1--1--0-0-
--1---1-2-012--11--2-------1--
-------1-01-2--1--------------
------------0------1--000--20-
---1-----------1-21-1--00--2--
0-----02---1--1--------01-2---
---------0-1--0------1--1-2---
--------0-------0--0------301-
--0----0--0--00-1-41--0-0-----
--0-----0-------------0--0---1
-----1---1---1---0--311-222-2-
---------------0----1--2-032-0

Generation = 6, Population = 309.
---0110---0-0-1111--010-12-1-1
----1--0-0-0---20-1-11-1-2--0-
-31-1--0-10---2---02-211--01-2
--2--12----2----01--1-0--011--
1-3-00110-002-000--2-1-2-1--12
----0-1-----00-31-4--10-1--0-1
--0011---1003-1-1----023-2-0--
--01010---3-01----230-213-0-01
-011---1-1-2201---102---101-0-
-1---0-0----00-4-1-0-11--130--
1---30-0-230-0-01-1--12-212-2-
---20-1--1----11--12-01-1001-0
--10-0-112-12223--0-----2-201-
0-2----10---2--001-10-22--32-1
-0---0-1--03101-04311---2----0
0-0-11-------1-------1-0-0--2-
--01-----0031-21-0--2---3-201-
0-1----00-12-----10--210----3-
0---2---21---2-0--6-12--001-1-
0---0-0-0-2----01--1----32--2-
--10---0--1--11-1--33-1-4--12-
--0-----0----1-0-10-31--1-541-

Generation = 8, Population = 194.
----3----00-00----01---1------
-------2------2----3-3--------
----300--1----------0-3-1-----
1--1--2-1--40-12---1----1-----
-0---------22-----------------
--00--3-1---2--3------0---1-13
--0--------0---2---2---3--12--
0-212-----522-10---5----3-210-
-03-0-----2------0--20----3---
--0----0---10--6-------2-----0
10-0--1-----2-2-313-2-4--1--2-
1---0-11---13---2--40-10--0-00
---0--2--2---------2-1--4-4---
0--00---------3---0-0--41-3--3
-----------3------33-0----24-2
---23-24--0-1---1-1-1----0--42
------------3-----0--2--3-4---
----1-------1------2-----13---
0--------3111-----8-3-1-0-311-
----2--2---20-00--0-13--5-1---
-1---------2-13-301-------2-41
--2--------0-------1-3-33-7611

Generation = 10, Population = 304.
--1--2-11----2222321--2132----
1--0-10-11-0--2300---3-31-----
-411--0-012--0-----40--13-0---
10-101-1-0-----41--1--------11
--40011---22-121---30-122-10--
000-11----0--21--0--1--------5
1-0------2125----1--10--2-3-11
-1-123-1-354--3-2----1-2304--3
-2--2---1--4--3-30-04---2250--
1-223100-------601--121233----
1----13-02--2--2-1--4-63--31--
--23-0333-233223-12---1-21-102
0--211413---4-4-2---0--160-1-0
-2-0-21---132------101461--225
---1--1-----21--165-10-230-61-
00245-4--20---2-1-11--0-204---
0--------1--3-3-1----2-1--6--2
--21-------2---111-----1-350-0
011----1451------2+--3--22----
----211---34--0--10215---210-2
1--1------3--33----3--1------1
0-2----0-1--2320-31-3-0-5----1

Generation = 12, Population = 323.
23--4------124-445-31--35--1--
--1---033-101-2--024-315-31-01
14--41--0--01--00---2---3--21-
3-232---2-1---243-1-2--02-21--
--4--1-111--31-1111302-2--3---
0---1-301-0---143-5--211102227
-0-11101-2-47-1-232---3-43-233
--43---13-76---0--27---4--6-1-
---2-23-11-6315-50-2--1--27---
--425--2----1-3-2-1-3-3453--1-
-22-33-10---4122--4-6383--5-3-
--431-3---4-3-434-----312--302
-0--11-3----43-5--2---1160--2-
0-------1-33--401-1-0--63-4-45
-0-1--13-113----1-------303--2
--26---6--232-401-131--022-1--
-0-2--1-13-4-0----2232--31---4
--232------2--033-020-23---232
--1-42034--3-2-2---145-1---1--
1-2-4-3----61-2221---5-0--122-
-----2-1-152---04-2-4----3-2-1
2-----1----2--42-53--32--1---3

Generation = 14, Population = 323.
4--2-42-2111-6---5-----3--0-02
--12112-3-3--1--202-1--525-003
-62-43--0--0-----00--2--5012-2
512--2--2-1401445--220----2122
----11-11----333111----24---33
-----1-0-000-2--515-123-3--4--
-0-13--30-1-903----310--4-----
-2653----------04----2--32-334
-35-34-----65--1--14----327-10
224----41102--3-4-32-356-34--1
3440-55-2---61--4----38-31----
-1-331355--332-3623-10--2115-4
---31--33---4----14-2------121
0-3-2--31133--6--132-34-5--3--
-0---23-13---222--5510--5-3---
-148---------------51-122----2
--1---11---------24----331-0--
-025-1-2-22-2-2--102224--4-23-
221---2----3-2--3-+--5214--1-1
1-406---214-3--2--142---7232-3
--210-11----035240-4-23--5-4--
2-------02-----2173---4563873-

Generation = 16, Population = 193.
-----4------3-----23---5--0--2
---4---33----3-5-------5--2025
--43--1----2-03---0-4-4--2--1-
---4-----------65--4----2-23-4
---------2-----------22---4---
0---3-----22----5--21--3-----8
---1---3-3--+2-2--3--2---3----
---75-1-4---------3-0-355-85-4
-----6---3---------4-1-132--12
---36-----0-2-3----24----54--3
---0--5----------15---8--3----
--5----77--5--------1--2---516
11-3--------6--------------3--
--3---2---3-3---2-32----7--5-6
--13------1--4-4--55-0---13--4
--------1--33----12-------5262
--1--------4--5------4--------
-----------32-2--1---4-41----2
--3-6---65-32-------------41--
3-626-----68-1-4--16-----4--3-
--------126-0-------5-30-5----
2--11-20---34552--5-34-----9--

Generation = 18, Population = 315.
--1--433--2337--47-5--477-21--
-0-6--2--241-5--40-5-4------45
17------1--2-0-1---5-3--5-34-3
62-632-12-26--587-24211-21----
--5---2--2--4-45---3-443------
0---3----2--331553543--3-2-4-8
-1---1-3-32--44224--3-43434333
038775--4-874-4---5--3-7-2-75-
---2--42-3-671-2---6-1---2---4
-2-382-52-02--3-53---3-8--6--5
3--24---33--7--25----5---5--40
3-55-2----5--24-7---114-33----
33-3-25------555-2-4-11--15---
1-5----4--5-----2----457-0-7--
--1513--2----4341--52---5--714
--5------323-2-1-32-11-3335-6-
1--3----3-24---31-5--6-4-1-2-5
1-263---14----4-51-2-646------
3---8--48-2-22------56325---23
30-2-2-232-841--433--6--8-3--5
--3-0-32-2----6---3-7452473---
213-3--21--5---4-95--646---954

*** Life<FredkinCell> 5x15 ***

Generation = 0, Population = 57.
-00--00-000-0-0
0--00000000-000
0-000000000-00-
000-000-0-00000
00-000-0-000000

Generation = 1, Population = 39.
-11----0-1--101
1-0-1--1--1-11-
-0-1---1-110110
11--1---1-11---
--011-0-011111-

Generation = 2, Population = 47.
-2-00-01---0-12
--10-00-0020220
010-0-0202-1221
2--0200-2-220-0
0-1-------22-20

Generation = 3, Population = 34.
0-1-10-2-1-11--
10---11--1--3-1
----1-1----2-32
--013--030-----
1---100-01--13-

Generation = 4, Population = 47.
12--2-0--2-2-12
-1--1---0220422
010-202-0-1-24-
211-4-014-220-0
-01---10--22240

Generation = 5, Population = 36.
2-103--2-3031--
1--0---1-3315--
----3--2-2--3-2
--2-5012--331-1
---110---1-33--

Generation = 6, Population = 45.
3-214003--14-1-
21-11-1--442622
0-0-4----312--3
-1-161--40442-2
---22--00-2--40

Generation = 7, Population = 36.
42325-140---12-
32--212-0----3-
1-----2--4-33--
--2--21--1-530-
-01---11-13--5-

Generation = 8, Population = 38.
-3---0---3-42-2
4-----311--2642
2-0-40-2-5---4-
2-31632-4-4-4-2
11-2---2--4--60

Generation = 9, Population = 39.
--3-5--4-----23
5-1-2142244-75-
--11---3---3353
-1-2743--15---3
-213-0---153-7-

Generation = 10, Population = 37.
434-6--5-31---4
---1------52-62
2---4-24--1446-
22-3-54-4--5404
1---21--0-64---

*** Life<FredkinCell> 28x22 ***

Generation = 0, Population = 50.
000---------0---------
-------------0---0----
----------------------
----------------------
--------0-------------
--0-------------------
-0-----------0--------
---0--0------0---0----
------0------------0--
----0-----0----0-0----
----------------------
----------------0-----
----------0-----0-----
---0--------0---------
----------------------
--------0--0--------0-
----------------------
-0--------------------
-----------0--------0-
----------0-0---------
--0----------0-------0
-----00---------------
----------0-----------
-----------------0----
---------0-------0--0-
-----0----------------
--------------0--0----
--0----0----0---0-----

Generation = 1, Population = 160.
1-10-------0-----0----
000-----------0-0-0---
-------------0---0----
--------0-------------
--0----0-0------------
---0----0----0--------
0--0--0-----010--0----
-00-0010----010-0-00--
---00010--0--0-0--0-0-
---0-00--0-0--0---00--
----0-----0----000----
----------0----010----
---0-----0-00--010----
--0-0-----00-0--0-----
---0----0--00-------0-
-------0-00-0------0-0
-0------0--0--------0-
0-0--------0--------0-
-0-----------------0-0
--0------0-0--------00
-0-0-00---0---0-----0-
--0-0110--0--0-------0
-----00--0-0-----0----
---------00-----010-0-
-----0--0-0-----0100-0
----0-0--0----0-----0-
--0--0-0----00-0--0---
-0-0--0-0--0-000------

Generation = 2, Population = 162.
20-10-----0-0-0-------
-----------0-------0--
000-----0---0---------
--0----------0---0----
-0----0---0--0--------
0--10-0------1---0----
---1--1-0--0---0---0--
-11--1--0-00---0-0-1--
-0--1---0----1---0---0
--01----0---0--00--1--
------0---1-----1--0--
---00-----1-0-01-10---
--------0---1-0---0---
-0---0--0-11--0-1---0-
----------0-----0-----
-0-0--0--11-10----0---
-----------1--------1-
---0----0-010-------1-
--0------0--------0--1
-0---00-0-0-0-0-------
0---0-----1----0---010
---01--10-1-0----0----
--0-----01--00---1--00
------0--------0---0--
-------0--10--00-211--
--00--------0---00----
---------0--1--100-00-
0-0-0--0-00-0---0-0---

Generation = 3, Population = 315.
31-210---0-0---0---0--
--000---0---0-0---0-0-
1--0---0-0-------0-0--
0010--0-0-0--10-0-0---
---00010-0-00-0-------
--0-1--00-0002000-00--
00-2--2-10-101010-010-
0-2----0--1-0101-1-200
010----0-000--0--10-0-
--12--001000--01--0200
--0-00-00020--002--10-
--01100-002-1--212----
-0-000-010--2---1-100-
0-0-0-001--2-01-2000-0
---0-00-0---0000100-0-
0---00-002-0210-00-00-
-0----0-000200----0020
----0--0-01210----002-
-----00-0-00--0--0-0--
-----11--01-------000-
----1-00-0-0----0001-1
0--1-112-02-1--00100--
-0--0-0--2-0-100020-11
--0--0--000000-10--1-0
--00----0021-01-0---0-
-0110--0-00-1000-1--0-
0--00--001-0-002--0110
-----00---1-10--10--0-

Generation = 4, Population = 153.
421-210---------0-----
--1------0-----------0
2-0---------00--------
---1--1------2---0----
000-1-2------------0--
0---2-0---1--3-1------
-1---0---1-------0----
--3----1-02--2--02---1
--1-----0------00----0
0-23--1-2--1001----3-1
-0-----------0--------
---2--1-1--020---3----
------------3-0----11-
-0--1--12-1----031----
-----------0--------1-
----1--1--1----0----1-
--0-------1--1--0----1
-0-0--0-----2---------
-------0--1----00---0-
------2----0--0-00--1-
0-----1----------1-21-
--0--2---13-----------
------1----1-----3--2-
--1----0--1--1--1----1
--1--0-------1--1---1-
-12--001-1--2---0-----
-------------11--01--1
0--0-11-0--02---21--1-

Generation = 5, Population = 285.
5---3-10-0-----0-0---0
---0000-0-0-00--0---0-
--1---0--0-01-0--0---0
-01--020-----30-0-00--
--102--0--0----0-00-0-
10013010---00---00-0--
-------0120----1-10--0
--40-11-0-300-0---0-02
01----1-1-000--1---00-
-0-400--3002-12-0-0--2
------------0----0-1-0
-00-10---0213---1-000-
-0-00-00--0-40--1-1220
0-00-0023---0--1-200--
-0------0-0-0---10-020
--00-00-022--10----02-
----0-00-022--0--0----
0-0-00-----2---0----20
-0-0--0-00--0--1---011
0----13-----00-0--0--0
-00---20-010--0--2-3-1
00-11-1-024--------0--
---------20-01----00--
-020-0--00--02012---0-
---001---02--210-2-1--
02-10--2--00-0001-0-00
0000---001-012220-21--
-00--22--0113-003--0--

Generation = 6, Population = 310.
-2--41-10---000-0-0---
0--11-10---0-1---0-0-0
--2-00----01--100--0--
012--13-0000-4-0---1-0
0021-02-00--00-------0
2-124--1-01113-111---0
01--0-2-2--1----0----1
0-51-2-1-041---1--12--
1---102--01---0---01-0
-1-5-1-0--1--231-0-3-3
--00----0--01-0-2--201
0-12-1-0113-4--223---0
-1--------10510-202-31
--1-1113-0-2--1---110-
--0------01-1-0-2-0131
--1111-1-33--2-00-0---
0---1--10-3-0-1-0-00-1
-0-0-1000--3---100----
0-0--01-111-1-0-0--122
-000024-0-1--1010--0--
0-1-1-310-21----0-04-2
1-022-221-5-100--1--00
0-0-001-03-----0031---
01--01001110--123-01-1
0--11-00-----3-1--1-10
--22--03-1--21---11-11
--1--0-----123--1----1
----033----2-0-1-1-11-

Generation = 7, Population = 333.
--1--21-10--111--0---0
---22-2----102000-01--
--30--000--210211-0-0-
-23--2---11-0501--02-1
11--2--0-100-10-00-00-
---3--1----22--2220-0-
120210---20--1-11-0102
-162-3--0-5-0----2--0-
2-102-301-2---11---2-1
--26021---2--3-20-0-0-
0--10--01-21-01-300--2
-0-----12-----03---00-
--000-0-10-16--0-1-2--
--2-2--4-1-30--1--2210
-0----0-01-0-0103-1242
00--22-20-402--11--02-
--0020-2-042-1---0-1--
0-0-0-111-1-2-02-1--2-
--10-1202--0-01---0--3
01--1350-0---21-10----
10---0421-32----121-13
--1-323322602-1-020-1-
-010112-1-01010-14--2-
12--12-122-10-2--11202
1----111--21-412---1-1
02--------0--200-2---2
-02--100-10-342--02112
--001440--1331--3--22-

Generation = 8, Population = 145.
-2---3--210--2-----00-
--1-30---00----1-0-2-0
--------1-------------
----------------0-----
2---------1-----------
---44-----1-33---3----
231------3--0--------3
0--3-4--10----0----212
-12--------00-2--1----
-1-----0-0--04---013-3
-----------2--------0-
--------3-3-4-------1-
-------------1----2-31
--30311----4--------2-
-1--------1--1--------
1-----0-----32-----1--
------0--1-------1-22-
----1----02----3-2----
---1--------1-2-00-1--
----2--1----0-----0-1-
----11-------0-02----4
1022---4-----02-1-----
--2-----------1--51---
-----3--33-2-------31-
-0----------0---1--21-
-------------3---3----
------1--211-------22-
-----55-0---4--1------

*** Life<FredkinCell> 23x6 ***

Generation = 0, Population = 50.
------
--00--
---0-0
0----0
-0---0
-0-0--
------
-0----
00-0-0
0---0-
-00-0-
-00---
00----
00--0-
--0---
-00---
00-0--
0---0-
---0-0
0000-0
0-0-00
---0-0
-0-0--

Generation = 3, Population = 77.
-00-0-
0-10-0
0-0303
11---1
-10-01
210-0-
--02--
130-10
--0020
--20-0
-010-2
1---2-
13---0
----0-
--12-0
1----0
--0-00
10--01
0-1-23
113--1
12--31
201-0-
2-1---

Generation = 6, Population = 66.
-3-1--
---1-3
02-6--
2223--
0--10-
32---0
1--5-2
441-1-
-0--5-
3-5-3-
-1412-
4222--
--2-1-
0--11-
--4--1
12--00
00--03
-32---
-14-3-
-23---
4-1---
-3--3-
-2-1-1

Generation = 9, Population = 65.
-40---
41511-
-22-2-
5-34--
-2-1--
6----3
1--51-
--4-21
3-24--
-06-3-
--4-3-
55-2-2
--5--2
------
-1--3-
-313-3
1-0013
-43-15
-4---7
32621-
43----
--1-3-
-33---

*** Life<FredkinCell> 25x30 ***

Generation = 0, Population = 70.
-------------------------0----
0---------0----------00---0---
----0---------------0----0----
-----0------0-----------------
--------0------0-0------------
----0--00-------------0-------
---------------0--------------
-----------0-------------0---0
-0-------------------0----0---
-00-----0---00----------------
-----------0----0------0------
--------------00-----0--------
----------------0-------------
------------------0-----------
---------0-----00-----0-------
----0----0--------------0-0-0-
--0---0---------0----0--------
------------------------------
-------0--0----------0--------
-----------0---------------0--
------0---------0----0--------
-------------0----------------
0-------0--0--0--------0----0-
--0---------------------0--0--
-------------0----------------

Generation = 5, Population = 384.
0-00-00-200------1-03---010-0-
1--0001-3--0-0-0--11-321--0---
1-1---0---00---1--1-01-0110-01
-20-0--0-2-1-0--10-0-0------01
0---40--10-1--0-0---000-0-10-0
0---20---23-120-00-0-11---0---
-10-2--0--000000-0-11----100-0
-1---2-----0-------00-110-----
-30-0--0-------3--0--0200100-0
2-1-1---020021-01-2-01-0-1-0--
02--00-1---02221-01-1-100----0
-010-0000-10---111--0-02--2011
0--000-001002-10--2--01-002000
0--0-00--2001132--00----------
001-02--01-1-31---2-1----0----
202-021--10----2-00-2-40----0-
1--0-0--02-0-0111--1------00--
--00--0-000---0000-00000----1-
-0---0-04-0--00--1---02-----2-
00-0-00-03--00010---00-2002-11
--0-00---0--210-1-1111000--000
--1---0-0------0-1-00---00-00-
1040--0--2--21--0-110-0-1002--
2-20-0100001-200000--00--1--11
300--01-12-100--210----1---01-

Generation = 10, Population = 337.
-330----3--0-0-00----1--220--2
-231----61---0-31----3-----102
-1----30--3---22--3-3--0---3-1
-3--3---5--1310--1-1-310-----3
1-1--02-2---------1--1-----10-
31-350--034-1-32--1-1---2-01--
0-2-5-2--3-1--1-11------1-22-0
-1---211-1121-1--01-02243---20
0---2----22---15--3--331----0-
---2211--5--420--1-031--1-4--0
-2---0--4-0-4--2-0-3-4--53----
---1-5---1-3--232----1--2--1--
21-2------11-025--402121-14-21
-11---11533032-2302---01-12---
-120131-1-1---2-2--1--1---1--0
-1301--2-2--22-42--15--244--3-
-313---32-2------212--3---31--
113-2-0-----3---202-03--1-2-21
-1------6330-1---22-0--0-20131
2-3-3---0----0--1010-11--232-1
0-21--1-1----40----21-1512-0-2
--1----0-20---1-----23-1--1---
21--2---2----20--1-4----4-132-
-----1-120-31-0--2----01142424
--1-----2-2-0-1---0-1--12----0

Generation = 15, Population = 398.
--8--0-2-33--2100---644-3--30-
-5510-7--34541-531--08---44204
624---6-2--------250--43-12522
24---320-61632-12---14301-301-
--2-+0715--5-11-1-6-4-0023--1-
64--82242---1-441---1----1-40-
1-20-03-130-23---226-0--42-2-1
--415--30-27-320-1-2343-4-13-2
140-7--2----12---342-44---1---
3--57-43----4---443-3---444--0
23154--5---3-4-74-16---2---3-6
1----6----2-31-----2-45--0-153
---4--32-4-4--783--3-431---3-4
0-1---237-42----63332-1-1-4222
2-4--3-563--174----43--3--20--
--61344-22--4-25-2----7--6--3-
45----347-3--3-31--222--20-6-6
-2-032-252123-1-5--0--4-11----
46-2-31-7---23-34432-43----4-4
5-4453--0-0--022----0--41-----
334-31-133--3-----3----8-51-47
1--2-2-01--1--200--43-2-233--1
42---1-05-3--42-53443-4061-8--
315-0214-----72-1--4-3----5554
-42-02--5-5---414413-3-23111--

*** Life<FredkinCell> 14x18 ***

Generation = 0, Population = 30.
--------------0---
---0---0--0---0---
---------------0--
----0-------------
------0-----0-----
--0--------0------
0----------0---0--
--------0---------
---0-----0---0----
0-0------------0--
-0---------0------
--------0---------
-0-00--00---------
-----0------------

Generation = 2, Population = 69.
------------0-210-
-0--1---11------0-
------0-----000--0
---1--10--00--0---
0---1---0-00--0---
1-------00---0----
0-10--0-----10---0
1-----0---01---1--
1----0-0----------
--0-0--------1---0
-0-00--01---------
0-0--00---0----0--
--02-----100------
---1-0-11---------

Generation = 4, Population = 68.
------0---0-0--1--
--1---1-----------
0-------------01-0
1-----------------
--00----210--02-0-
--11--1---0---0---
-03-1--1---------0
--------0---0-----
-1-0001-10--01---1
1---200----------0
00---0-2---0------
----02--2---0-----
1--2-0---3-210----
000-----30-----0--

Generation = 6, Population = 100.
0---0-2------1----
--------2---------
2--0--2-00----2---
3-12------1---0---
--0--01-4-0-----0-
-0---1--1---0---1-
12-2-----01-3-101-
1-11012---1------0
21------1--1--1---
3--0-0001------0-2
-21-10122--0-0---1
-1-0242020----00-0
--02---1-514-211--
00-2-103-01111-0-0

Generation = 8, Population = 83.
0--1--2--0-0-141--
0-11--2-------2---
-1----20---011----
--1-1---0---0-----
20-0---06-----312-
----13-1------2--1
---4--210----03--0
1----1----------0-
----21-03--1--10-2
---03-2------20---
-2-1-0---0-0---0-1
--1-4----------00-
3-2--11----4-2-31-
-22-----4--3-1----

Generation = 10, Population = 117.
--0311--1-----6-10
-1--21----------1-
-1-21122-11---320-
---3-122------2--0
4-2---3-6210-2--4-
2--23-2131-----0-3
2--4-14-221-5-----
1-2--33------10--1
-201--2-5211121-1-
41----2-3--01---0-
123-101240-0-10211
12-1----3--0-1---1
-12--3-21-----2---
14-4--1-413-----1-

Generation = 12, Population = 114.
1--3314-11--0-6-1-
--22-3-----------0
4302-1----3-----0-
5---212-----1-----
612-2-3-641--2--4-
-2225---3322---0--
--3-216----1------
-14-1---10-----2--
4-2-312--2133-1--2
43--40---1-2-40---
---3--3242-0-10---
142--54-----13---3
-34-----3-362324-1
343412-4-1--121-11

Generation = 14, Population = 114.
1-13-36--311--6-1-
-2-4--20----1--0-0
---23--20-3--2----
51-4-323-1-1--30-0
63--2-50---10-414-
---27-32--42---0-3
2336-183-3-36-3-11
----14-13--2--02-2
--4-53425-15---132
----40--3-------04
2----1-2-20-1---2-
---1----3-2-1-1-1-
4---2--3-----3--2-
-6-4---4--4-1-1--1

*** Life<FredkinCell> 21x23 ***

Generation = 0, Population = 86.
-0-----00-----------0--
---0---0---------------
---0------------------0
----------------00-----
-----0----0-0----00--00
00---------0-----------
------00---------------
---0--0---00---0-------
---000----00-0-0-----00
------0-0-------0-0-0-0
----0--0-----0-------0-
-00--0--------------0--
--00-00--------00--00--
------0----------------
--0--0---0----0----0---
--0-----------0-0-0----
-00-----0--------0--0--
------0-------0--0---0-
----0------0-0--0------
----0-------------0----
0--------0------0------

Generation = 1, Population = 181.
0-00--0-10---------0-0-
-0010-01------------0-0
--010--0--------00---0-
---0-0----0-0--01----0-
00--0-0--0-0-0----10011
110--000---------00--00
00-0-0-10-0----0-------
--01--1--0--00010----00
--0--10-00-----1--0--1-
---0---0-000----------1
-000--------0-0-0-0-0--
01---1-0-----0-00---1--
---1---0------011001-0-
---0-010-0----000---0--
-0100---0-0--0100---0--
---0-0--00---01--0--0--
01-0--00-0-------1-0---
-00-00-00--0---0-10---0
---0100---0----0--0--0-
0--010---0-0-0---0-0---
-0--0---0-0----0-00----

Generation = 2, Population = 192.
-0---010210-------0-0--
-1-------0------00-----
-------10-0-0----10--1-
00-1---0---0--01--00---
------1-0-0-0-000------
2-1---1--000-0-001-----
---1-1--10-000-1-00----
0---002-01-01---100-0-1
-01002-011-000-2-0-0020
-00100--0--1--000---0--
----00---00--0-01---100
1---0--10-------1---2--
00020---00---------2--0
-0--01--0-----1-1-0-1--
01--100-1--00--1---0-0-
0---0-------0----10-10-
1-01-01--100-0000-0---0
--1-----1---0-01-------
00----1-0--0-001001-0--
--0-----------0-01--00-
--0-1--0-0---00---1----

Generation = 3, Population = 254.
010-01---210----0----0-
020--00-010-0--01-0-00-
0--1--0-10-0-000----0-0
11--0--10-0-00-----100-
-000-020-01--0----10---
------200-1--1011------
----0201-1011--2-1-00-0
--01--3012-120-12--0102
--21-301---11103-101---
0-12-10-10-2-01------0-
000-1-00011-0-0-20-02-1
2-0---02-00--0--20--3--
-1--1---110---0-----00-
0---1--0---000-0------0
--10211-2001-0---00--10
--0-10--00001-1--2-02--
2--20120-2-1-11111100--
--2--0-02-00--1201--0-0
110--0--100-01-2112-1--
0-101-0000-0-0-0--00-10
-01--00---0-01-00--000-

Generation = 4, Population = 203.
-2--1-----21----100--10
13---------------------
-0----112---------0----
---1--0---1011-1----11-
---10131-120---0002--1-
-110003-1------22-0-0-0
--0-1--2--12-0-------01
-0---04---02--0230-12--
0032----1-022-1-02----0
102-0-1---03--2-0-0----
1-10-0111--0--1----1-0-
3-10-1---110--00--0---0
0--2200022--00--10-2-1-
--0-----0-0---1-100-101
01---220-112-1-10-1--2-
001-210---1-2-2-------0
-1031----3--02-22--1100
--3---0------0---20----
--1--1-021--1-0322-02--
1-2-2---1-------0-----1
-1---1--0--01---10-----

Generation = 5, Population = 246.
-300-1---2320--02-10021
240-0-010-00----10---00
-101-0--300000-0-1-001-
-102---10--1-2-2-0-12-0
-0-212-2023--0011--002-
2221-1-------10--11---1
-011220--1-------10001-
-101-15-1213----4--23--
--43-3-1--1-3--31--102-
213--12--0-4-0--10---01
-02-1-2-2-1-00--2-0----
---10-0-0------1---0-0-
110--1--3-0-110-----020
----1--01-1-00-021-02-2
--1---3122-30--2-020-30
---0-2---0203--0--00201
--------0--1--133--2---
----0---2---01--0-10-00
11-0--113200-11-3-21300
-03--0-----0--0--1-001-
------00100121-0-11---0

Generation = 6, Population = 212.
--111--0-3431001-02--3-
3-1---1---1100-0----01-
-2--0--14-1----10---1-0
1213--0-10121-0-11-23--
---3----1-4-011220--131
3-32---01-1-0------0-0-
-1-----2-2-2-00---1112-
0--202-02324----5--340-
005------12---142-0-1--
324----------12-21-0--2
---020--31-01-1-30----1
3-12-11--1----------31-
2-1-2-----1--21110-2-3-
00-0----20201-1---0----
-1--2-423---1-1-0-31--1
-------00----0-------1-
---311-01--20-24-11----
00---00---001-1----10--
2-1---2-4---1---42--4--
--4-2-0---0--01--2--1-1
-11---1----2-20---2-0--

Generation = 7, Population = 241.
03--21---45421---130-41
-42--0-10-221-0--000---
030--012-0-0-0-------1-
23---0-12----21-2--34--
-00-1-3--2-01-2-3-20-42
-24-0-3--02011-221-1---
0---220--3-31112012-231
11-3-3----3-20--600---2
11--03-1--------32--2-0
-3--01--1-04-2303-0--03
-02----14--1202---012-2
4-----22-2-000-1----4--
-12---0-322--32--10-040
--0-1-1---3--0----10-02
-21---534-1-212----20--
-0-0-2-110-03-2002-02--
2104--2--3---2-5-22-10-
-1-0-----0112-2-0--2-0-
31201----2--2--35-2--00
1------010-----0-3-0---
02-01120-------0----100

Generation = 8, Population = 199.
1--13-10-56532--2-4--52
35-1--1-1------01-1-0-0
---101-3--11010-010---0
-41--1--30------31--510
-1--224--34---32-031153
-----1-011---------2---
111--3-214-----3---13--
2------0---4----7--3---
-25--4-----23-1-4-01-2-
---2--202-1-0-4--11-014
--3020-----23--030---03
-1---1---31-11--20-----
-2-221-043---43-12-2-5-
-0---------0--1--------
0---2--4-223-2--00-3--1
---1----2-21---1--0-3--
3--51-------0--6--3---0
0-----0-21---1--1-1-0--
-2-121-1----31---2-14-1
-04--0----0-0-1-0-0----
-3-1-----0----0111--2-1

Generation = 9, Population = 227.
2-1-4--126---30-3-50-6-
-6--0-2--------120---1-
0-----1-4-2---1112-0---
2-2-0---4-1212---20--21
02-33-5-1450-1433--226-
3-4---3-22----0--1--001
--2124-32-13--1---2243-
31----51-335--0-80---0-
-36-0---1-----2-52--23-
-343-13-3-----5-3--01--
--41---141134--141-----
42--0-22--20----3100--0
2--3---1---0----------0
-100-1--2--11020-----02
-----25-4334----113--3-
--122----0---022--10-1-
410-212--30---27-2-2-0-
1------0321-222--22210-
-322--2--200----5--2---
1150-100----10201------
041-11--1---22--22-0---

Generation = 10, Population = 226.
-3--51-2-76-34114161-72
3--11-3--12--00-----020
1-0--12-5-3-0-22230-1-0
-4-311-1-023--1-3-13--2
13-4--6-256-1-5-40-3373
4252--403-2--------21-2
-----5------11-3013-54-
4-03--6--44-20-----34-2
-4-3----2-22-1--6-0---0
3---0240--140260-111---
10---02-5-2450-2----2-3
-3-2--33---1-----2-1411
32-4-1-2-----4311202---
-2---2--3--2---1-11-2--
-2----6--4-----22---0--
0----2----21313--2----1
---5--3--4-2023--3--1-0
21-00001--213---------0
3-3-2-31--113---6--3-0-
----2-11-00--1--2------
-5-12----0-2-----3--2--
