*** Life<Cell> 20x28 ***

Generation = 0, Population = 68.
---0---00---0---------------
----------------------------
--------------------0--0----
--------------------0----00-
--------0--------0-0-----0--
---0------------0-----------
-----0------------------0---
--0-----00---------------0--
-----------0-0--0-----0-0---
--0-------------------------
---------0--------------0---
-00-0----0--0---0-----------
-------------0---00---------
--0--0--0-------000--------0
-----0----0---0-------------
-----0----------------0--0--
000-------0-----0-----------
-0------0-00------0---0-----
----0-----------0-----------
-----0----0------0-0--------

Generation = 2, Population = 190.
-0-0--1**1--0-0-----0--0----
--------------------1----00-
---0---0----0----001-11-----
---0------------0-0---011--1
-----00---0----0-0-000--1--0
-01--1--10----0---0-0-----0-
---1---01--0-0--10-0----000-
0-010-01--11----1------0---0
-----0-----0-011--0-0-0-0-0-
01------0---0---1--------0--
-------0--------100-----0-0-
1-*001001-11----00---------0
-----1---100--1-1--10---0---
0101-*11-11-0-11--010-0----0
0010---01-0--1---11---------
-110-*-0--00----10--0-011---
--*1-1--1-*-0---0-1---------
---0--0-00--10--01-1--0-00--
01----0---0---0-0-1---------
-0-0-0-0---10--0--0--00-----

Generation = 4, Population = 184.
---01-*...-10---00-1*--0-1--
---0---01-------0---.-------
---*-0-01---0---0--.-.-----1
--1-----00------0----10-11*.
---11--11--1---01-----00*--*
--.--.-0----0-------*-------
-1-.-------------------0*---
00*.-1*--*..-0--.---10---110
-------110--1*-.-1-0-----10-
*.10-10-0-------.00--------0
--1--1----1--00-.---0---0---
--.0-*0-.*--10--*---1-0-----
01---1---100--.-.0---1--0---
0**--*--11*1-11.--0.00-1-0--
-0--1-0-.-0---0-0-1-----1---
--1--.0---*-0---1011-0--.-00
11.*0*--.-.-*00--01-1-------
-*0-10*00-1-1--1*.-1--0---10
*---00--1-0-0-0-*-.-0-------
-----01-100.-100--*--*-1-0--

Generation = 6, Population = 266.
-01-.-....1*-1-1---.*11-----
-01---00--0---0-0-01*00-0*1-
-0-*----.0--0--1-*1.1*--1---
0--*1-01*-111-0-0-10-*0-1-*.
--0..1-11-1-0-1-110-*10-.10*
0*.--.1-110--10-1-0-.------1
-.-.0----10111-011-0-1-**--1
*-.**..1-*..0*-0*1-0*-1-01.*
--01--1..0--..*.1.-001--1--1
..1--1*1*-1-10--.0-0100---0-
--.111--1-1-00--***1-1--01--
-*.00.**..-1.001*0--.10100-0
010-110--.-00-*0*-011.00--0-
-*.*0*1-.**--*-.-1*.*----01-
--*---**.--011-----0-00---1-
---10.**--.--00--*-*--*1.1*-
*-*.*.--*0*1*-*-1--0--1-----
1.-*.-.0--*---1...-111-1--.-
.1--0*-01---*1*-.-*00-1-----
-100--*0-00.1.**01*-0.11--1-

Generation = 8, Population = 224.
1-1-.0**..-*-1-1---...-1-*--
----01--*-*01---0-0-.00--..1
---*----.-1-*---0.**-.*1----
-0-..--*.*--.-----.--*01.*.*
000..111.11*-1-1*-****01..**
**.01.1*1.-0-1---0-0.---1-11
-.0.-----.--*.---1-*1--..---
.*.....11*..0.-0.-0-.-11-..*
1-010-...---...*..-*-1--.-0.
*.**--*-.1.--00-.****-*-----
01.-*-1*.1.----0.*.-*--00---
-**0-...*.-*.-**.0-0.1-**01-
-1--*.---.10*0.-.00--.0-0-*-
0**.*.*1.***-*1.-...*00*--.-
01*---.**-0*-*1--11-1*0-----
--*.-.*.01.-*0--1.-.--.*...-
.1*...-1.0*-*-*--0-0--*-0---
*.-..1.-1-*--11...-...01--*-
**-1-.-*.-0-*1.-.0.*-1.-0---
1-0*--*0---.**.*-1*1-.-*-11-

Generation = 10, Population = 240.
1--1*-....-**1--011...-1-.11
-1*0*-1-*0.*10--*---*----**1
---*-1--*0.-.----.***.*1*101
0*1..-1..**-.1--10.-1.-**...
0-*....*.--.-.1..*.*.**-....
.*.*..-.**--1.-1-**0.-1---1-
1*0*-----*1-..-1*.1..*-.*0-1
.*.....*1...*.1-.10*.-..**..
*--**-.*.1--......1*-11-.--.
***.1*.-.*.-*-*1...**1*0-010
0-.-.1-....-0--*.*.-*1--011-
-.*--.....1**-...-10*-**.011
-1-0..*1-*-0.-*-*-*--.*-*-*-
-.*....-....1.-*1.*.**-*01*0
-*.-*-*..--.**-1-**--.011---
1*.*-...--.-.0-11*-.1-.**..-
...*..-1.-*1*-*-1-1-*-.0--1-
*.-..1*-1-.---1...-*..0*--.-
*.1.-.1..1*0...1**.*11.10-0-
*-*.1-*0*1-*****01.--.-*1**1

Generation = 12, Population = 215.
-0-1*-....***1---1....*-1.11
-*.-.*--*-..*--1*0-1*-1-0...
-1-*-11-.*.-.-0--*.....*.*--
-*-**--*.*.-.11-*0*-..-..**.
-0***..*.1*.*.-....*...-....
..**..-...-*-*0**..0.-.1-01-
..0*-00-*..-*.01.*-...0..011
***...........1-**0..1*...**
*10**0....--..*..*1.-11-.--.
*.*.1..**..-.-.-.*...-*---.-
-1*-*.*..**--*1..*.-*--1--.1
*.*11.**.**..1...01-*-*..--*
*1-0.*.*0.--.1.-*-.11.*-.-.-
-**...*-..*...-.1.*...-.01.*
-..-*0*..--...--1.**-.--.0--
...*-...-1.-.*-1*.*..-*.**.-
....**01.-.-.-.-*111.-*-01--
..*..***11.1-*...*-*..-.--.1
....*.-..-.0...-.*.*1*..01--
.-**-0.-.-****..-1*******.**

Generation = 14, Population = 228.
---.*-.....***---**...*-*.**
1..-.*1-.-*.*-0..*1**-*1-..*
-1-*11*0.**-.--1*..*..*...1-
1.**.--.**.1**-0*-*1..-...*.
*-.......1.***1**..*...**...
.....*****1.1.**..*-*0.-----
..-.1-*-*..-.**-..1...-**--1
.*..*.*.......-*..-..1...**.
**0..*..*.--...*..-.--*-*--*
*.**-.*****0.-.1.**.*-.-0-**
***-***.*.*-1.*....*.*11-1**
*..*-*...**..1...0.-.1...-**
*---....-.1-..*-*0..1..1.1*0
-*...*.-.*....1*-**.*.1.-1..
-*.-*-.**11...---.*.-.*1.0*1
..*.1.**1-.1..-..*...1*..*.1
..*..*--*-.**-.-.**1*-.0-1*1
..*...*.-...-*..*.1***-.1-*-
..*.****.*.-...1**......-*1-
.-**-0.0.-***...*-.....***..

Generation = 16, Population = 202.
-1-..-.....*.*0-1*...*.-*.**
-**1*.-1.0...1-.**..*-..-*.*
1--.-*.*...-*1--..*......**-
*..*.-**...-.*-*.1.**.-**...
.-*.*....-...**.*......*....
....*........*****.*.**11-1-
.*1..-.1...-..**......*..-1-
***...*.**....-***-..-*.*..*
*.0.**...*--......-.11.0*--*
....1....*.*.-.......-.-*-..
.*.1**.....1-*.......*-**.*.
*.*.**....*..1...-.1.*...1..
*---..*.-.**.*.*.*..*.*1*-.-
0......-.*.*.*1.*.....*.*-..
1..-*0.*****..*--.*.-.***-.-
....*.*.*1..**0***...**.*..-
*...*.--*1***0.-*....-.0-1.-
*...*.*.-...-..**.1..**.--.1
*.....*...*1*.**...*****-.--
.-..***-*-*.*..**1.*...****.

*** Life<Cell> 7x15 ***

Generation = 0, Population = 49.
0---0-0-000-000
0----0---0-00--
-0--0-000-00000
0---0-0-00--0--
-------00---00-
0-0-0--00---0-0
0000-----0-0-00

Generation = 1, Population = 50.
10-0-0--1110--1
1---0-0001--10-
0-0010----11--1
---01-1-11---00
--0-----1--011-
1010-00-----1-1
--11---0----01-

Generation = 2, Population = 50.
-1--0----*-1---
--001-1-1-00*10
1-11-100-0**-0*
0-0--0---*-----
0-1000-0*-01*-0
*----11-0------
0---00--0--0-*-

Generation = 3, Population = 55.
1---100--*1*-01
1--1-0*0----.*-
*-*-1-110-..0-*
---0-----.0-00-
-----101*01-.--
*0100**0-00-101
10-11--0100--.0

Generation = 4, Population = 45.
*1--*1--1.-.--*
-0----.--100..0
.-*--1-*10.*1-*
0----0---.1--1-
001---1*.1*1.-0
*1-11..1-11-*--
--1------1-00.1

Generation = 5, Population = 52.
*-00.*00-*1.-0.
-1--1-*01---*.-
.-.11*-.--..*0*
1---11--1.*0--0
11*-0-**.-.**--
*--**.**-*--*0-
1---1--01*01-*-

Generation = 6, Population = 48.
.111**1-1**.--.
---1*-.1*-00*.0
.0.*-.-.--..*-*
*-0-*----.*-0-1
*-*0-1...1...-0
*--.*...0*-0.-1
*0--*0---*-*0*1

Generation = 7, Population = 46.
.*-*.**0-.*.0-.
---*.-***1--*.1
.-..1.-.1-*.*-*
*01-*----..-1--
*-*1--..**.*.1-
*-1.....1*-1.--
*111*10--*-*-*-

Generation = 8, Population = 47.
..-.**.--*.*10.
-10*.-...*00*.*
.0*.**1.*0..*-.
*--0*1---.*-*-1
*1.*--..**.*.-0
*1-..*.*-.--.--
*-*-*-10-*-.-.1

Generation = 9, Population = 41.
..1**..-1*..*1.
1-1..-*...-1...
*-....*.*-..*0.
*0--.----.*0*-*
.-.*--*.****.11
.--***.*-*-1.--
*1.-.1*--.0.-.-

Generation = 10, Population = 42.
.*-*...0*...**.
*-*..0..**0-...
*-.....*.0*..1.
*110.----..1.-*
.1**--***....*-
.11*...*1.-**01
.*.1.-*--.-.-.-

Generation = 11, Population = 46.
.*1....1*......
*1*..-*...-1**.
*-.*.....-.*.-.
***-.-1-1**-*1*
.*..01*.*..*..1
***.*...-.1.*1*
.*.*.1.-1.-.0*1

Generation = 12, Population = 37.
*.-....*....*..
**.*.0.*..0-*..
.0.*...*.0...-*
*.*-*-*--**-*-*
....--*.*.....-
*.....**-*-..*.
**.**-.0-.0*-.-

Generation = 13, Population = 43.
**-...*....*...
**..*-.*..--.*.
.1.*.*.*.1...1.
.**0.-*--**-.-.
.*..01*.*.*..*1
**...**.1*-....
**...1*11.1.0.-

Generation = 14, Population = 33.
**1............
....*-.**.-1*..
.-.*.*.*.**..*.
**.-.1.--.*1.-*
...*1*..*.*...*
..*.....*.1*.*.
**...-.--.-.-.-

Generation = 15, Population = 37.
.**............
.****-****-**..
.1...*.*.*...*.
..*-.-.01..*.-*
.***-*......***
.****.....-*...
.*...-.-1.1.-.-

*** Life<Cell> 18x22 ***

Generation = 0, Population = 65.
0--0---------------0--
0-------0--------0--0-
----000-----------00--
---------0----0-------
0--------------00---00
-0---------0-0--------
----0----0--------0---
0-----------0-0-------
-0-00--0--0-------0---
-----0-0-----------0--
0----0-------------0--
---0--0--0--00-0-0----
0---0--0--------0-----
-----------------0--00
0--------------0------
---------00------0----
--0-------------0--0--
------------0---0--0--

Generation = 5, Population = 193.
*.*0.1**---00--0-.--*-
.*1-00*-1*-*101---0--*
--.-*-..--*----*--**-1
*1-0--*010-0*---.1-0-0
1*10-1-------.11-*---.
1---000--*--000.0-0-10
*.1**------*0---0-1-0-
--*-*------..1.**--100
*.***---*---.-----11*1
.0--0*-*--000.-.--0111
1-*0--0*-0-00-0011.1-1
--100--1-0*-.*1-*0-111
-1----1*--*1*001*01.--
-00--*-1--00.10---.-*.
---01*01-00---000---00
0-0--1-0..11-*-*1*-111
-0-0-01*--00*----01---
--0-0-0-*-*-10-0*-1.01

Generation = 10, Population = 171.
.....-**.0-*00.--.*..1
*..*.*.-***..-..-*1.1.
.-.*.0**-1.-*.-.0*...-
..*.*-.*-*0..-.-*.*...
*.--.*1*0.1*.*-.*.*0-*
-0*.-1-.1..*001.-*-1*-
..*..-*-**..0--100*.-1
*-*-*1**-01......**.-0
.*.*.-1**1-..1*.1*-1*.
*--*1...-1*--.-..1-**.
*-.-1-.*-1-0.-.0.1..-.
..--*1**1**...*-**0-.-
..*1-**.-**..10..*..**
---10**1*-*0.*.00*....
0-1*.*-.*.**-*0.-.*-*-
-.*-0-....*1..1....**-
---100....1-.*-1---1-1
1---.**-*-*-1*1..-..-.

Generation = 15, Population = 149.
..*..-*****.0..--***.-
.*.**..*.***..**1.-.*.
.*...0..-..***1...*..1
.*.*.1..*.-**-.0.*.***
**-*..-*.*1...-*...0-*
**..-**.....-.**..1..*
*....-*-.*...-*.--..*.
.-*..*..1-...........-
.**...*..*-.*.*...1*..
.1-.1*..-..-*..*.10*..
...**-**.**1...0.-.*-.
...1*.**.......-.**-*1
***--.**-....-1*.*....
---*-**.**.1..*1-..*..
*.*..*-.*...0*-***.**-
1...1**.*..-....*.*..*
.-0.-0.**.-1...---...*
10-1***..-.-.....-***.

*** Life<Cell> 13x9 ***

Generation = 0, Population = 59.
0-0-00-0-
----0000-
-0--000-0
0000-0000
00-000-00
-00---00-
00----000
--000-00-
----00--0
--00-0-00
-0-----00
---0---00
0----0---

Generation = 1, Population = 60.
------010
00001-1--
-1----1-1
-----1111
-1-----1-
011-0--10
1-00001-1
0-1--0--0
---0---01
--1101--1
0----0011
000-000--
-0-00-000

Generation = 2, Population = 63.
000000--1
11--*----
-*-00--0*
----0***-
-*--00--0
-*-01----
-01-11*0-
1-*0-1---
0-01--01*
00**---0-
1--0011--
-110-110-
-101-0--1

Generation = 3, Population = 62.
-1--1101-
-*-0.--0-
-*-11---*
----1...1
0.0-1----
0*11*0010
-----**11
*0.-0*0-0
-01*0-1**
1-..-101-
*001-*-1-
--*10**1-
0-1--1---

Generation = 4, Population = 51.
0*0-*---1
1*-1.0-1-
0.---0--*
000--*..*
1.10--01-
-.*-.11*-
--101..**
*-.--.1--
0--*--*.*
*0..--1*-
*-1-0.--1
--.*-..-0
--*--*-0-

Generation = 5, Population = 56.
-.10*----
*.0-.1--0
-.011-1-*
1---1*..*
*.*110---
0..1.**.-
10--*...*
.0*-0**--
--1.00*..
*1**01-.1
*0-1-.1-*
0-**-..-1
-1.-0.---

Generation = 6, Population = 47.
0*--*---1
..-1.--11
-.------*
*0-0*.**.
*.***1--0
-..*..*.0
----...*.
*-*-1.*00
00-.1-.*.
**..1-1.*
.----*--*
1-.*-..1*
--*--.--1

Generation = 7, Population = 58.
1.1-.1--*
..0-.-1**
0.--1-10*
*10-..***
*....*0-1
0.**.**.1
1-10.*...
*0.-***-1
1--.-0...
**..*1-.*
*0-1-*--*
-1..0..**
01.--.--*

Generation = 8, Population = 41.
-**0.---*
..11.--..
1.-1--*-.
*-10.....
*..**.11-
-.**....*
-0--.....
*1*-..*--
-0-.1-.*.
..*..*1..
.1---*1-*
1-..-..**
1-.-0.--*

Generation = 9, Population = 52.
1*.-.--1.
..-**-1..
*.0-10.0.
*-*1.***.
....*.**-
0****..*.
-110.....
*-*0...--
-11*--.*.
.**.*.-..
.---0*-1*
*-..0**.*
*1.1-.--*

Generation = 10, Population = 46.
*..0.---.
*.-**1-*.
..1---.1.
.-**....*
*.......1
1...****.
1--1.....
*-.1*..0-
---.--...
.*..**-**
.1111.1**
*-.*-.*.*
**.--*00.

Generation = 11, Population = 63.
...1.1-1.
.*-***-..
.**110***
.1**...**
.*.****.*
-*..****.
-11*...*.
.1.-*..-1
11-*-0***
.*..**1.*
*--*-.-..
*1.*-...*
**.10*11.

*** Life<Cell> 29x11 ***

Generation = 0, Population = 52.
-----------
0----------
0-0--0-----
---00------
------00---
-----------
--00------0
--0-------0
--------0-0
-------0---
------0--0-
-0----0----
-0----0---0
-----0-----
-------0---
----0------
---0-0-----
----0-----0
--------00-
0---0-0-0--
--------0--
000---0----
--------000
------0----
-----------
0-------0-0
------00---
--------0--
-0---------

Generation = 1, Population = 115.
0----------
100--0-----
1-----0----
0--11-00---
---000110--
--00--00--0
-0-10----01
-01-----00-
--0-------1
---------00
-0---01-0-0
010--0-0-00
010---10-0-
-0--0--0--0
----000-0--
-------0---
--0---0---0
--------0--
0-----00-1-
-0-0-------
-00-0--010-
1-10-0-0-00
000----01-1
-----0-0000
0-----0-0-0
-0----0----
0----0110-0
-0----0--0-
0-0-----0--

Generation = 2, Population = 127.
1-0--0-----
*-100------
--000-1----
100--01----
0--11---100
--110-----1
01--1000---
0---0--01-0
--10----00*
-00--00--11
-1--0-*0---
---001-10--
---00-*1-10
-1-01-01---
-0-0--1--00
--0-000---0
-0-0-0--00-
0-0-------0
---0-0110-0
-10---0-0--
------0----
*-*10------
------01---
-00-0-0---1
------10101
0-0--------
-0--01--10-
0-----1-0--
-0-0--00---

Generation = 3, Population = 158.
*-1---0----
.-*1--0----
--11-0*0---
---111-0000
1-0---11*--
--**1-000-*
-*--*------
1-1-1----01
0--1-00--1.
0----1-----
0*--1-.--00
-10--*-*1-0
-10110.*0*1
0*-1--1-0--
01010---01-
-0--11-0001
----01-0110
-0-0--00--1
000--1*---1
0*1----0100
00-000101--
.-.-10-0---
00-0-0-*1-1
011----00-*
00--00-----
-0-00000--0
0--01*-1-10
-0-00-*01--
----00-1---

Generation = 4, Population = 119.
.-*--010---
.0.-0------
-0-*0-.--00
1-0----11-1
--11----.--
0-*.---1--.
-*0-*00000-
*0-0*-0-1-*
-0--0-100**
---0-*----1
-.-0-0*0-1-
-*--0*-*---
-*1*--..-.-
-.--1--1-00
---*--1-1--
-1--*------
------01**1
-10--0-----
----0*.10--
1.--0-0-*--
--0111----0
.-.1-10-0-0
--0-01-.--*
1-*-0-0---.
-1------1--
01------0-1
-001-.--1*-
----1-.-*-0
-0---10*---

Generation = 5, Population = 178.
.-.0-1-10--
.1.-1-00-00
-11*-0.0-1-
-0111-1**0*
-0**1---*-0
-0..10-*-0.
0.-1*-1111-
*111.0----*
-11110--1.*
-0010.0-01*
-.0111.----
0*-01*0*10-
0*-*10*.-.1
-.01-0--011
-10*00-0--0
0-0-.1-0-01
--0-0-1-***
0*10-1---01
0000-..*-1-
-.1----0*00
001**-1--01
.-.*-*1----
0010--0*10.
-1*-10-00-.
0*--0-10*01
1*-0---0-0-
---*-.-1*.0
--0---*-*0-
0-0--*-*--0

Generation = 6, Population = 137.
.0.-0-1-1-0
.*.1--110-1
1**.--.-0-0
11---1*..1*
11..*-11.-1
-1..*10.-1*
1.--.-**---
****.1-0--*
-*--*--0*.*
0---1.----*
0.----.0--0
-.01-.1*-1-
-.1.*-..-.*
0.-*----1-*
-*-.-1-1-1-
-1--.*010-*
---0---1...
-.--0--0-1-
-1--0.**0-1
-.-00---.--
1-*.*1*----
.-..1.*-0-0
11*--1-.*1.
1*.0-1-110*
-.--10*-.1*
-*-1-----11
00-*1.--..-
001---*-.10
--100.0*---

Generation = 7, Population = 167.
.1*---*1*-1
...--0--1--
-...-0.-11-
**---**.***
-**.*-***0-
0*..*-1.0**
*.01.0.*11-
*.***-0--0.
0.--*-1-*.*
1--1*.--01*
1*011-*10-1
0*-*-.**--0
0**.*0.*0.*
-*-*-0---1*
-*0.0*1*--0
0*00**--10.
-00--1--.*.
-.--11--0--
0-0--.**11-
1*-11--0.-0
--...-*01-1
*0*.*.*-10-
-**--*-..-.
-..-1-0**-.
0*-0*1*-.*.
-*-*000-0--
-10**.1-..-
-1-0-0*-.*1
0---1*-*000

Generation = 8, Population = 124.
.*.0--*-*--
...-11----1
1...0-.0*--
**---.....*
1.***0...11
-...*1*.1.*
*.--.-..**-
*.*..11-11*
-.11.-*-*.*
----..--1-*
*.----**-1-
1.-.1...11-
-....-.*1.*
-.-.-----**
-.-.-.-*-11
1.--..--*-*
----0-1-.*.
0.-0*---11-
11---.*.**-
-*1**00-.-1
--..*1*1-0*
*1**..*0-1-
-.*00.0..1.
1..-*--**-.
1*--.*.-.*.
-.0.-11----
0*-...-1.*0
-*11--.-..-
----**0*-1-

Generation = 9, Population = 119.
...---.-.01
...--*-1-0-
**..1-.1.1-
*.-1-*..*.*
*.**.-*..**
-*...****.*
.*0-*-....1
..**.*--***
0*-*.-*-*.*
1-01..--*1*
..--11.*-*-
*.-.-.*.---
0....-.*-.*
-.-.-----..
0.-.-.1.1-*
-.--..0-*-*
----1--1..*
1*11*1-0-*1
-----.*.*.-
-*-*.11-.0*
1-...*.---*
.-.....----
-..1-.1..*.
*.*-*--**0.
-*--**.0*..
-.-.0-*---1
1.0*..--..1
-*-*-0.-.*1
-01-**-.--0

Generation = 10, Population = 136.
...--1.1*-*
...--.-*---
**..-0.*.*-
*.-*1****.*
*.**.0....*
-...*****.*
.*-1*0....-
*....*-0*.*
-.-..-.-...
*01-.*0-.**
.*0-****0*-
..-.1***-10
1....-..1..
-.-.--111*.
-.-.-.*.*-.
1.--.*11*-*
000-*--*..*
**--**011*-
1-0-0...*.-
-.-.*--0.1*
--..***---*
.-.....--10
1..--.-*.*.
.**0*--..-.
-*-0*..-...
1*0.11*-01*
-*1*.*1-..-
-.-.11.-.**
0-*0**0.--1

Generation = 11, Population = 114.
...-0-*-*-.
...--.1*-01
**..-1...*-
*.-*-..**.*
.**..-....*
0*.....*.*.
..-*.1....-
.....*-1...
-.1..-.0*.*
*1-1*.--.**
*.--....-.1
.*0*-...--1
-....0..*.*
0.-.-0---*.
0.-.-....-.
*.0-.****-.
111-*11...*
..11*.-***-
*1---.....1
1.1.*---***
--..***--0.
.-...**01--
-**10.1.***
**.1*1-..0.
-.--...-.*.
*.-.-**-1-.
-.*...-1*.-
0.-.-*.-.**
--.-..1.--*

Generation = 12, Population = 134.
...0--*1*-.
...-1.-*1-*
**..1-....0
*.-.1...*.*
..*..-.*..*
1*.........
..0.**..*.-
....*.-**..
0*-**0*-*.*
**1*..-0*.*
*.0-*...-.-
.*-.1...11-
1**.*1....*
1.-.111--*.
-.0.-*.**1.
*.10*..*.0.
--*0.*-....
..--*.-***1
**00-..*..*
*.-**-10*.*
1-.**..-11*
.1*....--10
-*.*-.*...*
**.-.*-..-.
-*-0..*-**.
..0.1.*0*-.
-*...*-**.1
-.1.1.*0***
0-.-..-.--*

Generation = 13, Population = 130.
...--1***0.
...-**-.--.
**.*-1.**.-
*.1**.....*
*....-...*.
****.......
.*-***.**.-
.**...-.*..
-.1..-*-...
..*...-1*..
*.11*..*-.1
..0.-...**-
-.*..-*.*.*
*.-.--*--**
-.1.0..*.**
..*1.*.*.1.
11*-.*1*..*
..-1*.0***-
**--0*....*
*.-..-*1..*
*-..**.--*.
*-..*..---1
-...0....**
**.-**0*.0.
-*0-*.*0**.
.*-*-..1.-.
1**.*.-...*
0*-.-**1..*
-0.-..1*0-*

Generation = 14, Population = 123.
...---***1.
...-..-.-0.
**..-**...0
*.***...**.
*...*-.....
*..*....*..
..-.*..**.-
.*..**1.*..
-.-*.0.-*..
..*...--*..
..*-...*0.-
..-.1...*.1
1*...1..*.*
.*-*11*--..
0**.-*.*...
...*.*.*.*.
*-.0..*...*
..-*..-.**1
**0--.....*
*.-..1**.**
*0..***11**
.1.**..--1*
-*.*-.*.***
***1*.1..-.
-.10*..-.*.
..-.1***.1.
-..***1*...
-.-.-*.-*.*
-1.-.*-.1-.

Generation = 15, Population = 123.
...--1.**-.
...-.*-.-1*
****-*..*.-
*.***....*.
*.*.*0..**.
...**..**..
..-**.*.**-
...*..*.**.
-.-*.1*0**.
..**..--**.
...1...*1.1
.*0.-...*.*
****.***...
..0*--.-1..
1*..-..**..
*..*.*.**..
.1*-..**..*
*.-*..0...*
**1--.**...
..1.*-.....
*-**...*-..
.-.*...01*.
-...0..**.*
*..-..***-*
1.-1...0*..
..0.*..*.*.
-..*..*..*.
-.-.-..-**.
0-.-..1.*1.

Generation = 16, Population = 116.
...-0**.*-.
.**1.*1*1*.
*...1*..*.0
*........*.
..*..1.*.*.
..*...*....
..0...*...1
..**......*
-.-*.**-..*
..**..01..*
.*.*...**.*
*.-.-...*..
*...*.****.
..-*11.1*..
-*.*-.*..*.
*........*.
***0**..**.
*.1*.*-....
*.--0***...
*.-..1**...
.-*.*..*-..
.-***.*1**.
1...-.....*
...1..*..-.
**--...1...
..-.*.**.*.
-..*...*.**
0.-.-..1..*
-1.-..-**-.

Generation = 17, Population = 125.
..*-1...*-.
.***..*.-..
*.****....-
.*..***..**
.*...-*.*..
.***.***...
.*-.......*
..*****..**
-.1..**-.**
...*.*--*.*
.*.*..*.*..
**-.1.*....
...**.*..*.
..0***.-...
-.**-***.*.
*....*...**
*..1.*..**.
*.-...-**..
*.1-1..*...
.*1*.-..*..
.0*.*...-..
.1*.******.
-.*.0**.**.
**.-.....-.
..11.*.**..
..-...**.**
1......*.**
-.-.-.*-..*
--.-..1**1.

Generation = 18, Population = 116.
.**0-....1.
........1..
*.........0
**....**.*.
**.*.1..**.
**...***...
.*0....*.**
.****.*....
-.*....0*..
...*.*01*.*
**.*..*..*.
**0.*.*....
.*....*....
..-....1*..
1**.0...***
.***.*.*..*
**.-*.**..*
*.1**.0*.*.
*.*0-..*...
*.-.*-.....
*1..*.*.-*.
.-.......*.
1.*.-....*.
.*.1.....0.
.***...***.
..0.......*
-......*...
0.-.-.*1..*
--.-..-***.

Generation = 19, Population = 114.
..*11....-.
.**.....-*.
**.....***-
..*...**.**
....**...*.
....**.*..*
..-.*..**..
......*..*.
-*.....-**.
.*.***1*...
*..*....**.
..1*..**...
***..**....
*.0....**..
*...-.*...*
.....*.*..*
*..1.....**
*.-.*.-....
*.*-1****..
*.1.*1.....
**...*..1..
*1......***
-**.-...***
*..*.....-*
.*.*....***
.*1*...*.*.
1.....**...
-.-.-.**.*.
0-.-..-***.

*** Life<Cell> 28x13 ***

Generation = 0, Population = 86.
---00-0---00-
--00------000
-00-0--------
-------0-00--
-------------
---0-0--000--
----0-0------
--0--000---0-
0--------0--0
0-0--0----00-
00------0---0
--0-00-------
----00--0---0
----0-----00-
---0-0----0--
-0-0---------
-0---------0-
00--0------0-
00--00-------
-----00--00--
--000--------
------0------
-0-0---------
---------0---
0------00-00-
0-0----0-0---
-------------
----------0--

Generation = 4, Population = 170.
11-*.01-0.00*
0-0-10---00--
**-1-10-1-*.-
--11---0----0
1--00-0-11001
00-*0---.---*
----01*-1.1-*
10-11.1*0.---
-.*----*--*.0
00*1-0-1*--.1
-*101-*-0---*
--1*-*.011-0-
--.-------11-
0*1-***01*010
-11.110001---
*11*0111-0.--
--10---01-.*0
-.---0010-*--
*-1**-0-100--
-.01--.0--1-0
01.-------1--
-0--1.-1-0*0-
1---1--*-----
1-----*-100.-
.1--1-11.-.1-
--*1*01.---1-
*1-0---.--.--
*-0---10----0

Generation = 8, Population = 160.
..0**0*-***-.
----.-*-..*.*
*.1.--.1**...
-*..-100-1111
.1-.--1**1-0*
1*-**---.1--*
--*-1**-*.-1*
.10***1*-.-1-
***11--.1-*.*
**.*1--*.1*.-
0.-*.1*011--.
--*.1**1..-1-
-*.*.0.**1-.0
-..-***.*****
-...*--0-.-*-
..1.*..*0-.0-
-*-0*0-.--...
*.--11-.*-.--
.*-.*--*-----
..1--0.-1-1*0
.*.1-0-000.--
1*0-..-*-.*.-
*00-.11.--*--
*-0*--.0*01*0
*--*.-...*..1
--...-*.00..1
..-.-.-.11.*-
.0*--0...----

Generation = 12, Population = 140.
.*...-.....-.
--10.1*.*....
*.-.-*.-*....
*.*.*.-.0.1*1
.1-.10-...-0*
.*...*0-..1**
-1.-...-..**.
.*0**.**0.-*-
.*.1*****0.*.
.*.*1-*..1.*.
.*1*.-.0*-*1*
-0.*....*.0*0
....*-...**.*
*..-.*...*..*
*....**1-*-*1
........**.**
-.-..-*.*1...
*.*0.1-.*-**-
..-*...*11-.1
.*---*.-*....
.*.1-*101-*--
-.--..-.-*..-
.-.1.**.--..-
.**.-..-.*..-
*.-*.-..*.*.1
-1**.1..0-**.
.*-.-..*1*.**
.-...-.**--1*

*** Life<Cell> 1x12 ***

Generation = 0, Population = 12.
000000000000

Generation = 3, Population = 4.
1-0------0-1

Generation = 6, Population = 4.
-0---00---0-

Generation = 9, Population = 4.
---0-11-0---

Generation = 12, Population = 6.
1--1*..*1--1

Generation = 15, Population = 6.
**0......0**

*** Life<Cell> 11x6 ***

Generation = 0, Population = 30.
000--0
-0-00-
00-000
-----0
--00-0
---0-0
-0-0--
--0-0-
000-0-
-0--0-
--0--0

Generation = 1, Population = 33.
111---
0-0--0
1---1-
000---
-01---
-0---1
0-01-0
001010
11---0
-1001-
---0--

Generation = 2, Population = 32.
---0-0
-010--
---0--
-1-00-
-1-0-0
-1000*
1---0-
11*1-1
-*0-01
---1*-
-0-1--

Generation = 3, Population = 27.
-1-1--
01-100
------
0*-11-
0-1--1
---11*
*0-110
-*.*-*
-.----
----.-
0--*--

Generation = 4, Population = 32.
-*-*-0
1----1
-----0
-*0**-
11-00*
-1--*.
*--**1
-*.*1*
-.-0-1
0--1.-
-00.0-

Generation = 5, Population = 32.
-.-.-1
---10-
1000-1
-*-..0
**1--*
0*01..
*00..-
-...*.
1.0-0*
---*.0
-11*-0

Generation = 6, Population = 28.
-.-.--
11--11
*1--1*
0.0*.-
..--0.
1.-*..
*1-..-
-.*.**
-.-0-*
010..-
0*-*-1

*** Life<Cell> 22x30 ***

Generation = 0, Population = 66.
--0------------------0--------
---------------0-------------0
-0----------0-----------------
0----------0------------------
----------------------0-------
----0---------0---------------
-------------------0---0-----0
------0----00-----0-0-------0-
---------0--0-----0-----------
----0--------------0----------
------0-----------------0-----
------------0-00--------0-----
-----------0--0---------------
---0----0-----------------0-0-
-------------------0------0--0
--0--------0---0-----------0--
------------------------------
-------0---------------0---0--
---0--0----------00-0-0--0----
------------0------0------0--0
---------0-----------0--0-0---
-----------0----0------0-----0

Generation = 2, Population = 213.
010-0-------0------0-0-0------
0----------0-0---0---------0-0
--10------0---0------00-------
0-0-0----0---000-------------0
-0----------0------00--10----0
0-0-------------0-0-0-------0-
---------0--1----00---1--0-0-0
----0---011--1--0-*10-0---0---
------10--10--0-0--01--00----0
--0--------0--00-00-10--1---0-
----1---00-01-1---0---0---0---
---00---0-0-000-10-0--0-----0-
------0--0--01--0--0----1-1--0
-01--00---010-1-----------*00-
-----------1--0--0---0--0--000
0--10--000-------0-----0-00011
---0--0----------0000-0--00--0
--0--0---0-00--0---0-0----10--
-0--11--00-----01-*1-000--01--
-------0--01--0-01---1--1---1-
---0--00---1-----0011--000*-0-
---------1-0100-0-00-1-0-010-0

Generation = 4, Population = 170.
01----0-----0----1----0--0----
----1------0--00---1-----0-0-0
-11--0--0-------0--0-*-1-----0
--*-0-00---00--*--0-1-------1-
--1------1--0--------1-.--0---
0---0---0-0----1--*1---------1
-0----0-----1--0---0--.110----
0-0----0**110-----.*--*-1---0-
-----1.-0--0-0--*---*---------
0--11---------**-------0.-1-0-
--1-.-----1---------1--1--0-0-
--1---1-*-01*--11--*-------1--
-------1-01-*--1----------.---
--.--------.0-.----1--0001.-0-
---1-------.---1-*1-1--00-**--
0-----0*---1--1--------01-*-.*
---------0-1--0------1--1-*---
--------0-------0--0------*01-
--0-.--0--0--00-1-.1--0-0-----
--0-----0------------.0-.0--*1
-----1---1---1---0-..11-**.-*-
---------------0----1--*-0**-0

Generation = 6, Population = 293.
-.-0110---0-0-1111--010-1*-1-1
----1--0-0-0---*0-1.11-1-*--0-
-.--1--0-10---*---0*-.11--01-*
-0.0-1*----*---*01--1-0--011--
1-.-00110-00*-000--*-1-.-1--1*
----0-1--1--00-.1-*1-10-1--0-1
--0011----00*-1-1-1-10...*-0--
--0101-*.*-*01----..01.1.-0-01
-011-1.----**01-.-10*-1--01-0-
-1-.*000-0--00**-1---11*.-.0--
1-.0.--01*.0*0-01-1-11*.-1*-*-
--.*--11.--1.*11*-1.-01-1-0--0
--10-0-1-*--.-**--0-----*-.11-
0-*----10--.--.00--10-*--..1-1
-0---0-----.-01--..11----1.*-1
0-0-11*.1--.-1.--1---1-0.0.-.*
--01---1-00.1-*1-00-*---*0*---
0-1----00-1*-----1---*10-1.0.1
0---*---*1---*-0.*..1*---01---
0---0-0-0-*----01-01-.-1***1.*
--10---0--1--11-1--**.--...-.1
--0-----0----1-0-10-110*1-.*1-

Generation = 8, Population = 248.
-.*-.----00-00****0--.-1.*0---
--00---*-------.--**11-.-.----
-.-1.00--1-1-1.1--0*-*1-1----.
--.-01*-111.-1-.-*-1---01-*--1
1-.-0----*--.------.1.-.1.--.*
-0----*-011--*-.-0*--.-0-11-1*
-----1---*--.0-1.-*1-*.*..-*--
0-*1*.0...-.-1--*-*.--.1.-*10.
-0*10-.-1--..-1-.0*-*0**--1---
-*0***--1*1-*-..-11--1-..0.0-0
1-*-.-1-1..-.-1-11*0*1.*1..-*0
1-.*10...--**.*-.--.-0--.-*1--
---000-11.--*1.*-1*-11-1.-*-.-
0-*0--11*01*--.0*-0-00.*-.*1-*
-----*-1--0.--*1-.*-101***.*-1
---*...*1--.-..-1.-1----.0.*..
---.-1-*---.11..--*1.---*-.00-
--.---1----*1----10--.--1-.0.-
0--1.*--..1-1*--.*....--0--*--
-------**-.*0-00---1-.1**.***.
-1--------.*-1*-*--.*.*0.*.0.*
--*--------0-.---.*11--**1...-

Generation = 10, Population = 280.
-..1.1111--0*-*.**00-.--*.-*0-
1---*10*1-1--0-.--..-10.1.1---
0.1..-0-0.*-0..--00*1*.-.1--0.
-0.--*.-*1*.1.-.*.-.111-.-**-*
1-.1--11-.--.0----1.-*0...0-..
0-1-10.0*1*--*-*--.--.***..-..
111--1-0-*--.-11.1.*1**...1.1-
-1.**.0***1*-*0-.1.**-*1.1..*.
-0.---*-*-***-1-.0*0**.*-1.1--
0.-..*--..*-.1..-.*-*1-*.-.---
*-.-.11-*..1.*.1***-**.**..1.-
*1...-.*.-*....-.-1.---0.-..01
001*-0*11.*1.*.*-**11.0*.1.-.-
01*-0**1.0..--.*.10-**..-..-0*
----1.1110*.01.1-..-1-1*....-.
00*.*....--.1..01.1*---1.*.*.*
0-1.111*-1-*-..*1-*1.1-1.0.--*
--*-0------*.-0------.-*1-*-*1
0-*1.*--..10**1-..*...--0*-.--
--1--11..1*.-0--1*-1-*-.......
1----1-111..1..-.--***.*...-..
0-.-0--001-*-.*0-*.----..1...-

Generation = 12, Population = 254.
*..-.-**1-1**1....-*1*--..-.-*
*-1-*.0.*1*0-0-.-0..-1-.**1001
-.-..--*0.*-*..----...*-*11-0.
--*-1..-*-....-*.*-.1---.-..*.
*0.11-*1*.--.-***--*1.-.**--..
--.-.0.-**.1-.1.*-.*-*..**.1*.
1*-1*.1--.**.-11.*..*...**-**1
--....-.*.*.1.*-.1***-.1.*..**
--.*-1*-*1..*-.-*-.**.*.-..11-
-.-**.10...1**..-**1.*-*.-*011
*-.-.-***..1***...*0.*.*..*1*-
.-..*0.*.-...**1*--.-1--.-..-*
-0*.-0.-*..*....-..1-.***-.1.0
-*.--..*.*..--*..-0-*...-..*-*
-0-*-.1.--..-*.--..-****....1*
0-*.*....-1..*.-1.1*0*-1***...
*-1..-1.-1-*-.*.11.1*-01.-.--*
--.1**-1-*1..0*1--0--.*.11*0.1
-0....0-..--**-*......-1-*-*-1
--.0*..*.-.*1-0*..-.-.-*......
.----.*1**..1*.1.--....*...-..
--.-0-1-*--.-..*0.*----..-...-

Generation = 14, Population = 252.
...-.-*.1-1..1....-.1**-****1.
*---.*-*.1*0-***-0..1*1*...---
-*-*.--.-**-**.*--0*...-*.-*-.
1-.1...**-...*-*..-..-*1.0....
.*..1-.-.*1*.-*..0*.1.-****1*.
00.-.-.-*.***.1*.-.*-*.*.**1*.
*.-**.--0.*..1.*..*..*..*.-..1
--....0...*.*..0.-...*.-*.....
-1..*.*-.....-*1*-*.*..*0..1*-
-*1...*-..*1....0**.*****-*0-*
*1.*.-...**1....*..-...**.**.-
**.**-.**-.....-**-*-.--*0..1.
*-**--.-*.......-..-1.**.-.*.-
-..10.*..*..1-**.*0***..-...**
0*1*1.1*--..-..1-..-...*.*....
*1......*--....-..*.-.0..*....
.0...--.1*0.-.**-*.-**-1.-**-*
--..*.110...*-.-11-11**....-.1
1-...*01*.*1*.1.*.....1.1.-.-.
--.**....*.**1****1.-.**.**...
.11-0*...*.*-..-.0-........-..
--.100*1*--.-****..-1--..-...-

Generation = 16, Population = 249.
...1.1**-**..*....0.-..******.
.01-*.-..1.*-***-0*.1.*....--1
**1..11*-.**.*..-1-**..***-.-*
--.*...****...-...0..-*-*-*.**
.*..1-**.....1...-.*1.-...**.*
00.-*-.*...*..1..-.*-*.**....*
*.-...---.***1**.**.......*..-
1*.*..*..*.***.-.1**..*1....**
-......*.**.*-***1*...***.*1*0
1....*.-.**-....-.*......-.*-*
.....1....*-...*..*1........*-
***..1*..-*...**.*1.-.--.**.-.
.1.**-*-........*.*-.....-*.*-
0...-.......10....0.....1*..*.
-.-.-.-*--..-...-**-....*.....
***.....*1*...*-..**-.0***....
.*...1-.*.*.*...**.1.*-1.-**1.
-1....1.-.*.*-*-110**....*.1*.
1-.*..*..****.**..*.**1*-***0.
*-..*..*.*.*.1....**0..****...
...-*..*.**.-**1*--...***..-..
1-..*-*1*--.-..**..---0..-...-

Generation = 18, Population = 237.
...1**..1*****....-*-.*******.
.0-1..1.**.*0**.0-....*....11*
**-..*-.1*...*..1.1.*.....-.0*
--....*.**..*.-..*0..*.*.*.*.*
**...1***...*-...-*...*......*
00.1.1..****..**.*..*..**....*
..-..*---**....*.*..**.**...*-
1.....*.*...*..-.....*.-*.*..*
0.....*..*..*-*..**...*.*..*.-
1....**-..**....-......*.0..-*
*.**.1*.***-.*..**..........*-
*....-**.-*.......*.-.--*...1.
**...-**....*...***-....*-.*.-
-.*.1..*.....*....-*....-*....
0.**1.-*--*.-***-**-*....*.*..
.**...*..1***..*....1.*****...
*....1-...*...*...*1**1*.-.*-.
-*...*..*....-*--**......**...
*0.*.....*............1**...-.
.-**......*.**.....*-.**......
...-.....*******.******....-..
1-...1.**11*1..**.*11--..-...-

*** Life<Cell> 5x15 ***

Generation = 0, Population = 57.
-00--00-000-0-0
0--00000000-000
0-000000000-00-
000-000-0-00000
00-000-0-000000

Generation = 1, Population = 39.
-11----0-1--101
1-0-1--1--1-11-
-0-1---1-110110
11--1---1-11---
--011-0-011111-

Generation = 2, Population = 47.
-*-00-01---0-1*
--10-00-00*0**0
010-0-0*0*-1**1
*--0*00-*-**0-0
0-1-------**-*0

Generation = 3, Population = 35.
0.1-10-*-1-11-*
10---11--1.-..1
----1-1.-.-*..*
*-01*--0*0..---
1---100-01*.1*-

Generation = 4, Population = 35.
1.--*-0.-*-**-.
-1--1---0*.-*.-
-10-*0*.0*1....
.-1-.-01.-.*000
*01---10-**.*.0

Generation = 5, Population = 23.
-.-0.--.-*-**1.
-*-0---1-..-*.-
0---*-*.-.*....
*1-1.-1-.-..1--
.--1-0---.*.*.1

Generation = 6, Population = 31.
-.11.--.0.-***.
-.-1----0.*-**-
11-1*-**-..*...
**-*.-*1.-..*00
.01*-----..*.*-

Generation = 7, Population = 30.
-.*-.--.1*-*.*.
1*----1-1**-.*1
---**-*.-..*..*
..1..0*-.-.*.11
*--*1-10-....*-

Generation = 8, Population = 35.
1*.1.-0*-.0.***
**-111*--..0.*-
11-**0*.0*.*...
..-..1.-.-...--
.0-**0-10...**-

Generation = 9, Population = 30.
-*.*.--*1.-****
..-***.-1*.1.*-
---*.-.*1.*.*..
**-..-.1.0..*1-
.--.*--*1.....1

Generation = 10, Population = 36.
1.**.00*-*0*.**
..1*..*1*..*..-
110*.0**-.*....
..1..-*-.-.***-
.0-..01**....*-

*** Life<Cell> 28x22 ***

Generation = 0, Population = 50.
000---------0---------
-------------0---0----
----------------------
----------------------
--------0-------------
--0-------------------
-0-----------0--------
---0--0------0---0----
------0------------0--
----0-----0----0-0----
----------------------
----------------0-----
----------0-----0-----
---0--------0---------
----------------------
--------0--0--------0-
----------------------
-0--------------------
-----------0--------0-
----------0-0---------
--0----------0-------0
-----00---------------
----------0-----------
-----------------0----
---------0-------0--0-
-----0----------------
--------------0--0----
--0----0----0---0-----

Generation = 1, Population = 160.
1-10-------0-----0----
000-----------0-0-0---
-------------0---0----
--------0-------------
--0----0-0------------
---0----0----0--------
0--0--0-----010--0----
-00-0010----010-0-00--
---00010--0--0-0--0-0-
---0-00--0-0--0---00--
----0-----0----000----
----------0----010----
---0-----0-00--010----
--0-0-----00-0--0-----
---0----0--00-------0-
-------0-00-0------0-0
-0------0--0--------0-
0-0--------0--------0-
-0-----------------0-0
--0------0-0--------00
-0-0-00---0---0-----0-
--0-0110--0--0-------0
-----00--0-0-----0----
---------00-----010-0-
-----0--0-0-----0100-0
----0-0--0----0-----0-
--0--0-0----00-0--0---
-0-0--0-0--0-000------

Generation = 2, Population = 162.
*0-10-----0-0-0-------
-----------0-------0--
000-----0---0---------
--0----------0---0----
-0----0---0--0--------
0--10-0------1---0----
---1--1-0--0---0---0--
-11--1--0-00---0-0-1--
-0--1---0----1---0---0
--01----0---0--00--1--
------0---1-----1--0--
---00-----1-0-01-10---
--------0---1-0---0---
-0---0--0-11--0-1---0-
----------0-----0-----
-0-0--0--11-10----0---
-----------1--------1-
---0----0-010-------1-
--0------0--------0--1
-0---00-0-0-0-0-------
0---0-----1----0---010
---01--10-1-0----0----
--0-----01--00---1--00
------0--------0---0--
-------0--10--00-*11--
--00--------0---00----
---------0--1--100-00-
0-0-0--0-00-0---0-0---

Generation = 3, Population = 315.
.1-*10---0-0---0---0--
--000---0---0-0---0-0-
1--0---0-0-------0-0--
0010--0-0-0--10-0-0---
---00010-0-00-0-------
--0-1--00-000*000-00--
00-*--*-10-101010-010-
0-*----0--1-0101-1-*00
010----0-000--0--10-0-
--1*--001000--01--0*00
--0-00-000*0--00*--10-
--01100-00*-1--*1*----
-0-000-010--*---1-100-
0-0-0-001--*-01-*000-0
---0-00-0---0000100-0-
0---00-00*-0*10-00-00-
-0----0-000*00----00*0
----0--0-01*10----00*-
-----00-0-00--0--0-0--
-----11--01-------000-
----1-00-0-0----0001-1
0--1-11*-0*-1--00100--
-0--0-0--*-0-1000*0-11
--0--0--000000-10--1-0
--00----00*1-01-0*--0-
-0110--0-00-1000-1--0-
0--00--001-0-00*--0110
-----00---1-10--10--0-

Generation = 4, Population = 150.
.-1.*10---------0-----
0-1------0-----------0
*-0---------00--------
---1--1------*---0----
000-1-*------------0--
0---*-0---1--.-1------
-1-*-0*--1-------0----
--.----1-0*--*--0*-.-1
--1-----0------00----0
0-*.--1-*--1001----.-1
-0--------.--0--.-----
---*--1-1-.0*0-.-.----
------------*-0----11-
-0--1--1*-1*---0.1----
-----------0--------1-
----1--1-.1-.--0----1-
--0-------1.-1--0---.1
-0-0--0----.*-------.-
-------0--1----00---0-
------*----0--0-00--1-
0-----1----------1-*1-
--0--*-.-1.-----------
------1--.-1-----.--*-
--1----0--1--1--11---1
--1--0----.--1---*1-1-
-1*--001-1--*---0*----
-------------11.-01--1
0--0-11-0--0*---*1--1-

Generation = 5, Population = 280.
.1**.-10-0-----0-0---0
1--0000-0-0-00--0---0-
.-1---0--0-01-0--0---0
-01--0*0-----*0-0-00--
--10*-*0--0--0-0-00-0-
100-*0-0---0-.0-00-0--
---.01*-1*0--1-1-10--0
-1*0-1--0-*00.0--*0.0*
01*0--1-1-000--1----0-
-0*.-0--.00*-1*-0--.0*
---0------.-0---.----0
-00.10---0.1.--.-.-00-
-0-00-00--00.0---01**0
0-00-00*.-**----.-00--
-0------0-010----0-0*0
--00-00-0.*-.10----0*-
----0-00-0**--0--0--.-
0-0-00-----*.--0----.0
-0-0--0-00--0--1---011
0----1*-----00-0--0--0
-00---*0-0-0--0--*-*-1
00-11*1.0-.0-----1-0--
---------.--01--0.-0.-
-0*0-0--00--0*01*---0-
---001---0.--*1-0.*---
0**10--*--00*0001.0-00
0000---001-01***01*1--
-00--**--011*-00*--0--

Generation = 6, Population = 273.
.***.--10---000-0-0---
--1---10---0-1---0-0-0
.-*-00----01--100--0--
01*--1.-0000-.-0---1-0
00*-.-.100--01-------0
*--1.--1-01-0*--11---0
0--.--.0-.-1----0*---1
--.-0*11-0.1-.-10*-.-*
1-.-10--*01---0--100-0
--..0---.11.-**1-0-.-*
--0-------.0--0-.--101
0-1.-1-01-.*.0-.-.---0
-1------1--1.-0-11*..1
--1-111.*0..-0--.1-10-
--0-----1-1*1-0-1-01.1
--1111-11..0.*-0--0-.-
0---1--101.*0-1-0-00*1
-0-0-1000--**--100-0.1
0-0--01-111-1-0-0--1-*
-0000*.-0----1010--0--
0-1-10.10--1----0*0*-*
1-0*-*-.--*1-00--*--00
0-0-0-1--*------1*01*-
01*-01001-10-.1-*10--1
0-111-00-1.10.*--..1-0
-..---0*-111.--1*.-011
-----0-----1-...--.--1
----0.*----*.0-1.--11-

Generation = 7, Population = 290.
.***.---10--111--0---0
----0-*----10*000-01--
.-*-1--00--*1-*11-0-0-
-*.1-**--11--*-1--0*-1
11.-.0*-110---0000-00-
*---.-0-0-*0-*01--0-0-
11-.01.-1*-*-1--1.0-0-
--.0-.--01.*0.-*1.-.0*
-1.0*---.-----11-*-1--
0-.*1---*--*0*.*-1-.-*
001000-000.1001-.00*-*
-0*.1--1-0**.-0*1*00--
--0-0-0---0*.0--****.*
--*-*-*.*1..--1-.*--10
-0----0--0***--0-0--.-
00--**--*..-..--00-0.-
--00*0-*-*..-1--10-1.-
0-0-0-1110-..00*-10-.-
--10-1-0*-*0*01---0--.
01--1..---10-*1-1---1-
10---1.*-0-*0----.-*1*
--1.-.-*0-*--1100.00--
-0-01-*--*0--1-0-.1-.1
1-.01--1*-*--**-**-1-*
10---1110*.*1**--..*1-
0..10--*---*.--*..0--*
------00-1--1.**0-.-1*
---0-*.0--1.*---.-0**-

Generation = 8, Population = 253.
..**.-11*10--*-----00-
-0--1-.--00--.-1-0-*-0
.-*0*-011--.--.-------
-*.-0..-0----*--0--.--
--*0*-.--*1--1---1----
.0--*01---.--*1-1-10-0
-*0.1*.0*.0.0*-1*.1---
0-.10*-1--.*1*-.-.0.-*
--.1.0--*0----**0*----
10..*---*-1*1..*---*0.
-1*1-1--1-.*11-0.11*-.
--..---*1-...0-.*.-10-
------1-10-**-0-.....*
--*-.-*.*-..0---..--*-
-1----101-**.0--1-01*1
1---..--*..0*.---1-1.-
----.-0.-*..0*---10*.-
----1-*-*--*.11*0---.-
---1--1-.1.1.-*-0-111.
-----*.-0--1-.---00-*-
------**0--.10-0-*-.**
10-*1*-*1-.----11*----
--0---*00.110--11.*1.*
*1.---0-.-.--..1**0*0*
*11-1*--1*.*-..-0*.**0
1*.*1-0.--1*.00.*.--1*
0---0-11----****11*--*
--0--..10--*.001.11**-

*** Life<Cell> 23x6 ***

Generation = 0, Population = 50.
------
--00--
---0-0
0----0
-0---0
-0-0--
------
-0----
00-0-0
0---0-
-00-0-
-00---
00----
00--0-
--0---
-00---
00-0--
0---0-
---0-0
0000-0
0-0-00
---0-0
-0-0--

Generation = 3, Population = 77.
-00-0-
0-10-0
0-0*0*
11---1
-10-01
*10-0-
--0*--
1*0-10
--00*0
*-*0-0
-010**
1.--*-
1.---0
----0-
--1*-0
1----0
--0-00
10--01
0-1-**
11.--1
1*--.1
*01-0*
*-1---

Generation = 6, Population = 68.
-*1---
*1.0-.
0--.0*
***---
0.-10-
..*0-0
--.*--
.*10*-
1--1*1
*-.1*0
0.*-..
*.--**
*.0-1-
--*11-
1-..11
1-1*00
001-0.
-.-1-*
----*.
*1.1-1
.*--**
..1--*
***-.-

Generation = 9, Population = 66.
-*.*--
.*.1-.
1.-..*
*..1-1
.*-**1
*.*11-
--.*01
..--*-
.-1*.1
*1*-.-
0**-*.
..1-..
..--*-
00*-.*
**.*.*
1.**-0
-0111.
1.1--.
-0--.*
.1*11*
..-1.*
*.*11*
...-.*

*** Life<Cell> 25x30 ***

Generation = 0, Population = 70.
-------------------------0----
0---------0----------00---0---
----0---------------0----0----
-----0------0-----------------
--------0------0-0------------
----0--00-------------0-------
---------------0--------------
-----------0-------------0---0
-0-------------------0----0---
-00-----0---00----------------
-----------0----0------0------
--------------00-----0--------
----------------0-------------
------------------0-----------
---------0-----00-----0-------
----0----0--------------0-0-0-
--0---0---------0----0--------
------------------------------
-------0--0----------0--------
-----------0---------------0--
------0---------0----0--------
-------------0----------------
0-------0--0--0--------0----0-
--0---------------------0--0--
-------------0----------------

Generation = 5, Population = 364.
0-00-00-*00------1-0*---010-0-
1-.0001-*--0-0-0--11-.-1--0---
1-1---0-1-00---1--1-0-*-110-01
-*0-----.--1-0--10-0-00-----01
0--0.----0-1--0-0--.000-0*10-0
0----0---.*-1*0-00-0-11---0---
-10-*--0--000000-0-11----100-0
-1---*-----0-------00-110-----
-*0-0--0-------**-0--0*00100-0
*11-1---0*00*1-01-*-01-0-1-0--
-*0-00-1---0*..1.01-1-100----0
--10-0000-10---1111.0-0.--*011
0--000-00100*-1--0*0-01-00*000
0--0-00--.0011**10-0----------
001-0*--01-1-.11**--1-0--0----
*0.-0*1--10.---*--0-**.-*---0-
1--0-0--0..0-0111--1-*.---00--
--00--0---0---0000-00000----1-
-0---0--..---00--1---0*-----*-
00-0-00--.--00010---00-*00*-11
--0-00---0*.*10-1-1111000--000
------0-0------0-1-00---00-00-
1-.---0--..-*1--0-110-0-100*--
*--0-0100001-*00000--00--1--11
.00--01-1*-100--*10----1---01-

Generation = 10, Population = 313.
--.-*--..**--00*--01.***.--*-*
-*.-...1.-*1-0-*1--.-.-.*.-10*
.*.-*.*0.1*.*-..-*.--0*-.---*1
-.-.1-*0.--*00*1111-10.-.*1--.
--.1.-.-*-***.-0-**.*0.0*.**-*
*0-*1--.1.*-1..110-----*.*0--0
1--1.1*0.-0-1.*..*-..0.11*-110
--.0..*.00-*.---.----**.*0--*0
0*-.*0.0-------**-*-0*.*..010-
.1.*1*--**0.**1.11..1*101*.--0
*.**10..---....**-.1.****-*-.*
10--0.*-...*.1**--..-.1**-...*
-**.-1-.*.0-.-.0**.0..-1.-*..1
-0**-----.--.*....-*-1--.-*-1*
.-.01*..1-.*0.1-..1..*0.---1.-
.0.01*.*--..0--*-*-*...1**-*1-
.--*1.-.-..*...**-0..**.1-**1-
-1-*1*-01*0----**0----...0-0..
1*.-.11-..1--0-..**---.0*-*..-
.01..*1*..--11-.-0-----.*-.*..
-11..--*.-..**-..1*.-.-...01.-
----.-.1-1.00---0-0.*.-1*--.-0
.-.01-.0...0*--*.--.**.0.0...-
.-1-1--*..-*1.-.1**1--1-*..-*.
...00*.0**---1-...1-1*11*---1-

Generation = 15, Population = 301.
--*-**-.***.10-.-**......--.1.
1**-.....1.*..-...-*-.1...-1*.
..*1****.*....*.1..--*...--1**
.*0..*.1.-**--..11-*--.**.-1*.
1....0*1...*..1.-*...*.-....-.
.--...1...*11..1**-*.*1**.0***
**.*....*-*1......-.*..-*....*
-..***.**1-..-*1**01-...*00.*1
*.**.0*0*0**11*.*-.-0..*..-*-*
*...-***..**..*..*..-..-....-*
........--1....**1.-..*..*...*
10.0-.*-*....***-1.**.*..-.**.
....1--..*-0.**-.**.**1..**..-
1-****.1-.-..*...**.1.01.-*-..
*-.1..*.....-*--..*...-..--..-
.0.****.**..*.*.1*0*...**.**--
*--*..*.-.*.....*0****...-..1.
1***..*.***--1*.*-.-*....**-..
.*.*.*1-.*.--.*...*.1-*-..*..-
.-**.*....*1-...*---0.-...**..
-*-*.*-*.-*..****.*.*.1*..-**1
*.*-.**--1.-*-0*-***..*1*-...-
....1-.0***.*-1*.01....-*1.*..
.*-1.1****-.-.*.....--.-*..*.*
..*.1..-**-*1-**...-...1.-0-*1

*** Life<Cell> 14x18 ***

Generation = 0, Population = 30.
--------------0---
---0---0--0---0---
---------------0--
----0-------------
------0-----0-----
--0--------0------
0----------0---0--
--------0---------
---0-----0---0----
0-0------------0--
-0---------0------
--------0---------
-0-00--00---------
-----0------------

Generation = 2, Population = 69.
------------0-*10-
-0--1---11------0-
------0-----000--0
---1--10--00--0---
0---1---0-00--0---
1-------00---0----
0-10--0-----10---0
1-----0---01---1--
1----0-0----------
--0-0--------1---0
-0-00--01---------
0-0--00---0----0--
--0*-----100------
---1-0-11---------

Generation = 4, Population = 72.
------0---0-00.---
--1---1-..----1---
0-------------01-0
1-----------------
--00----*10--0*-0-
--11--1---0---0---
-0.-1--1----.----0
--------0--.0-----
*1-0001-10--01---1
1---*00----------0
00---0-*.--0------
---10*--*---0-----
1-0.*0---.-*10----
000*---**0-----0--

Generation = 6, Population = 92.
0---0-*----0-*.--0
------.-*.--1-*-1-
*--0--*-00---10*--
.-1*----1-1---0---
-----011.10--*.00-
-01--1--------*-1-
1-.-1----01-.0101-
---101*----.-----0
**------1----.1--*
----.00-1------0-*
0*-*---*.0-0-0---1
---.-.-0.1----00-0
*1-..-1*0.*..*11--
0--*-1-.**1111-0-0

Generation = 8, Population = 101.
0--1--.--0--*..1--
--11--*-..--1-*-1-
.10*--*-*--01*-.0-
*1..--1-.-.-01-11-
1--1-01*.*0--..*01
1-.--.110-1---.011
-0.-.1*--*.*.*.---
11-.*-.----*110-0*
.*-----1.--0-.--1*
1--1.---.00---0-0*
-.-.1-0*.*0----0-1
-01.1*10*.-----00-
*.-..0..0**..*..1-
*0*.--0....1-1----

Generation = 10, Population = 114.
---*--.---11**.100
1--.--.-*.--1-*-*-
*-*.11*-.-1*1.0.01
.1..--11*-.00--1.-
-0-11--...-11*.*--
*-*-0..**-.1--*0.1
*-.1.*.1-..*...--0
..-.*-.1-1-*-**1-.
*.--*---**0*0*--*.
10--.-*0.0--0----.
*.1.*10*..0-0--*-.
0-..1.**..10-1-00-
*.-****.0****...*1
.0..01-..**1-*-11-

Generation = 12, Population = 101.
101.1-.-11*1*...--
.1*.-1*-..----.-.-
.*..*1*0.-....*.0*
...*00--*1.-*--*.-
1*1*1--...-..*.*-*
*-.1*..**-.101*-..
**.1...--..*...-*-
**0*.-..-**.-.**-.
**-*.**-..-.*.1-*.
.-01.-*0*-------1.
*.1**1-...--*-1*-.
0*..1.....*-1100-1
**-*....**........
.0.*0--....1-.0.10

Generation = 14, Population = 104.
*--.--.1*1*-....-1
.*..-1.0..1-*0.0*-
**...-.*.*..*..**.
**..0--1...*.-1*.-
-*1..11..*-.*..*-.
.**....*.-.-0.*0*.
..*-*..*1..*...-*-
..0.**..-...-...1*
..-..**-*.-....-**
*10..-.0.*000-0-*.
**-..*-.***-*1-.0.
*...***.**.----0-1
**1*.....*****..**
.***-*0...*-*.-.*-

*** Life<Cell> 21x23 ***

Generation = 0, Population = 86.
-0-----00-----------0--
---0---0---------------
---0------------------0
----------------00-----
-----0----0-0----00--00
00---------0-----------
------00---------------
---0--0---00---0-------
---000----00-0-0-----00
------0-0-------0-0-0-0
----0--0-----0-------0-
-00--0--------------0--
--00-00--------00--00--
------0----------------
--0--0---0----0----0---
--0-----------0-0-0----
-00-----0--------0--0--
------0-------0--0---0-
----0------0-0--0------
----0-------------0----
0--------0------0------

Generation = 1, Population = 181.
0-00--0-10---------0-0-
-0010-01------------0-0
--010--0--------00---0-
---0-0----0-0--01----0-
00--0-0--0-0-0----10011
110--000---------00--00
00-0-0-10-0----0-------
--01--1--0--00010----00
--0--10-00-----1--0--1-
---0---0-000----------1
-000--------0-0-0-0-0--
01---1-0-----0-00---1--
---1---0------011001-0-
---0-010-0----000---0--
-0100---0-0--0100---0--
---0-0--00---01--0--0--
01-0--00-0-------1-0---
-00-00-00--0---0-10---0
---0100---0----0--0--0-
0--010---0-0-0---0-0---
-0--0---0-0----0-00----

Generation = 2, Population = 192.
-0---010*10-------0-0--
-1-------0------00-----
-------10-0-0----10--1-
00-1---0---0--01--00---
------1-0-0-0-000------
*-1---1--000-0-001-----
---1-1--10-000-1-00----
0---00*-01-01---100-0-1
-0100*-011-000-*-0-00*0
-00100--0--1--000---0--
----00---00--0-01---100
1---0--10-------1---*--
000*0---00---------*--0
-0--01--0-----1-1-0-1--
01--100-1--00--1---0-0-
0---0-------0----10-10-
1-01-01--100-0000-0---0
--1-----1---0-01-------
00----1-0--0-001001-0--
--0-----------0-01--00-
--0-1--0-0---00---1----

Generation = 3, Population = 253.
010-01--**10----0----0-
0*0--00-010-0--01-0-00-
0--1--0-10-0-000----0-0
11--0--10-0-00-----100-
-000-0*0-01--0----10---
.-----*00-1--1011------
----0*01-1011--*-1-00-0
--01--.01*-1*0-1*--010*
--*1-.01---1110.-101-.-
0-1*-10-10-*-01------0-
000-1-00011-0-0-*0-0*-1
*-0---0*-00--0--*0--*--
-1-.1---110---0----*00-
0---1--0---000-0------0
--10*11-*001-0---00--10
--0-10--00001-1--*-0*--
*--*01*0-*-1-11111100--
--*--0-0*-00--1*01--0-0
110--0--100-01-*11*-1--
0-101-0000-0-0-0--00-10
-01--00---0-01-00--000-

Generation = 4, Population = 209.
-*--1--0*.*1----100--10
1.------1--------------
-0----11*---------0----
---1--0---1011-1----11-
---101.1-1*0---000*--1-
.11000.-1------**-0-0-0
--0-1*1*--1*-0-.-----01
-0---0.1-*0*.-0-.0-1*-*
00.*0*--1-0**--.-*---.0
10*.0*1---0.--*00-0----
1-10-0111--0--1-*--1*0-
*-10-1-.-110--00*-00.-0
0--**000**--00--100*11-
--0-----0-0---1-1000101
01--.**0.11*-1-10-1--*-
001-*10---1-*-*--.--.-0
.10.1-.--.--0*-**--1100
--*---0-.----0-.-*0----
--1--1-0*1--1-0.**.0*--
1-*-*---1-------0-----1
-1---1--0--01---10-----

Generation = 5, Population = 251.
-.00-111**.*0--0*-100*1
-*--0-01-100----10---00
--01-0--*00000-0-1-001-
-10*--110--1-*-*-0-1*-0
-0-*1-.-0*.--0011-*00*-
.**1-1.0-----10*.11---1
-011-.-*---*---*010001*
-1-10-.*1.-..--1.1-**0*
-1.*1.---11.*1-.-*-10*1
*1..-.---01.00*--0--001
-0*-11*-*-1100--.00-*1-
*--10-0.0-------.0-1.0-
110..1--..0-110-*1-.*-0
----1--01-1-00-0*1-1*-*
--1-*..1**-.0--*-0*--.0
----**----*0.-.0-*00.01
*-1.*-*--.01-.1**--*---
--*00---*0--01-.0.10-00
11-0--11**00-1-**..1.00
-0*-*0-----0--00-1-001-
------001001*1-0-11---0

Generation = 6, Population = 232.
-.111***.*.*1001*0*--.-
1*01-----*1100-0----01-
-0--0-11.11----10---1-0
1-1.--*-10-*1.0.110*.--
0--.*-.1-*.0011-*-.11.1
*..*0-*1-0-00-1..-*0-0*
01**-.1*--1.10-.--111*.
0-0*-0.***0**00*.-0..-.
--.*-.-1---.*--.0*---.*
**..-.1---*.1-*00---1--
1-*0--*-*1--1---*111.*-
*11*--1.11-0--0-.-0-.1-
--1..--0*.1--*11.*0..11
00-0*-1--0*-1-1-.*0**-*
-1--*.*-..1.1-1*01.00.-
0--0*.-00-.-*-.-0.1-*1-
.-*..1.00.---**..-1.1--
--.1-0--.-001--.-.*1---
*--11-*-..--1*0....-.1-
--*0*10---0--0110*0---1
-11-1-1----***01--*-0--

Generation = 7, Population = 219.
0.-*-**.**..*1-**-.00.-
*.1-00--1.**1-0-1000-*-
010----*.*-0-0----0-*1-
*1-*-0*-*11.-.1.*--..--
-00.*1.*0*.1--*-*-.**.*
*...--.*-11-1-**.1.1--*
1-..-.-.-1*.*-0*-1**-**
11-.--...*1..1-**-1.*0.
-1.*1.-*-1-..--.-*--0..
**.*-.*-1-..--.-100---1
--.-11*-*---*0--*-**.*1
*--.01*.*-1---1-.0--.--
-1*.*-01..*--.-**.1..--
1-01*-*--1*-*0-0..1..0*
0*10..*-*.*.---.1-.-1.0
---1*.---0.0*-.-1.*0.*1
.1*..*.--*010*...1-.*--
0-**01-0.01--1-.-.**-0-
.1-*--*1..---.-.*..1.--
1-.1.-10-0--01-*-*-00--
0*-0*1*0---**.1---*--00

Generation = 8, Population = 234.
1*-*1******.**0**-.-1.-
*.*11---*...---0--1--*0
1*--0--*..-10-0---10*-0
.*-*0-.-.-**-**..10..10
0-1**-..1..--1*1*-****.
*...01**1*-0*-...*.---*
--..-.-.1*..*0-.0-..1.*
--0.0-....-*.-0*.-*..-*
0-.**.-*1*-..1-*0.011..
**.*0.*0*-..10.0-1--1-*
-0.--*.-*111.1-0*-.*.*-
.-1.1*..*-*00---.-01.10
1**..11**.*01*-**.*..11
*-1**-*--**-.1-1..**.1*
-.*1...-*...-1-**1*--.-
0-1-**0--1.-.-.0*.*1..-
.*...**00.1*1*...-1..00
--..--01.----*1.0***0-0
*-1.--.*.*0-1*-.**.-.1-
*0.-.-*1--0--*1*0*0-1-1
-*--*-.-100**.----*--11

Generation = 9, Population = 204.
-*1.******...*-**0.0-*1
...**-01..*.-001-0*-0.-
-.-1-01...--101---*-*--
..1.10.1.1**1...**1..--
10*..-*.*..---.-*-.**..
.*..--*.-.-1.1...**1--*
1-.*-.1.-*...1-*--..-.*
11-.10.*..1..11..1*.*0.
1-....-.**1..*0.1.---..
**.*-.*1.0.**1.----0*0.
-1.01..-.-*-.*--*-.*..1
*1***....1.--0--.0--.*-
-....-*.*..1**-**....**
*0*.*1*-1.*-.---...**-*
-..-..*1*.*.1*-..-.0-.0
-0*1*.--0-*0.-.-...*..1
.*..*..11***-*...--..1-
00..---*.0-01.**-..*1-1
*1-.--...*--*.0....1.-0
*-*-.1*--0--0.-*1.----*
-*10.1.-*-1***111-*0-*-

Generation = 10, Population = 213.
1.*.*...**...*0*.-.-1**
.....-1-.*..-11-1-.01.0
-.-*---.**---1--01.-.1-
..*.*-.-****-..**.-.*--
*1**.-*.**.-01.1*0..*..
....-1*.1.1-***.***--0.
*1*.-.**1.*..-0.0-..1.*
**0.*1**..*.**-.**...1.
-1*.**0...-...-*-*01-..
**.*-..*.1.*.*.---0-*1.
1-.1-*.1*1*-.*10.-**..-
**..**...-*0--10.-01**0
-....-*.*.****-.*.....*
.-...-.0-.*-.--1...**1*
0..1..*-*.*.*.1..-*--.-
0-*-**00-1.-.-.-....***
....*..-*...1**..--*.-0
-1*.0-0*.-1--.**0..**0*
.--.-1*..*0-*.1.*..**1-
*-.-*-*1-1---.1.-*0---*
-**1***0.0****-*--.1-.-
